[ 2016-05-05T00:06:08+08:00 ] 127.0.0.1 /Home/Article/part2
INFO: [ app_init ] --START--
INFO: Run Behavior\BuildLiteBehavior [ RunTime:0.000042s ]
INFO: [ app_init ] --END-- [ RunTime:0.003640s ]
INFO: [ app_begin ] --START--
INFO: Run Behavior\ReadHtmlCacheBehavior [ RunTime:0.004211s ]
INFO: [ app_begin ] --END-- [ RunTime:0.004315s ]
SQL: SHOW COLUMNS FROM `yp_category` [ RunTime:0.0035s ]
SQL: SELECT `cat_id`,`cat_name`,`url` FROM `yp_category` WHERE `is_show` = 0 AND `cat_pid` = 0 ORDER BY sort_order LIMIT 6   [ RunTime:0.0015s ]
SQL: SELECT `cat_id`,`cat_name`,`url` FROM `yp_category` WHERE `is_show` = 0 AND `cat_pid` = 0 ORDER BY sort_order LIMIT 6   [ RunTime:0.0009s ]
SQL: SELECT `cat_id` FROM `yp_category` WHERE `cat_pid` = 4  [ RunTime:0.0006s ]
SQL: SHOW COLUMNS FROM `yp_article` [ RunTime:0.0015s ]
SQL: SELECT * FROM `yp_article` WHERE `status` = '0' AND `is_show` = '0' AND `cat_id` IN ('7','8','9','10','11','4') ORDER BY article_id desc  [ RunTime:0.0138s ]
SQL: SELECT `cat_name` FROM `yp_category` WHERE `cat_id` = 7 LIMIT 1   [ RunTime:0.0004s ]
SQL: SHOW COLUMNS FROM `yp_source` [ RunTime:0.0008s ]
SQL: SELECT `sre_name` FROM `yp_source` WHERE `sre_id` = 1 LIMIT 1   [ RunTime:0.0003s ]
SQL: SELECT `cat_name` FROM `yp_category` WHERE `cat_id` = 8 LIMIT 1   [ RunTime:0.0004s ]
SQL: SELECT `sre_name` FROM `yp_source` WHERE `sre_id` = 1 LIMIT 1   [ RunTime:0.0003s ]
SQL: SELECT `cat_name` FROM `yp_category` WHERE `cat_id` = 7 LIMIT 1   [ RunTime:0.0002s ]
SQL: SELECT `sre_name` FROM `yp_source` WHERE `sre_id` = 2 LIMIT 1   [ RunTime:0.0002s ]
SQL: SELECT `cat_name` FROM `yp_category` WHERE `cat_id` = 7 LIMIT 1   [ RunTime:0.0002s ]
SQL: SELECT `sre_name` FROM `yp_source` WHERE `sre_id` = 1 LIMIT 1   [ RunTime:0.0002s ]
SQL: SELECT `cat_name` FROM `yp_category` WHERE `cat_id` = 10 LIMIT 1   [ RunTime:0.0002s ]
SQL: SELECT `sre_name` FROM `yp_source` WHERE `sre_id` = 3 LIMIT 1   [ RunTime:0.0002s ]
SQL: SELECT `cat_name` FROM `yp_category` WHERE `cat_id` = 9 LIMIT 1   [ RunTime:0.0002s ]
SQL: SELECT `sre_name` FROM `yp_source` WHERE `sre_id` = 1 LIMIT 1   [ RunTime:0.0002s ]
SQL: SELECT `cat_name` FROM `yp_category` WHERE `cat_id` = 11 LIMIT 1   [ RunTime:0.0002s ]
SQL: SELECT `sre_name` FROM `yp_source` WHERE `sre_id` = 2 LIMIT 1   [ RunTime:0.0002s ]
SQL: SELECT `cat_name` FROM `yp_category` WHERE `cat_id` = 7 LIMIT 1   [ RunTime:0.0002s ]
SQL: SELECT `sre_name` FROM `yp_source` WHERE `sre_id` = 1 LIMIT 1   [ RunTime:0.0002s ]
SQL: SELECT `cat_name` FROM `yp_category` WHERE `cat_id` = 8 LIMIT 1   [ RunTime:0.0002s ]
SQL: SELECT `sre_name` FROM `yp_source` WHERE `sre_id` = 2 LIMIT 1   [ RunTime:0.0002s ]
SQL: SELECT `cat_name` FROM `yp_category` WHERE `cat_id` = 7 LIMIT 1   [ RunTime:0.0002s ]
SQL: SELECT `sre_name` FROM `yp_source` WHERE `sre_id` = 2 LIMIT 1   [ RunTime:0.0002s ]
SQL: SELECT `cat_name` FROM `yp_category` WHERE `cat_id` = 7 LIMIT 1   [ RunTime:0.0003s ]
SQL: SELECT `sre_name` FROM `yp_source` WHERE `sre_id` = 1 LIMIT 1   [ RunTime:0.0002s ]
SQL: SELECT `cat_id`,`cat_name`,`url` FROM `yp_category` WHERE `is_show` = 0 AND `cat_pid` = 4 ORDER BY sort_order  [ RunTime:0.0003s ]
INFO: [ view_parse ] --START--
INFO: [ template_filter ] --START--
INFO: Run Behavior\ContentReplaceBehavior [ RunTime:0.000120s ]
INFO: [ template_filter ] --END-- [ RunTime:0.000207s ]
INFO: Run Behavior\ParseTemplateBehavior [ RunTime:0.028516s ]
INFO: [ view_parse ] --END-- [ RunTime:0.028638s ]
INFO: [ view_filter ] --START--
INFO: Run Behavior\WriteHtmlCacheBehavior [ RunTime:0.003510s ]
INFO: [ view_filter ] --END-- [ RunTime:0.003573s ]
INFO: [ app_end ] --START--
INFO: Run Behavior\ShowPageTraceBehavior [ RunTime:0.007858s ]
INFO: [ app_end ] --END-- [ RunTime:0.007958s ]

