[ 2016-05-04T20:37:00+08:00 ] 127.0.0.1 /
INFO: [ app_init ] --START--
INFO: Run Behavior\BuildLiteBehavior [ RunTime:0.000054s ]
INFO: [ app_init ] --END-- [ RunTime:0.003773s ]
INFO: [ app_begin ] --START--
INFO: Run Behavior\ReadHtmlCacheBehavior [ RunTime:0.003953s ]
INFO: [ app_begin ] --END-- [ RunTime:0.004069s ]
SQL: SHOW COLUMNS FROM `yp_category` [ RunTime:0.0499s ]
SQL: SELECT `cat_id`,`cat_name`,`url` FROM `yp_category` WHERE `is_show` = 0 AND `cat_pid` = 0 ORDER BY sort_order LIMIT 6   [ RunTime:0.0081s ]
SQL: SHOW COLUMNS FROM `yp_article` [ RunTime:0.0123s ]
SQL: SELECT * FROM `yp_article` WHERE `is_top` = 0 AND `status` = 0 AND `is_show` = 0 ORDER BY article_id desc LIMIT 3   [ RunTime:0.0131s ]
SQL: SELECT * FROM `yp_article` ORDER BY add_time desc LIMIT 5   [ RunTime:0.0043s ]
SQL: SELECT `cat_name` FROM `yp_category` WHERE `cat_id` = 5 LIMIT 1   [ RunTime:0.0023s ]
SQL: SHOW COLUMNS FROM `yp_source` [ RunTime:0.0047s ]
SQL: SELECT `sre_name` FROM `yp_source` WHERE `sre_id` = 1 LIMIT 1   [ RunTime:0.0002s ]
SQL: SELECT `cat_name` FROM `yp_category` WHERE `cat_id` = 3 LIMIT 1   [ RunTime:0.0001s ]
SQL: SELECT `sre_name` FROM `yp_source` WHERE `sre_id` = 2 LIMIT 1   [ RunTime:0.0001s ]
SQL: SELECT `cat_name` FROM `yp_category` WHERE `cat_id` = 8 LIMIT 1   [ RunTime:0.0002s ]
SQL: SELECT `sre_name` FROM `yp_source` WHERE `sre_id` = 1 LIMIT 1   [ RunTime:0.0001s ]
SQL: SELECT `cat_name` FROM `yp_category` WHERE `cat_id` = 7 LIMIT 1   [ RunTime:0.0002s ]
SQL: SELECT `sre_name` FROM `yp_source` WHERE `sre_id` = 2 LIMIT 1   [ RunTime:0.0001s ]
SQL: SELECT `cat_name` FROM `yp_category` WHERE `cat_id` = 7 LIMIT 1   [ RunTime:0.0001s ]
SQL: SELECT `sre_name` FROM `yp_source` WHERE `sre_id` = 1 LIMIT 1   [ RunTime:0.0001s ]
SQL: SELECT * FROM `yp_category` WHERE `is_show` = '0' AND `cat_pid` <> '0'  [ RunTime:0.0030s ]
SQL: SHOW COLUMNS FROM `yp_article` [ RunTime:0.0005s ]
SQL: SELECT * FROM `yp_article` WHERE `cat_id` = 7  [ RunTime:0.0014s ]
SQL: SELECT * FROM `yp_article` WHERE `cat_id` = 8  [ RunTime:0.0006s ]
SQL: SELECT * FROM `yp_article` WHERE `cat_id` = 9  [ RunTime:0.0030s ]
SQL: SELECT * FROM `yp_article` WHERE `cat_id` = 10  [ RunTime:0.0005s ]
SQL: SELECT * FROM `yp_article` WHERE `cat_id` = 11  [ RunTime:0.0005s ]
SQL: SELECT * FROM `yp_article` WHERE `status` = 0 AND `is_show` = 0 ORDER BY article_id desc LIMIT 5   [ RunTime:0.0011s ]
SQL: SELECT * FROM `yp_article` WHERE `status` = 0 AND `is_show` = 0 ORDER BY hits desc LIMIT 5   [ RunTime:0.0008s ]
INFO: [ view_parse ] --START--
INFO: [ template_filter ] --START--
INFO: Run Behavior\ContentReplaceBehavior [ RunTime:0.000251s ]
INFO: [ template_filter ] --END-- [ RunTime:0.000332s ]
INFO: Run Behavior\ParseTemplateBehavior [ RunTime:0.045767s ]
INFO: [ view_parse ] --END-- [ RunTime:0.045857s ]
INFO: [ view_filter ] --START--
INFO: Run Behavior\WriteHtmlCacheBehavior [ RunTime:0.003726s ]
INFO: [ view_filter ] --END-- [ RunTime:0.003796s ]
INFO: [ app_end ] --START--
INFO: Run Behavior\ShowPageTraceBehavior [ RunTime:0.006279s ]
INFO: [ app_end ] --END-- [ RunTime:0.006393s ]

[ 2016-05-04T23:10:56+08:00 ] 127.0.0.1 /
INFO: [ app_init ] --START--
INFO: Run Behavior\BuildLiteBehavior [ RunTime:0.000115s ]
INFO: [ app_init ] --END-- [ RunTime:0.003979s ]
INFO: [ app_begin ] --START--
INFO: Run Behavior\ReadHtmlCacheBehavior [ RunTime:0.004203s ]
INFO: [ app_begin ] --END-- [ RunTime:0.004355s ]
SQL: SHOW COLUMNS FROM `yp_category` [ RunTime:0.0117s ]
SQL: SELECT `cat_id`,`cat_name`,`url` FROM `yp_category` WHERE `is_show` = 0 AND `cat_pid` = 0 ORDER BY sort_order LIMIT 6   [ RunTime:0.0009s ]
SQL: SHOW COLUMNS FROM `yp_article` [ RunTime:0.0013s ]
SQL: SELECT * FROM `yp_article` WHERE `is_top` = 0 AND `status` = 0 AND `is_show` = 0 ORDER BY article_id desc LIMIT 3   [ RunTime:0.0100s ]
SQL: SELECT * FROM `yp_article` ORDER BY add_time desc LIMIT 5   [ RunTime:0.0146s ]
SQL: SELECT `cat_name` FROM `yp_category` WHERE `cat_id` = 5 LIMIT 1   [ RunTime:0.0004s ]
SQL: SHOW COLUMNS FROM `yp_source` [ RunTime:0.0076s ]
SQL: SELECT `sre_name` FROM `yp_source` WHERE `sre_id` = 1 LIMIT 1   [ RunTime:0.0004s ]
SQL: SELECT `cat_name` FROM `yp_category` WHERE `cat_id` = 3 LIMIT 1   [ RunTime:0.0003s ]
SQL: SELECT `sre_name` FROM `yp_source` WHERE `sre_id` = 2 LIMIT 1   [ RunTime:0.0003s ]
SQL: SELECT `cat_name` FROM `yp_category` WHERE `cat_id` = 8 LIMIT 1   [ RunTime:0.0003s ]
SQL: SELECT `sre_name` FROM `yp_source` WHERE `sre_id` = 1 LIMIT 1   [ RunTime:0.0003s ]
SQL: SELECT `cat_name` FROM `yp_category` WHERE `cat_id` = 7 LIMIT 1   [ RunTime:0.0003s ]
SQL: SELECT `sre_name` FROM `yp_source` WHERE `sre_id` = 2 LIMIT 1   [ RunTime:0.0005s ]
SQL: SELECT `cat_name` FROM `yp_category` WHERE `cat_id` = 7 LIMIT 1   [ RunTime:0.0004s ]
SQL: SELECT `sre_name` FROM `yp_source` WHERE `sre_id` = 1 LIMIT 1   [ RunTime:0.0003s ]
SQL: SELECT * FROM `yp_category` WHERE `is_show` = '0' AND `cat_pid` <> '0'  [ RunTime:0.0005s ]
SQL: SHOW COLUMNS FROM `yp_article` [ RunTime:0.0011s ]
SQL: SELECT * FROM `yp_article` WHERE `cat_id` = 7  [ RunTime:0.0021s ]
SQL: SELECT * FROM `yp_article` WHERE `cat_id` = 8  [ RunTime:0.0009s ]
SQL: SELECT * FROM `yp_article` WHERE `cat_id` = 9  [ RunTime:0.0062s ]
SQL: SELECT * FROM `yp_article` WHERE `cat_id` = 10  [ RunTime:0.0006s ]
SQL: SELECT * FROM `yp_article` WHERE `cat_id` = 11  [ RunTime:0.0005s ]
SQL: SELECT * FROM `yp_article` WHERE `status` = 0 AND `is_show` = 0 ORDER BY article_id desc LIMIT 5   [ RunTime:0.0011s ]
SQL: SELECT * FROM `yp_article` WHERE `status` = 0 AND `is_show` = 0 ORDER BY hits desc LIMIT 5   [ RunTime:0.0009s ]
INFO: [ view_parse ] --START--
INFO: [ template_filter ] --START--
INFO: Run Behavior\ContentReplaceBehavior [ RunTime:0.000176s ]
INFO: [ template_filter ] --END-- [ RunTime:0.000228s ]
INFO: Run Behavior\ParseTemplateBehavior [ RunTime:0.033986s ]
INFO: [ view_parse ] --END-- [ RunTime:0.034058s ]
INFO: [ view_filter ] --START--
INFO: Run Behavior\WriteHtmlCacheBehavior [ RunTime:0.003297s ]
INFO: [ view_filter ] --END-- [ RunTime:0.003355s ]
INFO: [ app_end ] --START--
INFO: Run Behavior\ShowPageTraceBehavior [ RunTime:0.003660s ]
INFO: [ app_end ] --END-- [ RunTime:0.003737s ]

[ 2016-05-04T23:11:56+08:00 ] 127.0.0.1 /
INFO: [ app_init ] --START--
INFO: Run Behavior\BuildLiteBehavior [ RunTime:0.000009s ]
INFO: [ app_init ] --END-- [ RunTime:0.000207s ]
INFO: [ app_begin ] --START--
INFO: Run Behavior\ReadHtmlCacheBehavior [ RunTime:0.000794s ]
INFO: [ app_begin ] --END-- [ RunTime:0.000899s ]
SQL: SHOW COLUMNS FROM `yp_category` [ RunTime:0.0009s ]
SQL: SELECT `cat_id`,`cat_name`,`url` FROM `yp_category` WHERE `is_show` = 0 AND `cat_pid` = 0 ORDER BY sort_order LIMIT 6   [ RunTime:0.0003s ]
SQL: SHOW COLUMNS FROM `yp_article` [ RunTime:0.0008s ]
SQL: SELECT * FROM `yp_article` WHERE `is_top` = 0 AND `status` = 0 AND `is_show` = 0 ORDER BY article_id desc LIMIT 3   [ RunTime:0.0008s ]
SQL: SELECT * FROM `yp_article` ORDER BY add_time desc LIMIT 5   [ RunTime:0.0007s ]
SQL: SELECT `cat_name` FROM `yp_category` WHERE `cat_id` = 7 LIMIT 1   [ RunTime:0.0002s ]
SQL: SHOW COLUMNS FROM `yp_source` [ RunTime:0.0005s ]
SQL: SELECT `sre_name` FROM `yp_source` WHERE `sre_id` = 1 LIMIT 1   [ RunTime:0.0002s ]
SQL: SELECT `cat_name` FROM `yp_category` WHERE `cat_id` = 5 LIMIT 1   [ RunTime:0.0002s ]
SQL: SELECT `sre_name` FROM `yp_source` WHERE `sre_id` = 1 LIMIT 1   [ RunTime:0.0002s ]
SQL: SELECT `cat_name` FROM `yp_category` WHERE `cat_id` = 3 LIMIT 1   [ RunTime:0.0002s ]
SQL: SELECT `sre_name` FROM `yp_source` WHERE `sre_id` = 2 LIMIT 1   [ RunTime:0.0002s ]
SQL: SELECT `cat_name` FROM `yp_category` WHERE `cat_id` = 8 LIMIT 1   [ RunTime:0.0002s ]
SQL: SELECT `sre_name` FROM `yp_source` WHERE `sre_id` = 1 LIMIT 1   [ RunTime:0.0002s ]
SQL: SELECT `cat_name` FROM `yp_category` WHERE `cat_id` = 7 LIMIT 1   [ RunTime:0.0002s ]
SQL: SELECT `sre_name` FROM `yp_source` WHERE `sre_id` = 2 LIMIT 1   [ RunTime:0.0002s ]
SQL: SELECT * FROM `yp_category` WHERE `is_show` = '0' AND `cat_pid` <> '0'  [ RunTime:0.0002s ]
SQL: SHOW COLUMNS FROM `yp_article` [ RunTime:0.0004s ]
SQL: SELECT * FROM `yp_article` WHERE `cat_id` = 7  [ RunTime:0.0013s ]
SQL: SELECT * FROM `yp_article` WHERE `cat_id` = 8  [ RunTime:0.0006s ]
SQL: SELECT * FROM `yp_article` WHERE `cat_id` = 9  [ RunTime:0.0025s ]
SQL: SELECT * FROM `yp_article` WHERE `cat_id` = 10  [ RunTime:0.0004s ]
SQL: SELECT * FROM `yp_article` WHERE `cat_id` = 11  [ RunTime:0.0004s ]
SQL: SELECT * FROM `yp_article` WHERE `status` = 0 AND `is_show` = 0 ORDER BY article_id desc LIMIT 5   [ RunTime:0.0006s ]
SQL: SELECT * FROM `yp_article` WHERE `status` = 0 AND `is_show` = 0 ORDER BY hits desc LIMIT 5   [ RunTime:0.0005s ]
INFO: [ view_parse ] --START--
INFO: [ template_filter ] --START--
INFO: Run Behavior\ContentReplaceBehavior [ RunTime:0.000069s ]
INFO: [ template_filter ] --END-- [ RunTime:0.000119s ]
INFO: Run Behavior\ParseTemplateBehavior [ RunTime:0.010090s ]
INFO: [ view_parse ] --END-- [ RunTime:0.010137s ]
INFO: [ view_filter ] --START--
INFO: Run Behavior\WriteHtmlCacheBehavior [ RunTime:0.000097s ]
INFO: [ view_filter ] --END-- [ RunTime:0.000120s ]
INFO: [ app_end ] --START--
INFO: Run Behavior\ShowPageTraceBehavior [ RunTime:0.000379s ]
INFO: [ app_end ] --END-- [ RunTime:0.000440s ]

[ 2016-05-04T23:18:02+08:00 ] 127.0.0.1 /
INFO: [ app_init ] --START--
INFO: Run Behavior\BuildLiteBehavior [ RunTime:0.000022s ]
INFO: [ app_init ] --END-- [ RunTime:0.003760s ]
INFO: [ app_begin ] --START--
INFO: Run Behavior\ReadHtmlCacheBehavior [ RunTime:0.003682s ]
INFO: [ app_begin ] --END-- [ RunTime:0.003771s ]
SQL: SHOW COLUMNS FROM `yp_category` [ RunTime:0.0010s ]
SQL: SELECT `cat_id`,`cat_name`,`url` FROM `yp_category` WHERE `is_show` = 0 AND `cat_pid` = 0 ORDER BY sort_order LIMIT 6   [ RunTime:0.0006s ]
SQL: SHOW COLUMNS FROM `yp_article` [ RunTime:0.0013s ]
SQL: SELECT * FROM `yp_article` WHERE `is_top` = 0 AND `status` = 0 AND `is_show` = 0 ORDER BY article_id desc LIMIT 3   [ RunTime:0.0020s ]
SQL: SELECT * FROM `yp_article` ORDER BY add_time desc LIMIT 5   [ RunTime:0.0014s ]
SQL: SELECT `cat_name` FROM `yp_category` WHERE `cat_id` = 7 LIMIT 1   [ RunTime:0.0004s ]
SQL: SHOW COLUMNS FROM `yp_source` [ RunTime:0.0008s ]
SQL: SELECT `sre_name` FROM `yp_source` WHERE `sre_id` = 1 LIMIT 1   [ RunTime:0.0005s ]
SQL: SELECT `cat_name` FROM `yp_category` WHERE `cat_id` = 5 LIMIT 1   [ RunTime:0.0005s ]
SQL: SELECT `sre_name` FROM `yp_source` WHERE `sre_id` = 1 LIMIT 1   [ RunTime:0.0003s ]
SQL: SELECT `cat_name` FROM `yp_category` WHERE `cat_id` = 3 LIMIT 1   [ RunTime:0.0003s ]
SQL: SELECT `sre_name` FROM `yp_source` WHERE `sre_id` = 2 LIMIT 1   [ RunTime:0.0003s ]
SQL: SELECT `cat_name` FROM `yp_category` WHERE `cat_id` = 8 LIMIT 1   [ RunTime:0.0004s ]
SQL: SELECT `sre_name` FROM `yp_source` WHERE `sre_id` = 1 LIMIT 1   [ RunTime:0.0003s ]
SQL: SELECT `cat_name` FROM `yp_category` WHERE `cat_id` = 7 LIMIT 1   [ RunTime:0.0002s ]
SQL: SELECT `sre_name` FROM `yp_source` WHERE `sre_id` = 2 LIMIT 1   [ RunTime:0.0003s ]

[ 2016-05-04T23:19:13+08:00 ] 127.0.0.1 /
INFO: [ app_init ] --START--
INFO: Run Behavior\BuildLiteBehavior [ RunTime:0.000009s ]
INFO: [ app_init ] --END-- [ RunTime:0.000212s ]
INFO: [ app_begin ] --START--
INFO: Run Behavior\ReadHtmlCacheBehavior [ RunTime:0.000265s ]
INFO: [ app_begin ] --END-- [ RunTime:0.000301s ]
SQL: SHOW COLUMNS FROM `yp_category` [ RunTime:0.0005s ]
SQL: SELECT `cat_id`,`cat_name`,`url` FROM `yp_category` WHERE `is_show` = 0 AND `cat_pid` = 0 ORDER BY sort_order LIMIT 6   [ RunTime:0.0004s ]
SQL: SHOW COLUMNS FROM `yp_article` [ RunTime:0.0005s ]
SQL: SELECT * FROM `yp_article` WHERE `is_top` = 0 AND `status` = 0 AND `is_show` = 0 ORDER BY article_id desc LIMIT 3   [ RunTime:0.0007s ]
SQL: SELECT * FROM `yp_article` ORDER BY add_time desc LIMIT 5   [ RunTime:0.0009s ]
SQL: SELECT `cat_name` FROM `yp_category` WHERE `cat_id` = 7 LIMIT 1   [ RunTime:0.0002s ]
SQL: SHOW COLUMNS FROM `yp_source` [ RunTime:0.0004s ]
SQL: SELECT `sre_name` FROM `yp_source` WHERE `sre_id` = 1 LIMIT 1   [ RunTime:0.0002s ]
SQL: SELECT `cat_name` FROM `yp_category` WHERE `cat_id` = 5 LIMIT 1   [ RunTime:0.0002s ]
SQL: SELECT `sre_name` FROM `yp_source` WHERE `sre_id` = 1 LIMIT 1   [ RunTime:0.0002s ]
SQL: SELECT `cat_name` FROM `yp_category` WHERE `cat_id` = 3 LIMIT 1   [ RunTime:0.0002s ]
SQL: SELECT `sre_name` FROM `yp_source` WHERE `sre_id` = 2 LIMIT 1   [ RunTime:0.0002s ]
SQL: SELECT `cat_name` FROM `yp_category` WHERE `cat_id` = 8 LIMIT 1   [ RunTime:0.0002s ]
SQL: SELECT `sre_name` FROM `yp_source` WHERE `sre_id` = 1 LIMIT 1   [ RunTime:0.0002s ]
SQL: SELECT `cat_name` FROM `yp_category` WHERE `cat_id` = 7 LIMIT 1   [ RunTime:0.0002s ]
SQL: SELECT `sre_name` FROM `yp_source` WHERE `sre_id` = 2 LIMIT 1   [ RunTime:0.0002s ]
SQL: SELECT * FROM `yp_category` WHERE `is_show` = '0' AND `cat_pid` <> '0'  [ RunTime:0.0003s ]
SQL: SHOW COLUMNS FROM `yp_article` [ RunTime:0.0004s ]
SQL: SELECT * FROM `yp_article` WHERE `cat_id` = 7  [ RunTime:0.0012s ]
SQL: SELECT * FROM `yp_article` WHERE `cat_id` = 8  [ RunTime:0.0006s ]
SQL: SELECT * FROM `yp_article` WHERE `cat_id` = 9  [ RunTime:0.0024s ]
SQL: SELECT * FROM `yp_article` WHERE `cat_id` = 10  [ RunTime:0.0004s ]
SQL: SELECT * FROM `yp_article` WHERE `cat_id` = 11  [ RunTime:0.0004s ]
SQL: SELECT * FROM `yp_article` WHERE `status` = 0 AND `is_show` = 0 ORDER BY article_id desc LIMIT 5   [ RunTime:0.0007s ]
SQL: SELECT * FROM `yp_article` WHERE `status` = 0 AND `is_show` = 0 ORDER BY hits desc LIMIT 5   [ RunTime:0.0006s ]
INFO: [ view_parse ] --START--
INFO: [ template_filter ] --START--
INFO: Run Behavior\ContentReplaceBehavior [ RunTime:0.000267s ]
INFO: [ template_filter ] --END-- [ RunTime:0.000347s ]
INFO: Run Behavior\ParseTemplateBehavior [ RunTime:0.018131s ]
INFO: [ view_parse ] --END-- [ RunTime:0.018206s ]
INFO: [ view_filter ] --START--
INFO: Run Behavior\WriteHtmlCacheBehavior [ RunTime:0.001501s ]
INFO: [ view_filter ] --END-- [ RunTime:0.001561s ]
INFO: [ app_end ] --START--
INFO: Run Behavior\ShowPageTraceBehavior [ RunTime:0.003783s ]
INFO: [ app_end ] --END-- [ RunTime:0.003878s ]

[ 2016-05-04T23:21:28+08:00 ] 127.0.0.1 /
INFO: [ app_init ] --START--
INFO: Run Behavior\BuildLiteBehavior [ RunTime:0.000023s ]
INFO: [ app_init ] --END-- [ RunTime:0.003921s ]
INFO: [ app_begin ] --START--
INFO: Run Behavior\ReadHtmlCacheBehavior [ RunTime:0.003887s ]
INFO: [ app_begin ] --END-- [ RunTime:0.003976s ]
SQL: SHOW COLUMNS FROM `yp_category` [ RunTime:0.0009s ]
SQL: SELECT `cat_id`,`cat_name`,`url` FROM `yp_category` WHERE `is_show` = 0 AND `cat_pid` = 0 ORDER BY sort_order LIMIT 6   [ RunTime:0.0005s ]
SQL: SHOW COLUMNS FROM `yp_article` [ RunTime:0.0009s ]
SQL: SELECT * FROM `yp_article` WHERE `is_top` = 0 AND `status` = 0 AND `is_show` = 0 ORDER BY article_id desc LIMIT 3   [ RunTime:0.0011s ]
SQL: SELECT * FROM `yp_article` ORDER BY add_time desc LIMIT 5   [ RunTime:0.0012s ]
SQL: SELECT `cat_name` FROM `yp_category` WHERE `cat_id` = 7 LIMIT 1   [ RunTime:0.0003s ]
SQL: SHOW COLUMNS FROM `yp_source` [ RunTime:0.0006s ]
SQL: SELECT `sre_name` FROM `yp_source` WHERE `sre_id` = 1 LIMIT 1   [ RunTime:0.0003s ]
SQL: SELECT `cat_name` FROM `yp_category` WHERE `cat_id` = 5 LIMIT 1   [ RunTime:0.0003s ]
SQL: SELECT `sre_name` FROM `yp_source` WHERE `sre_id` = 1 LIMIT 1   [ RunTime:0.0003s ]
SQL: SELECT `cat_name` FROM `yp_category` WHERE `cat_id` = 3 LIMIT 1   [ RunTime:0.0003s ]
SQL: SELECT `sre_name` FROM `yp_source` WHERE `sre_id` = 2 LIMIT 1   [ RunTime:0.0003s ]
SQL: SELECT `cat_name` FROM `yp_category` WHERE `cat_id` = 8 LIMIT 1   [ RunTime:0.0003s ]
SQL: SELECT `sre_name` FROM `yp_source` WHERE `sre_id` = 1 LIMIT 1   [ RunTime:0.0003s ]
SQL: SELECT `cat_name` FROM `yp_category` WHERE `cat_id` = 7 LIMIT 1   [ RunTime:0.0003s ]
SQL: SELECT `sre_name` FROM `yp_source` WHERE `sre_id` = 2 LIMIT 1   [ RunTime:0.0003s ]
SQL: SELECT * FROM `yp_category` WHERE `is_show` = '0' AND `cat_pid` <> '0'  [ RunTime:0.0004s ]
SQL: SHOW COLUMNS FROM `yp_article` [ RunTime:0.0007s ]
SQL: SELECT * FROM `yp_article` WHERE `cat_id` = 7  [ RunTime:0.0018s ]
SQL: SELECT * FROM `yp_article` WHERE `cat_id` = 8  [ RunTime:0.0009s ]
SQL: SELECT * FROM `yp_article` WHERE `cat_id` = 9  [ RunTime:0.0046s ]
SQL: SELECT * FROM `yp_article` WHERE `cat_id` = 10  [ RunTime:0.0007s ]
SQL: SELECT * FROM `yp_article` WHERE `cat_id` = 11  [ RunTime:0.0007s ]
SQL: SELECT * FROM `yp_article` WHERE `status` = 0 AND `is_show` = 0 ORDER BY article_id desc LIMIT 5   [ RunTime:0.0013s ]
SQL: SELECT * FROM `yp_article` WHERE `status` = 0 AND `is_show` = 0 ORDER BY hits desc LIMIT 5   [ RunTime:0.0013s ]
INFO: [ view_parse ] --START--
INFO: [ template_filter ] --START--
INFO: Run Behavior\ContentReplaceBehavior [ RunTime:0.000293s ]
INFO: [ template_filter ] --END-- [ RunTime:0.000414s ]
INFO: Run Behavior\ParseTemplateBehavior [ RunTime:0.041608s ]
INFO: [ view_parse ] --END-- [ RunTime:0.041717s ]
INFO: [ view_filter ] --START--
INFO: Run Behavior\WriteHtmlCacheBehavior [ RunTime:0.006055s ]
INFO: [ view_filter ] --END-- [ RunTime:0.006136s ]
INFO: [ app_end ] --START--
INFO: Run Behavior\ShowPageTraceBehavior [ RunTime:0.007160s ]
INFO: [ app_end ] --END-- [ RunTime:0.007274s ]

