[ 2016-05-03T21:45:55+08:00 ] 127.0.0.1 /
INFO: [ app_init ] --START--
INFO: Run Behavior\BuildLiteBehavior [ RunTime:0.000035s ]
INFO: [ app_init ] --END-- [ RunTime:0.004747s ]
INFO: [ app_begin ] --START--
INFO: Run Behavior\ReadHtmlCacheBehavior [ RunTime:0.001228s ]
INFO: [ app_begin ] --END-- [ RunTime:0.001328s ]
SQL: SHOW COLUMNS FROM `yp_category` [ RunTime:0.0267s ]
SQL: SELECT `cat_id`,`cat_name`,`url` FROM `yp_category` WHERE `is_show` = 0 AND `cat_pid` = 0 ORDER BY sort_order LIMIT 6   [ RunTime:0.0075s ]
SQL: SHOW COLUMNS FROM `yp_article` [ RunTime:0.0091s ]
SQL: SELECT * FROM `yp_article` WHERE `is_top` = 0 AND `status` = 0 AND `is_show` = 0 ORDER BY article_id desc LIMIT 3   [ RunTime:0.0136s ]
SQL: SELECT * FROM `yp_article` ORDER BY add_time desc LIMIT 5   [ RunTime:0.0020s ]
SQL: SELECT `cat_name` FROM `yp_category` WHERE `cat_id` = 5 LIMIT 1   [ RunTime:0.0026s ]
SQL: SHOW COLUMNS FROM `yp_source` [ RunTime:0.0045s ]
SQL: SELECT `sre_name` FROM `yp_source` WHERE `sre_id` = 1 LIMIT 1   [ RunTime:0.0003s ]
SQL: SELECT `cat_name` FROM `yp_category` WHERE `cat_id` = 3 LIMIT 1   [ RunTime:0.0002s ]
SQL: SELECT `sre_name` FROM `yp_source` WHERE `sre_id` = 2 LIMIT 1   [ RunTime:0.0002s ]
SQL: SELECT `cat_name` FROM `yp_category` WHERE `cat_id` = 8 LIMIT 1   [ RunTime:0.0002s ]
SQL: SELECT `sre_name` FROM `yp_source` WHERE `sre_id` = 1 LIMIT 1   [ RunTime:0.0002s ]
SQL: SELECT `cat_name` FROM `yp_category` WHERE `cat_id` = 7 LIMIT 1   [ RunTime:0.0002s ]
SQL: SELECT `sre_name` FROM `yp_source` WHERE `sre_id` = 2 LIMIT 1   [ RunTime:0.0002s ]
SQL: SELECT `cat_name` FROM `yp_category` WHERE `cat_id` = 7 LIMIT 1   [ RunTime:0.0003s ]
SQL: SELECT `sre_name` FROM `yp_source` WHERE `sre_id` = 1 LIMIT 1   [ RunTime:0.0002s ]
SQL: SELECT * FROM `yp_category` WHERE `is_show` = '0' AND `cat_pid` <> '0'  [ RunTime:0.0026s ]
SQL: SHOW COLUMNS FROM `yp_article` [ RunTime:0.0005s ]
SQL: SELECT * FROM `yp_article` WHERE `cat_id` = 7  [ RunTime:0.0013s ]
SQL: SELECT * FROM `yp_article` WHERE `cat_id` = 8  [ RunTime:0.0007s ]
SQL: SELECT * FROM `yp_article` WHERE `cat_id` = 9  [ RunTime:0.0037s ]
SQL: SELECT * FROM `yp_article` WHERE `cat_id` = 10  [ RunTime:0.0005s ]
SQL: SELECT * FROM `yp_article` WHERE `cat_id` = 11  [ RunTime:0.0005s ]
SQL: SELECT * FROM `yp_article` WHERE `status` = 0 AND `is_show` = 0 ORDER BY article_id desc LIMIT 5   [ RunTime:0.0009s ]
SQL: SELECT * FROM `yp_article` WHERE `status` = 0 AND `is_show` = 0 ORDER BY hits desc LIMIT 5   [ RunTime:0.0007s ]
INFO: [ view_parse ] --START--
INFO: [ template_filter ] --START--
INFO: Run Behavior\ContentReplaceBehavior [ RunTime:0.001964s ]
INFO: [ template_filter ] --END-- [ RunTime:0.002102s ]
INFO: Run Behavior\ParseTemplateBehavior [ RunTime:0.030674s ]
INFO: [ view_parse ] --END-- [ RunTime:0.030781s ]
INFO: [ view_filter ] --START--
INFO: Run Behavior\WriteHtmlCacheBehavior [ RunTime:0.003554s ]
INFO: [ view_filter ] --END-- [ RunTime:0.003616s ]
INFO: [ app_end ] --START--
INFO: Run Behavior\ShowPageTraceBehavior [ RunTime:0.003888s ]
INFO: [ app_end ] --END-- [ RunTime:0.003970s ]

[ 2016-05-03T21:46:02+08:00 ] 127.0.0.1 /Home/Article/about_me
INFO: [ app_init ] --START--
INFO: Run Behavior\BuildLiteBehavior [ RunTime:0.000013s ]
INFO: [ app_init ] --END-- [ RunTime:0.000272s ]
INFO: [ app_begin ] --START--
INFO: Run Behavior\ReadHtmlCacheBehavior [ RunTime:0.000396s ]
INFO: [ app_begin ] --END-- [ RunTime:0.000439s ]
SQL: SHOW COLUMNS FROM `yp_category` [ RunTime:0.0005s ]
SQL: SELECT `cat_id`,`cat_name`,`url` FROM `yp_category` WHERE `is_show` = 0 AND `cat_pid` = 0 ORDER BY sort_order LIMIT 6   [ RunTime:0.0003s ]
INFO: [ view_parse ] --START--
INFO: [ template_filter ] --START--
INFO: Run Behavior\ContentReplaceBehavior [ RunTime:0.011866s ]
INFO: [ template_filter ] --END-- [ RunTime:0.011956s ]
INFO: Run Behavior\ParseTemplateBehavior [ RunTime:0.045009s ]
INFO: [ view_parse ] --END-- [ RunTime:0.045144s ]
INFO: [ view_filter ] --START--
INFO: Run Behavior\WriteHtmlCacheBehavior [ RunTime:0.000201s ]
INFO: [ view_filter ] --END-- [ RunTime:0.000249s ]
INFO: [ app_end ] --START--
INFO: Run Behavior\ShowPageTraceBehavior [ RunTime:0.000656s ]
INFO: [ app_end ] --END-- [ RunTime:0.000715s ]

[ 2016-05-03T21:46:04+08:00 ] 127.0.0.1 /Home/Article/part1
INFO: [ app_init ] --START--
INFO: Run Behavior\BuildLiteBehavior [ RunTime:0.000008s ]
INFO: [ app_init ] --END-- [ RunTime:0.000202s ]
INFO: [ app_begin ] --START--
INFO: Run Behavior\ReadHtmlCacheBehavior [ RunTime:0.000295s ]
INFO: [ app_begin ] --END-- [ RunTime:0.000332s ]
SQL: SHOW COLUMNS FROM `yp_category` [ RunTime:0.0005s ]
SQL: SELECT `cat_id`,`cat_name`,`url` FROM `yp_category` WHERE `is_show` = 0 AND `cat_pid` = 0 ORDER BY sort_order LIMIT 6   [ RunTime:0.0003s ]
SQL: SELECT `cat_id`,`cat_name`,`url` FROM `yp_category` WHERE `is_show` = 0 AND `cat_pid` = 0 ORDER BY sort_order LIMIT 6   [ RunTime:0.0003s ]
SQL: SHOW COLUMNS FROM `yp_article` [ RunTime:0.0005s ]
SQL: SELECT * FROM `yp_article` WHERE `status` = 0 AND `is_show` = 0 AND `cat_id` = 3 ORDER BY article_id desc  [ RunTime:0.0008s ]
SQL: SELECT `cat_name` FROM `yp_category` WHERE `cat_id` = 3 LIMIT 1   [ RunTime:0.0002s ]
SQL: SHOW COLUMNS FROM `yp_source` [ RunTime:0.0004s ]
SQL: SELECT `sre_name` FROM `yp_source` WHERE `sre_id` = 2 LIMIT 1   [ RunTime:0.0002s ]
INFO: [ view_parse ] --START--
INFO: [ template_filter ] --START--
INFO: Run Behavior\ContentReplaceBehavior [ RunTime:0.000215s ]
INFO: [ template_filter ] --END-- [ RunTime:0.000370s ]
INFO: Run Behavior\ParseTemplateBehavior [ RunTime:0.010287s ]
INFO: [ view_parse ] --END-- [ RunTime:0.010362s ]
INFO: [ view_filter ] --START--
INFO: Run Behavior\WriteHtmlCacheBehavior [ RunTime:0.000109s ]
INFO: [ view_filter ] --END-- [ RunTime:0.000143s ]
INFO: [ app_end ] --START--
INFO: Run Behavior\ShowPageTraceBehavior [ RunTime:0.000373s ]
INFO: [ app_end ] --END-- [ RunTime:0.000404s ]

[ 2016-05-03T21:46:05+08:00 ] 127.0.0.1 /Home/Article/part2
INFO: [ app_init ] --START--
INFO: Run Behavior\BuildLiteBehavior [ RunTime:0.000009s ]
INFO: [ app_init ] --END-- [ RunTime:0.000204s ]
INFO: [ app_begin ] --START--
INFO: Run Behavior\ReadHtmlCacheBehavior [ RunTime:0.000244s ]
INFO: [ app_begin ] --END-- [ RunTime:0.000273s ]
SQL: SHOW COLUMNS FROM `yp_category` [ RunTime:0.0005s ]
SQL: SELECT `cat_id`,`cat_name`,`url` FROM `yp_category` WHERE `is_show` = 0 AND `cat_pid` = 0 ORDER BY sort_order LIMIT 6   [ RunTime:0.0003s ]
SQL: SELECT `cat_id`,`cat_name`,`url` FROM `yp_category` WHERE `is_show` = 0 AND `cat_pid` = 0 ORDER BY sort_order LIMIT 6   [ RunTime:0.0003s ]
SQL: SELECT `cat_id` FROM `yp_category` WHERE `cat_pid` = 4  [ RunTime:0.0002s ]
SQL: SHOW COLUMNS FROM `yp_article` [ RunTime:0.0006s ]
SQL: SELECT * FROM `yp_article` WHERE `status` = '0' AND `is_show` = '0' AND `cat_id` IN ('7','8','9','10','11','4') ORDER BY article_id desc  [ RunTime:0.0112s ]
SQL: SELECT `cat_name` FROM `yp_category` WHERE `cat_id` = 8 LIMIT 1   [ RunTime:0.0003s ]
SQL: SHOW COLUMNS FROM `yp_source` [ RunTime:0.0005s ]
SQL: SELECT `sre_name` FROM `yp_source` WHERE `sre_id` = 1 LIMIT 1   [ RunTime:0.0002s ]
SQL: SELECT `cat_name` FROM `yp_category` WHERE `cat_id` = 7 LIMIT 1   [ RunTime:0.0002s ]
SQL: SELECT `sre_name` FROM `yp_source` WHERE `sre_id` = 2 LIMIT 1   [ RunTime:0.0002s ]
SQL: SELECT `cat_name` FROM `yp_category` WHERE `cat_id` = 7 LIMIT 1   [ RunTime:0.0002s ]
SQL: SELECT `sre_name` FROM `yp_source` WHERE `sre_id` = 1 LIMIT 1   [ RunTime:0.0002s ]
SQL: SELECT `cat_name` FROM `yp_category` WHERE `cat_id` = 10 LIMIT 1   [ RunTime:0.0002s ]
SQL: SELECT `sre_name` FROM `yp_source` WHERE `sre_id` = 3 LIMIT 1   [ RunTime:0.0002s ]
SQL: SELECT `cat_name` FROM `yp_category` WHERE `cat_id` = 9 LIMIT 1   [ RunTime:0.0002s ]
SQL: SELECT `sre_name` FROM `yp_source` WHERE `sre_id` = 1 LIMIT 1   [ RunTime:0.0003s ]
SQL: SELECT `cat_name` FROM `yp_category` WHERE `cat_id` = 11 LIMIT 1   [ RunTime:0.0002s ]
SQL: SELECT `sre_name` FROM `yp_source` WHERE `sre_id` = 2 LIMIT 1   [ RunTime:0.0002s ]
SQL: SELECT `cat_name` FROM `yp_category` WHERE `cat_id` = 7 LIMIT 1   [ RunTime:0.0003s ]
SQL: SELECT `sre_name` FROM `yp_source` WHERE `sre_id` = 1 LIMIT 1   [ RunTime:0.0005s ]
SQL: SELECT `cat_name` FROM `yp_category` WHERE `cat_id` = 8 LIMIT 1   [ RunTime:0.0003s ]
SQL: SELECT `sre_name` FROM `yp_source` WHERE `sre_id` = 2 LIMIT 1   [ RunTime:0.0005s ]
SQL: SELECT `cat_name` FROM `yp_category` WHERE `cat_id` = 7 LIMIT 1   [ RunTime:0.0002s ]
SQL: SELECT `sre_name` FROM `yp_source` WHERE `sre_id` = 2 LIMIT 1   [ RunTime:0.0002s ]
SQL: SELECT `cat_name` FROM `yp_category` WHERE `cat_id` = 7 LIMIT 1   [ RunTime:0.0002s ]
SQL: SELECT `sre_name` FROM `yp_source` WHERE `sre_id` = 1 LIMIT 1   [ RunTime:0.0002s ]
SQL: SELECT `cat_id`,`cat_name`,`url` FROM `yp_category` WHERE `is_show` = 0 AND `cat_pid` = 4 ORDER BY sort_order  [ RunTime:0.0003s ]
INFO: [ view_parse ] --START--
INFO: [ template_filter ] --START--
INFO: Run Behavior\ContentReplaceBehavior [ RunTime:0.000048s ]
INFO: [ template_filter ] --END-- [ RunTime:0.000091s ]
INFO: Run Behavior\ParseTemplateBehavior [ RunTime:0.007829s ]
INFO: [ view_parse ] --END-- [ RunTime:0.007867s ]
INFO: [ view_filter ] --START--
INFO: Run Behavior\WriteHtmlCacheBehavior [ RunTime:0.000092s ]
INFO: [ view_filter ] --END-- [ RunTime:0.000114s ]
INFO: [ app_end ] --START--
INFO: Run Behavior\ShowPageTraceBehavior [ RunTime:0.000409s ]
INFO: [ app_end ] --END-- [ RunTime:0.000459s ]

[ 2016-05-03T21:46:10+08:00 ] 127.0.0.1 /Home/Article/part3
INFO: [ app_init ] --START--
INFO: Run Behavior\BuildLiteBehavior [ RunTime:0.000009s ]
INFO: [ app_init ] --END-- [ RunTime:0.000195s ]
INFO: [ app_begin ] --START--
INFO: Run Behavior\ReadHtmlCacheBehavior [ RunTime:0.000305s ]
INFO: [ app_begin ] --END-- [ RunTime:0.000346s ]
SQL: SHOW COLUMNS FROM `yp_category` [ RunTime:0.0005s ]
SQL: SELECT `cat_id`,`cat_name`,`url` FROM `yp_category` WHERE `is_show` = 0 AND `cat_pid` = 0 ORDER BY sort_order LIMIT 6   [ RunTime:0.0003s ]
SQL: SELECT `cat_id`,`cat_name`,`url` FROM `yp_category` WHERE `is_show` = 0 AND `cat_pid` = 0 ORDER BY sort_order LIMIT 6   [ RunTime:0.0003s ]
SQL: SHOW COLUMNS FROM `yp_article` [ RunTime:0.0005s ]
SQL: SELECT * FROM `yp_article` WHERE `status` = 0 AND `is_show` = 0 AND `cat_id` = 5 ORDER BY article_id desc  [ RunTime:0.0007s ]
SQL: SELECT `cat_name` FROM `yp_category` WHERE `cat_id` = 5 LIMIT 1   [ RunTime:0.0002s ]
SQL: SHOW COLUMNS FROM `yp_source` [ RunTime:0.0004s ]
SQL: SELECT `sre_name` FROM `yp_source` WHERE `sre_id` = 1 LIMIT 1   [ RunTime:0.0002s ]
INFO: [ view_parse ] --START--
INFO: [ template_filter ] --START--
INFO: Run Behavior\ContentReplaceBehavior [ RunTime:0.000058s ]
INFO: [ template_filter ] --END-- [ RunTime:0.000099s ]
INFO: Run Behavior\ParseTemplateBehavior [ RunTime:0.004036s ]
INFO: [ view_parse ] --END-- [ RunTime:0.004090s ]
INFO: [ view_filter ] --START--
INFO: Run Behavior\WriteHtmlCacheBehavior [ RunTime:0.000112s ]
INFO: [ view_filter ] --END-- [ RunTime:0.000158s ]
INFO: [ app_end ] --START--
INFO: Run Behavior\ShowPageTraceBehavior [ RunTime:0.000323s ]
INFO: [ app_end ] --END-- [ RunTime:0.000357s ]

[ 2016-05-03T21:46:11+08:00 ] 127.0.0.1 /Home/Message/message
INFO: [ app_init ] --START--
INFO: Run Behavior\BuildLiteBehavior [ RunTime:0.000010s ]
INFO: [ app_init ] --END-- [ RunTime:0.000199s ]
INFO: [ app_begin ] --START--
INFO: Run Behavior\ReadHtmlCacheBehavior [ RunTime:0.000283s ]
INFO: [ app_begin ] --END-- [ RunTime:0.000314s ]
SQL: SHOW COLUMNS FROM `yp_category` [ RunTime:0.0005s ]
SQL: SELECT `cat_id`,`cat_name`,`url` FROM `yp_category` WHERE `is_show` = 0 AND `cat_pid` = 0 ORDER BY sort_order LIMIT 6   [ RunTime:0.0003s ]
SQL: SHOW COLUMNS FROM `yp_article` [ RunTime:0.0006s ]
SQL: SHOW COLUMNS FROM `yp_article` [ RunTime:0.0005s ]
SQL: SELECT * FROM `yp_article` WHERE `status` = 0 AND `is_show` = 0 ORDER BY article_id desc LIMIT 5   [ RunTime:0.0011s ]
SQL: SHOW COLUMNS FROM `yp_message` [ RunTime:0.0033s ]
SQL: SELECT * FROM `yp_message` ORDER BY message_id desc  [ RunTime:0.0003s ]
SQL: SELECT * FROM `yp_article` WHERE `status` = 0 AND `is_show` = 0 ORDER BY hits desc LIMIT 5   [ RunTime:0.0008s ]
INFO: [ view_parse ] --START--
INFO: [ template_filter ] --START--
INFO: Run Behavior\ContentReplaceBehavior [ RunTime:0.000045s ]
INFO: [ template_filter ] --END-- [ RunTime:0.000082s ]
INFO: Run Behavior\ParseTemplateBehavior [ RunTime:0.008729s ]
INFO: [ view_parse ] --END-- [ RunTime:0.008782s ]
INFO: [ view_filter ] --START--
INFO: Run Behavior\WriteHtmlCacheBehavior [ RunTime:0.000101s ]
INFO: [ view_filter ] --END-- [ RunTime:0.000126s ]
INFO: [ app_end ] --START--
INFO: Run Behavior\ShowPageTraceBehavior [ RunTime:0.000431s ]
INFO: [ app_end ] --END-- [ RunTime:0.000500s ]

[ 2016-05-03T21:46:15+08:00 ] 127.0.0.1 /index.php/Home/Message/message
INFO: [ app_init ] --START--
INFO: Run Behavior\BuildLiteBehavior [ RunTime:0.000028s ]
INFO: [ app_init ] --END-- [ RunTime:0.000643s ]
INFO: [ app_begin ] --START--
INFO: Run Behavior\ReadHtmlCacheBehavior [ RunTime:0.000623s ]
INFO: [ app_begin ] --END-- [ RunTime:0.000691s ]
SQL: SHOW COLUMNS FROM `yp_category` [ RunTime:0.0006s ]
SQL: SELECT `cat_id`,`cat_name`,`url` FROM `yp_category` WHERE `is_show` = 0 AND `cat_pid` = 0 ORDER BY sort_order LIMIT 6   [ RunTime:0.0003s ]
SQL: SHOW COLUMNS FROM `yp_message` [ RunTime:0.0005s ]
SQL: INSERT INTO `yp_message` (`message_content`,`message_time`,`visitor`) VALUES ('asdasda','1462283175','匿名') [ RunTime:0.0060s ]
SQL: SELECT * FROM `yp_message` ORDER BY message_id desc  [ RunTime:0.0003s ]

[ 2016-05-03T21:46:23+08:00 ] 127.0.0.1 /Home/Message/message
INFO: [ app_init ] --START--
INFO: Run Behavior\BuildLiteBehavior [ RunTime:0.000009s ]
INFO: [ app_init ] --END-- [ RunTime:0.000198s ]
INFO: [ app_begin ] --START--
INFO: Run Behavior\ReadHtmlCacheBehavior [ RunTime:0.000250s ]
INFO: [ app_begin ] --END-- [ RunTime:0.000279s ]
SQL: SHOW COLUMNS FROM `yp_category` [ RunTime:0.0005s ]
SQL: SELECT `cat_id`,`cat_name`,`url` FROM `yp_category` WHERE `is_show` = 0 AND `cat_pid` = 0 ORDER BY sort_order LIMIT 6   [ RunTime:0.0003s ]
SQL: SHOW COLUMNS FROM `yp_article` [ RunTime:0.0007s ]
SQL: SHOW COLUMNS FROM `yp_article` [ RunTime:0.0004s ]
SQL: SELECT * FROM `yp_article` WHERE `status` = 0 AND `is_show` = 0 ORDER BY article_id desc LIMIT 5   [ RunTime:0.0014s ]
SQL: SHOW COLUMNS FROM `yp_message` [ RunTime:0.0005s ]
SQL: SELECT * FROM `yp_message` ORDER BY message_id desc  [ RunTime:0.0003s ]
SQL: SELECT * FROM `yp_article` WHERE `status` = 0 AND `is_show` = 0 ORDER BY hits desc LIMIT 5   [ RunTime:0.0008s ]
INFO: [ view_parse ] --START--
INFO: [ template_filter ] --START--
INFO: Run Behavior\ContentReplaceBehavior [ RunTime:0.000042s ]
INFO: [ template_filter ] --END-- [ RunTime:0.000079s ]
INFO: Run Behavior\ParseTemplateBehavior [ RunTime:0.004962s ]
INFO: [ view_parse ] --END-- [ RunTime:0.004999s ]
INFO: [ view_filter ] --START--
INFO: Run Behavior\WriteHtmlCacheBehavior [ RunTime:0.000092s ]
INFO: [ view_filter ] --END-- [ RunTime:0.000116s ]
INFO: [ app_end ] --START--
INFO: Run Behavior\ShowPageTraceBehavior [ RunTime:0.000418s ]
INFO: [ app_end ] --END-- [ RunTime:0.000460s ]

[ 2016-05-03T22:10:59+08:00 ] 127.0.0.1 /
INFO: [ app_init ] --START--
INFO: Run Behavior\BuildLiteBehavior [ RunTime:0.000010s ]
INFO: [ app_init ] --END-- [ RunTime:0.000354s ]
INFO: [ app_begin ] --START--
INFO: Run Behavior\ReadHtmlCacheBehavior [ RunTime:0.000398s ]
INFO: [ app_begin ] --END-- [ RunTime:0.000453s ]
SQL: SHOW COLUMNS FROM `yp_category` [ RunTime:0.0004s ]
SQL: SELECT `cat_id`,`cat_name`,`url` FROM `yp_category` WHERE `is_show` = 0 AND `cat_pid` = 0 ORDER BY sort_order LIMIT 6   [ RunTime:0.0003s ]
SQL: SHOW COLUMNS FROM `yp_article` [ RunTime:0.0006s ]
SQL: SELECT * FROM `yp_article` WHERE `is_top` = 0 AND `status` = 0 AND `is_show` = 0 ORDER BY article_id desc LIMIT 3   [ RunTime:0.0007s ]
SQL: SELECT * FROM `yp_article` ORDER BY add_time desc LIMIT 5   [ RunTime:0.0011s ]
SQL: SELECT `cat_name` FROM `yp_category` WHERE `cat_id` = 5 LIMIT 1   [ RunTime:0.0003s ]
SQL: SHOW COLUMNS FROM `yp_source` [ RunTime:0.0004s ]
SQL: SELECT `sre_name` FROM `yp_source` WHERE `sre_id` = 1 LIMIT 1   [ RunTime:0.0002s ]
SQL: SELECT `cat_name` FROM `yp_category` WHERE `cat_id` = 3 LIMIT 1   [ RunTime:0.0002s ]
SQL: SELECT `sre_name` FROM `yp_source` WHERE `sre_id` = 2 LIMIT 1   [ RunTime:0.0002s ]
SQL: SELECT `cat_name` FROM `yp_category` WHERE `cat_id` = 8 LIMIT 1   [ RunTime:0.0002s ]
SQL: SELECT `sre_name` FROM `yp_source` WHERE `sre_id` = 1 LIMIT 1   [ RunTime:0.0002s ]
SQL: SELECT `cat_name` FROM `yp_category` WHERE `cat_id` = 7 LIMIT 1   [ RunTime:0.0002s ]
SQL: SELECT `sre_name` FROM `yp_source` WHERE `sre_id` = 2 LIMIT 1   [ RunTime:0.0002s ]
SQL: SELECT `cat_name` FROM `yp_category` WHERE `cat_id` = 7 LIMIT 1   [ RunTime:0.0002s ]
SQL: SELECT `sre_name` FROM `yp_source` WHERE `sre_id` = 1 LIMIT 1   [ RunTime:0.0002s ]
SQL: SELECT * FROM `yp_category` WHERE `is_show` = '0' AND `cat_pid` <> '0'  [ RunTime:0.0002s ]
SQL: SHOW COLUMNS FROM `yp_article` [ RunTime:0.0004s ]
SQL: SELECT * FROM `yp_article` WHERE `cat_id` = 7  [ RunTime:0.0011s ]
SQL: SELECT * FROM `yp_article` WHERE `cat_id` = 8  [ RunTime:0.0006s ]
SQL: SELECT * FROM `yp_article` WHERE `cat_id` = 9  [ RunTime:0.0023s ]
SQL: SELECT * FROM `yp_article` WHERE `cat_id` = 10  [ RunTime:0.0005s ]
SQL: SELECT * FROM `yp_article` WHERE `cat_id` = 11  [ RunTime:0.0004s ]
SQL: SELECT * FROM `yp_article` WHERE `status` = 0 AND `is_show` = 0 ORDER BY article_id desc LIMIT 5   [ RunTime:0.0007s ]
SQL: SELECT * FROM `yp_article` WHERE `status` = 0 AND `is_show` = 0 ORDER BY hits desc LIMIT 5   [ RunTime:0.0006s ]
INFO: [ view_parse ] --START--
INFO: [ template_filter ] --START--
INFO: Run Behavior\ContentReplaceBehavior [ RunTime:0.000073s ]
INFO: [ template_filter ] --END-- [ RunTime:0.000128s ]
INFO: Run Behavior\ParseTemplateBehavior [ RunTime:0.009645s ]
INFO: [ view_parse ] --END-- [ RunTime:0.009691s ]
INFO: [ view_filter ] --START--
INFO: Run Behavior\WriteHtmlCacheBehavior [ RunTime:0.000132s ]
INFO: [ view_filter ] --END-- [ RunTime:0.000163s ]
INFO: [ app_end ] --START--
INFO: Run Behavior\ShowPageTraceBehavior [ RunTime:0.000568s ]
INFO: [ app_end ] --END-- [ RunTime:0.000658s ]

[ 2016-05-03T22:10:59+08:00 ] 127.0.0.1 /
INFO: [ app_init ] --START--
INFO: Run Behavior\BuildLiteBehavior [ RunTime:0.000010s ]
INFO: [ app_init ] --END-- [ RunTime:0.000226s ]
INFO: [ app_begin ] --START--
INFO: Run Behavior\ReadHtmlCacheBehavior [ RunTime:0.000267s ]
INFO: [ app_begin ] --END-- [ RunTime:0.000298s ]
SQL: SHOW COLUMNS FROM `yp_category` [ RunTime:0.0006s ]
SQL: SELECT `cat_id`,`cat_name`,`url` FROM `yp_category` WHERE `is_show` = 0 AND `cat_pid` = 0 ORDER BY sort_order LIMIT 6   [ RunTime:0.0003s ]
SQL: SHOW COLUMNS FROM `yp_article` [ RunTime:0.0005s ]
SQL: SELECT * FROM `yp_article` WHERE `is_top` = 0 AND `status` = 0 AND `is_show` = 0 ORDER BY article_id desc LIMIT 3   [ RunTime:0.0009s ]
SQL: SELECT * FROM `yp_article` ORDER BY add_time desc LIMIT 5   [ RunTime:0.0011s ]
SQL: SELECT `cat_name` FROM `yp_category` WHERE `cat_id` = 5 LIMIT 1   [ RunTime:0.0002s ]
SQL: SHOW COLUMNS FROM `yp_source` [ RunTime:0.0003s ]
SQL: SELECT `sre_name` FROM `yp_source` WHERE `sre_id` = 1 LIMIT 1   [ RunTime:0.0002s ]
SQL: SELECT `cat_name` FROM `yp_category` WHERE `cat_id` = 3 LIMIT 1   [ RunTime:0.0001s ]
SQL: SELECT `sre_name` FROM `yp_source` WHERE `sre_id` = 2 LIMIT 1   [ RunTime:0.0001s ]
SQL: SELECT `cat_name` FROM `yp_category` WHERE `cat_id` = 8 LIMIT 1   [ RunTime:0.0001s ]
SQL: SELECT `sre_name` FROM `yp_source` WHERE `sre_id` = 1 LIMIT 1   [ RunTime:0.0001s ]
SQL: SELECT `cat_name` FROM `yp_category` WHERE `cat_id` = 7 LIMIT 1   [ RunTime:0.0002s ]
SQL: SELECT `sre_name` FROM `yp_source` WHERE `sre_id` = 2 LIMIT 1   [ RunTime:0.0002s ]
SQL: SELECT `cat_name` FROM `yp_category` WHERE `cat_id` = 7 LIMIT 1   [ RunTime:0.0002s ]
SQL: SELECT `sre_name` FROM `yp_source` WHERE `sre_id` = 1 LIMIT 1   [ RunTime:0.0002s ]
SQL: SELECT * FROM `yp_category` WHERE `is_show` = '0' AND `cat_pid` <> '0'  [ RunTime:0.0002s ]
SQL: SHOW COLUMNS FROM `yp_article` [ RunTime:0.0005s ]
SQL: SELECT * FROM `yp_article` WHERE `cat_id` = 7  [ RunTime:0.0012s ]
SQL: SELECT * FROM `yp_article` WHERE `cat_id` = 8  [ RunTime:0.0006s ]
SQL: SELECT * FROM `yp_article` WHERE `cat_id` = 9  [ RunTime:0.0030s ]
SQL: SELECT * FROM `yp_article` WHERE `cat_id` = 10  [ RunTime:0.0004s ]
SQL: SELECT * FROM `yp_article` WHERE `cat_id` = 11  [ RunTime:0.0004s ]
SQL: SELECT * FROM `yp_article` WHERE `status` = 0 AND `is_show` = 0 ORDER BY article_id desc LIMIT 5   [ RunTime:0.0007s ]
SQL: SELECT * FROM `yp_article` WHERE `status` = 0 AND `is_show` = 0 ORDER BY hits desc LIMIT 5   [ RunTime:0.0005s ]
INFO: [ view_parse ] --START--
INFO: [ template_filter ] --START--
INFO: Run Behavior\ContentReplaceBehavior [ RunTime:0.000054s ]
INFO: [ template_filter ] --END-- [ RunTime:0.000108s ]
INFO: Run Behavior\ParseTemplateBehavior [ RunTime:0.008861s ]
INFO: [ view_parse ] --END-- [ RunTime:0.008924s ]
INFO: [ view_filter ] --START--
INFO: Run Behavior\WriteHtmlCacheBehavior [ RunTime:0.000162s ]
INFO: [ view_filter ] --END-- [ RunTime:0.000203s ]
INFO: [ app_end ] --START--
INFO: Run Behavior\ShowPageTraceBehavior [ RunTime:0.000598s ]
INFO: [ app_end ] --END-- [ RunTime:0.000711s ]

[ 2016-05-03T22:11:05+08:00 ] 127.0.0.1 /Home/Article/about_me
INFO: [ app_init ] --START--
INFO: Run Behavior\BuildLiteBehavior [ RunTime:0.000009s ]
INFO: [ app_init ] --END-- [ RunTime:0.000199s ]
INFO: [ app_begin ] --START--
INFO: Run Behavior\ReadHtmlCacheBehavior [ RunTime:0.000280s ]
INFO: [ app_begin ] --END-- [ RunTime:0.000309s ]
SQL: SHOW COLUMNS FROM `yp_category` [ RunTime:0.0004s ]
SQL: SELECT `cat_id`,`cat_name`,`url` FROM `yp_category` WHERE `is_show` = 0 AND `cat_pid` = 0 ORDER BY sort_order LIMIT 6   [ RunTime:0.0003s ]
INFO: [ view_parse ] --START--
INFO: [ template_filter ] --START--
INFO: Run Behavior\ContentReplaceBehavior [ RunTime:0.000046s ]
INFO: [ template_filter ] --END-- [ RunTime:0.000092s ]
INFO: Run Behavior\ParseTemplateBehavior [ RunTime:0.007220s ]
INFO: [ view_parse ] --END-- [ RunTime:0.007261s ]
INFO: [ view_filter ] --START--
INFO: Run Behavior\WriteHtmlCacheBehavior [ RunTime:0.000119s ]
INFO: [ view_filter ] --END-- [ RunTime:0.000149s ]
INFO: [ app_end ] --START--
INFO: Run Behavior\ShowPageTraceBehavior [ RunTime:0.000350s ]
INFO: [ app_end ] --END-- [ RunTime:0.000385s ]

[ 2016-05-03T22:11:05+08:00 ] 127.0.0.1 /Home/Article/part1
INFO: [ app_init ] --START--
INFO: Run Behavior\BuildLiteBehavior [ RunTime:0.000009s ]
INFO: [ app_init ] --END-- [ RunTime:0.000193s ]
INFO: [ app_begin ] --START--
INFO: Run Behavior\ReadHtmlCacheBehavior [ RunTime:0.000241s ]
INFO: [ app_begin ] --END-- [ RunTime:0.000270s ]
SQL: SHOW COLUMNS FROM `yp_category` [ RunTime:0.0006s ]
SQL: SELECT `cat_id`,`cat_name`,`url` FROM `yp_category` WHERE `is_show` = 0 AND `cat_pid` = 0 ORDER BY sort_order LIMIT 6   [ RunTime:0.0004s ]
SQL: SELECT `cat_id`,`cat_name`,`url` FROM `yp_category` WHERE `is_show` = 0 AND `cat_pid` = 0 ORDER BY sort_order LIMIT 6   [ RunTime:0.0003s ]
SQL: SHOW COLUMNS FROM `yp_article` [ RunTime:0.0005s ]
SQL: SELECT * FROM `yp_article` WHERE `status` = 0 AND `is_show` = 0 AND `cat_id` = 3 ORDER BY article_id desc  [ RunTime:0.0007s ]
SQL: SELECT `cat_name` FROM `yp_category` WHERE `cat_id` = 3 LIMIT 1   [ RunTime:0.0002s ]
SQL: SHOW COLUMNS FROM `yp_source` [ RunTime:0.0004s ]
SQL: SELECT `sre_name` FROM `yp_source` WHERE `sre_id` = 2 LIMIT 1   [ RunTime:0.0002s ]
INFO: [ view_parse ] --START--
INFO: [ template_filter ] --START--
INFO: Run Behavior\ContentReplaceBehavior [ RunTime:0.000036s ]
INFO: [ template_filter ] --END-- [ RunTime:0.000073s ]
INFO: Run Behavior\ParseTemplateBehavior [ RunTime:0.006275s ]
INFO: [ view_parse ] --END-- [ RunTime:0.006311s ]
INFO: [ view_filter ] --START--
INFO: Run Behavior\WriteHtmlCacheBehavior [ RunTime:0.000092s ]
INFO: [ view_filter ] --END-- [ RunTime:0.000116s ]
INFO: [ app_end ] --START--
INFO: Run Behavior\ShowPageTraceBehavior [ RunTime:0.000311s ]
INFO: [ app_end ] --END-- [ RunTime:0.000339s ]

[ 2016-05-03T22:11:06+08:00 ] 127.0.0.1 /Home/Article/part2
INFO: [ app_init ] --START--
INFO: Run Behavior\BuildLiteBehavior [ RunTime:0.000009s ]
INFO: [ app_init ] --END-- [ RunTime:0.000199s ]
INFO: [ app_begin ] --START--
INFO: Run Behavior\ReadHtmlCacheBehavior [ RunTime:0.000420s ]
INFO: [ app_begin ] --END-- [ RunTime:0.000481s ]
SQL: SHOW COLUMNS FROM `yp_category` [ RunTime:0.0004s ]
SQL: SELECT `cat_id`,`cat_name`,`url` FROM `yp_category` WHERE `is_show` = 0 AND `cat_pid` = 0 ORDER BY sort_order LIMIT 6   [ RunTime:0.0003s ]
SQL: SELECT `cat_id`,`cat_name`,`url` FROM `yp_category` WHERE `is_show` = 0 AND `cat_pid` = 0 ORDER BY sort_order LIMIT 6   [ RunTime:0.0005s ]
SQL: SELECT `cat_id` FROM `yp_category` WHERE `cat_pid` = 4  [ RunTime:0.0006s ]
SQL: SHOW COLUMNS FROM `yp_article` [ RunTime:0.0015s ]
SQL: SELECT * FROM `yp_article` WHERE `status` = '0' AND `is_show` = '0' AND `cat_id` IN ('7','8','9','10','11','4') ORDER BY article_id desc  [ RunTime:0.0039s ]
SQL: SELECT `cat_name` FROM `yp_category` WHERE `cat_id` = 8 LIMIT 1   [ RunTime:0.0002s ]
SQL: SHOW COLUMNS FROM `yp_source` [ RunTime:0.0004s ]
SQL: SELECT `sre_name` FROM `yp_source` WHERE `sre_id` = 1 LIMIT 1   [ RunTime:0.0002s ]
SQL: SELECT `cat_name` FROM `yp_category` WHERE `cat_id` = 7 LIMIT 1   [ RunTime:0.0002s ]
SQL: SELECT `sre_name` FROM `yp_source` WHERE `sre_id` = 2 LIMIT 1   [ RunTime:0.0001s ]
SQL: SELECT `cat_name` FROM `yp_category` WHERE `cat_id` = 7 LIMIT 1   [ RunTime:0.0002s ]
SQL: SELECT `sre_name` FROM `yp_source` WHERE `sre_id` = 1 LIMIT 1   [ RunTime:0.0001s ]
SQL: SELECT `cat_name` FROM `yp_category` WHERE `cat_id` = 10 LIMIT 1   [ RunTime:0.0001s ]
SQL: SELECT `sre_name` FROM `yp_source` WHERE `sre_id` = 3 LIMIT 1   [ RunTime:0.0001s ]
SQL: SELECT `cat_name` FROM `yp_category` WHERE `cat_id` = 9 LIMIT 1   [ RunTime:0.0001s ]
SQL: SELECT `sre_name` FROM `yp_source` WHERE `sre_id` = 1 LIMIT 1   [ RunTime:0.0001s ]
SQL: SELECT `cat_name` FROM `yp_category` WHERE `cat_id` = 11 LIMIT 1   [ RunTime:0.0002s ]
SQL: SELECT `sre_name` FROM `yp_source` WHERE `sre_id` = 2 LIMIT 1   [ RunTime:0.0001s ]
SQL: SELECT `cat_name` FROM `yp_category` WHERE `cat_id` = 7 LIMIT 1   [ RunTime:0.0002s ]
SQL: SELECT `sre_name` FROM `yp_source` WHERE `sre_id` = 1 LIMIT 1   [ RunTime:0.0001s ]
SQL: SELECT `cat_name` FROM `yp_category` WHERE `cat_id` = 8 LIMIT 1   [ RunTime:0.0001s ]
SQL: SELECT `sre_name` FROM `yp_source` WHERE `sre_id` = 2 LIMIT 1   [ RunTime:0.0001s ]
SQL: SELECT `cat_name` FROM `yp_category` WHERE `cat_id` = 7 LIMIT 1   [ RunTime:0.0001s ]
SQL: SELECT `sre_name` FROM `yp_source` WHERE `sre_id` = 2 LIMIT 1   [ RunTime:0.0001s ]
SQL: SELECT `cat_name` FROM `yp_category` WHERE `cat_id` = 7 LIMIT 1   [ RunTime:0.0002s ]
SQL: SELECT `sre_name` FROM `yp_source` WHERE `sre_id` = 1 LIMIT 1   [ RunTime:0.0001s ]
SQL: SELECT `cat_id`,`cat_name`,`url` FROM `yp_category` WHERE `is_show` = 0 AND `cat_pid` = 4 ORDER BY sort_order  [ RunTime:0.0002s ]
INFO: [ view_parse ] --START--
INFO: [ template_filter ] --START--
INFO: Run Behavior\ContentReplaceBehavior [ RunTime:0.000049s ]
INFO: [ template_filter ] --END-- [ RunTime:0.000095s ]
INFO: Run Behavior\ParseTemplateBehavior [ RunTime:0.009013s ]
INFO: [ view_parse ] --END-- [ RunTime:0.009049s ]
INFO: [ view_filter ] --START--
INFO: Run Behavior\WriteHtmlCacheBehavior [ RunTime:0.000106s ]
INFO: [ view_filter ] --END-- [ RunTime:0.000129s ]
INFO: [ app_end ] --START--
INFO: Run Behavior\ShowPageTraceBehavior [ RunTime:0.000396s ]
INFO: [ app_end ] --END-- [ RunTime:0.000443s ]

[ 2016-05-03T22:25:31+08:00 ] 127.0.0.1 /
INFO: [ app_init ] --START--
INFO: Run Behavior\BuildLiteBehavior [ RunTime:0.000022s ]
INFO: [ app_init ] --END-- [ RunTime:0.003736s ]
INFO: [ app_begin ] --START--
INFO: Run Behavior\ReadHtmlCacheBehavior [ RunTime:0.003773s ]
INFO: [ app_begin ] --END-- [ RunTime:0.003861s ]
SQL: SHOW COLUMNS FROM `yp_category` [ RunTime:0.0008s ]
SQL: SELECT `cat_id`,`cat_name`,`url` FROM `yp_category` WHERE `is_show` = 0 AND `cat_pid` = 0 ORDER BY sort_order LIMIT 6   [ RunTime:0.0005s ]
SQL: SHOW COLUMNS FROM `yp_article` [ RunTime:0.0010s ]
SQL: SELECT * FROM `yp_article` WHERE `is_top` = 0 AND `status` = 0 AND `is_show` = 0 ORDER BY article_id desc LIMIT 3   [ RunTime:0.0010s ]
SQL: SELECT * FROM `yp_article` ORDER BY add_time desc LIMIT 5   [ RunTime:0.0016s ]
SQL: SELECT `cat_name` FROM `yp_category` WHERE `cat_id` = 5 LIMIT 1   [ RunTime:0.0003s ]
SQL: SHOW COLUMNS FROM `yp_source` [ RunTime:0.0007s ]
SQL: SELECT `sre_name` FROM `yp_source` WHERE `sre_id` = 1 LIMIT 1   [ RunTime:0.0003s ]
SQL: SELECT `cat_name` FROM `yp_category` WHERE `cat_id` = 3 LIMIT 1   [ RunTime:0.0004s ]
SQL: SELECT `sre_name` FROM `yp_source` WHERE `sre_id` = 2 LIMIT 1   [ RunTime:0.0003s ]
SQL: SELECT `cat_name` FROM `yp_category` WHERE `cat_id` = 8 LIMIT 1   [ RunTime:0.0003s ]
SQL: SELECT `sre_name` FROM `yp_source` WHERE `sre_id` = 1 LIMIT 1   [ RunTime:0.0003s ]
SQL: SELECT `cat_name` FROM `yp_category` WHERE `cat_id` = 7 LIMIT 1   [ RunTime:0.0003s ]
SQL: SELECT `sre_name` FROM `yp_source` WHERE `sre_id` = 2 LIMIT 1   [ RunTime:0.0003s ]
SQL: SELECT `cat_name` FROM `yp_category` WHERE `cat_id` = 7 LIMIT 1   [ RunTime:0.0003s ]
SQL: SELECT `sre_name` FROM `yp_source` WHERE `sre_id` = 1 LIMIT 1   [ RunTime:0.0003s ]
SQL: SELECT * FROM `yp_category` WHERE `is_show` = '0' AND `cat_pid` <> '0'  [ RunTime:0.0004s ]
SQL: SHOW COLUMNS FROM `yp_article` [ RunTime:0.0007s ]
SQL: SELECT * FROM `yp_article` WHERE `cat_id` = 7  [ RunTime:0.0019s ]
SQL: SELECT * FROM `yp_article` WHERE `cat_id` = 8  [ RunTime:0.0009s ]
SQL: SELECT * FROM `yp_article` WHERE `cat_id` = 9  [ RunTime:0.0049s ]
SQL: SELECT * FROM `yp_article` WHERE `cat_id` = 10  [ RunTime:0.0008s ]
SQL: SELECT * FROM `yp_article` WHERE `cat_id` = 11  [ RunTime:0.0008s ]
SQL: SELECT * FROM `yp_article` WHERE `status` = 0 AND `is_show` = 0 ORDER BY article_id desc LIMIT 5   [ RunTime:0.0015s ]
SQL: SELECT * FROM `yp_article` WHERE `status` = 0 AND `is_show` = 0 ORDER BY hits desc LIMIT 5   [ RunTime:0.0014s ]
INFO: [ view_parse ] --START--
INFO: [ template_filter ] --START--
INFO: Run Behavior\ContentReplaceBehavior [ RunTime:0.000106s ]
INFO: [ template_filter ] --END-- [ RunTime:0.000197s ]
INFO: Run Behavior\ParseTemplateBehavior [ RunTime:0.028594s ]
INFO: [ view_parse ] --END-- [ RunTime:0.028686s ]
INFO: [ view_filter ] --START--
INFO: Run Behavior\WriteHtmlCacheBehavior [ RunTime:0.001346s ]
INFO: [ view_filter ] --END-- [ RunTime:0.001419s ]
INFO: [ app_end ] --START--
INFO: Run Behavior\ShowPageTraceBehavior [ RunTime:0.003755s ]
INFO: [ app_end ] --END-- [ RunTime:0.003850s ]

