[ 2016-05-02T21:24:17+08:00 ] 127.0.0.1 /index.php
INFO: [ app_init ] --START--
INFO: Run Behavior\BuildLiteBehavior [ RunTime:0.000022s ]
INFO: [ app_init ] --END-- [ RunTime:0.004206s ]
INFO: [ app_begin ] --START--
INFO: Run Behavior\ReadHtmlCacheBehavior [ RunTime:0.000775s ]
INFO: [ app_begin ] --END-- [ RunTime:0.000859s ]
SQL: SHOW COLUMNS FROM `yp_category` [ RunTime:0.0131s ]
SQL: SELECT `cat_id`,`cat_name`,`url` FROM `yp_category` WHERE `is_show` = 0 AND `cat_pid` = 0 ORDER BY sort_order LIMIT 6   [ RunTime:0.0151s ]
SQL: SHOW COLUMNS FROM `yp_article` [ RunTime:0.0039s ]
SQL: SELECT * FROM `yp_article` WHERE `is_top` = 0 AND `status` = 0 AND `is_show` = 0 ORDER BY article_id desc LIMIT 3   [ RunTime:0.0181s ]
SQL: SELECT * FROM `yp_article` ORDER BY add_time desc LIMIT 5   [ RunTime:0.0127s ]
SQL: SELECT `cat_name` FROM `yp_category` WHERE `cat_id` = 5 LIMIT 1   [ RunTime:0.0035s ]
SQL: SHOW COLUMNS FROM `yp_source` [ RunTime:0.0095s ]
SQL: SELECT `sre_name` FROM `yp_source` WHERE `sre_id` = 1 LIMIT 1   [ RunTime:0.0006s ]
SQL: SELECT `cat_name` FROM `yp_category` WHERE `cat_id` = 3 LIMIT 1   [ RunTime:0.0006s ]
SQL: SELECT `sre_name` FROM `yp_source` WHERE `sre_id` = 2 LIMIT 1   [ RunTime:0.0004s ]
SQL: SELECT `cat_name` FROM `yp_category` WHERE `cat_id` = 8 LIMIT 1   [ RunTime:0.0004s ]
SQL: SELECT `sre_name` FROM `yp_source` WHERE `sre_id` = 1 LIMIT 1   [ RunTime:0.0003s ]
SQL: SELECT `cat_name` FROM `yp_category` WHERE `cat_id` = 7 LIMIT 1   [ RunTime:0.0003s ]
SQL: SELECT `sre_name` FROM `yp_source` WHERE `sre_id` = 2 LIMIT 1   [ RunTime:0.0004s ]
SQL: SELECT `cat_name` FROM `yp_category` WHERE `cat_id` = 7 LIMIT 1   [ RunTime:0.0003s ]
SQL: SELECT `sre_name` FROM `yp_source` WHERE `sre_id` = 1 LIMIT 1   [ RunTime:0.0004s ]
SQL: SELECT * FROM `yp_category` WHERE `is_show` = '0' AND `cat_pid` <> '0'  [ RunTime:0.0037s ]
SQL: SHOW COLUMNS FROM `yp_article` [ RunTime:0.0007s ]
SQL: SELECT * FROM `yp_article` WHERE `cat_id` = 7  [ RunTime:0.0085s ]
SQL: SELECT * FROM `yp_article` WHERE `cat_id` = 8  [ RunTime:0.0009s ]
SQL: SELECT * FROM `yp_article` WHERE `cat_id` = 9  [ RunTime:0.0078s ]
SQL: SELECT * FROM `yp_article` WHERE `cat_id` = 10  [ RunTime:0.0008s ]
SQL: SELECT * FROM `yp_article` WHERE `cat_id` = 11  [ RunTime:0.0008s ]
SQL: SELECT * FROM `yp_article` WHERE `status` = 0 AND `is_show` = 0 ORDER BY article_id desc LIMIT 5   [ RunTime:0.0017s ]
SQL: SELECT * FROM `yp_article` WHERE `status` = 0 AND `is_show` = 0 ORDER BY hits desc LIMIT 5   [ RunTime:0.0011s ]
INFO: [ view_parse ] --START--
INFO: [ template_filter ] --START--
INFO: Run Behavior\ContentReplaceBehavior [ RunTime:0.000194s ]
INFO: [ template_filter ] --END-- [ RunTime:0.000269s ]
INFO: Run Behavior\ParseTemplateBehavior [ RunTime:0.042664s ]
INFO: [ view_parse ] --END-- [ RunTime:0.042761s ]
INFO: [ view_filter ] --START--
INFO: Run Behavior\WriteHtmlCacheBehavior [ RunTime:0.003699s ]
INFO: [ view_filter ] --END-- [ RunTime:0.003773s ]
INFO: [ app_end ] --START--
INFO: Run Behavior\ShowPageTraceBehavior [ RunTime:0.003781s ]
INFO: [ app_end ] --END-- [ RunTime:0.003871s ]

[ 2016-05-02T21:24:19+08:00 ] 127.0.0.1 /Home/Message/message
INFO: [ app_init ] --START--
INFO: Run Behavior\BuildLiteBehavior [ RunTime:0.000014s ]
INFO: [ app_init ] --END-- [ RunTime:0.000287s ]
INFO: [ app_begin ] --START--
INFO: Run Behavior\ReadHtmlCacheBehavior [ RunTime:0.000345s ]
INFO: [ app_begin ] --END-- [ RunTime:0.000390s ]
SQL: SHOW COLUMNS FROM `yp_category` [ RunTime:0.0006s ]
SQL: SELECT `cat_id`,`cat_name`,`url` FROM `yp_category` WHERE `is_show` = 0 AND `cat_pid` = 0 ORDER BY sort_order LIMIT 6   [ RunTime:0.0003s ]
SQL: SHOW COLUMNS FROM `yp_article` [ RunTime:0.0005s ]
SQL: SHOW COLUMNS FROM `yp_article` [ RunTime:0.0004s ]
SQL: SELECT * FROM `yp_article` WHERE `status` = 0 AND `is_show` = 0 ORDER BY article_id desc LIMIT 5   [ RunTime:0.0078s ]
SQL: SHOW COLUMNS FROM `yp_message` [ RunTime:0.0029s ]
SQL: SELECT * FROM `yp_message` ORDER BY message_id desc  [ RunTime:0.0003s ]
SQL: SELECT * FROM `yp_article` WHERE `status` = 0 AND `is_show` = 0 ORDER BY hits desc LIMIT 5   [ RunTime:0.0077s ]
INFO: [ view_parse ] --START--
INFO: [ template_filter ] --START--
INFO: Run Behavior\ContentReplaceBehavior [ RunTime:0.000198s ]
INFO: [ template_filter ] --END-- [ RunTime:0.000282s ]
INFO: Run Behavior\ParseTemplateBehavior [ RunTime:0.022085s ]
INFO: [ view_parse ] --END-- [ RunTime:0.022221s ]
INFO: [ view_filter ] --START--
INFO: Run Behavior\WriteHtmlCacheBehavior [ RunTime:0.000208s ]
INFO: [ view_filter ] --END-- [ RunTime:0.000257s ]
INFO: [ app_end ] --START--
INFO: Run Behavior\ShowPageTraceBehavior [ RunTime:0.000994s ]
INFO: [ app_end ] --END-- [ RunTime:0.001195s ]

[ 2016-05-02T21:24:24+08:00 ] 127.0.0.1 /index.php/Home/Message/message
INFO: [ app_init ] --START--
INFO: Run Behavior\BuildLiteBehavior [ RunTime:0.000043s ]
INFO: [ app_init ] --END-- [ RunTime:0.000319s ]
INFO: [ app_begin ] --START--
INFO: Run Behavior\ReadHtmlCacheBehavior [ RunTime:0.000397s ]
INFO: [ app_begin ] --END-- [ RunTime:0.000432s ]
SQL: SHOW COLUMNS FROM `yp_category` [ RunTime:0.0006s ]
SQL: SELECT `cat_id`,`cat_name`,`url` FROM `yp_category` WHERE `is_show` = 0 AND `cat_pid` = 0 ORDER BY sort_order LIMIT 6   [ RunTime:0.0004s ]
SQL: SHOW COLUMNS FROM `yp_message` [ RunTime:0.0005s ]
SQL: INSERT INTO `yp_message` (`message_content`,`message_time`,`visitor`) VALUES ('sfafasf','1462195464','匿名') [ RunTime:0.0064s ]
SQL: SELECT * FROM `yp_message` ORDER BY message_id desc  [ RunTime:0.0003s ]

[ 2016-05-02T21:24:31+08:00 ] 127.0.0.1 /Home/Message/message
INFO: [ app_init ] --START--
INFO: Run Behavior\BuildLiteBehavior [ RunTime:0.000013s ]
INFO: [ app_init ] --END-- [ RunTime:0.000310s ]
INFO: [ app_begin ] --START--
INFO: Run Behavior\ReadHtmlCacheBehavior [ RunTime:0.000380s ]
INFO: [ app_begin ] --END-- [ RunTime:0.000433s ]
SQL: SHOW COLUMNS FROM `yp_category` [ RunTime:0.0005s ]
SQL: SELECT `cat_id`,`cat_name`,`url` FROM `yp_category` WHERE `is_show` = 0 AND `cat_pid` = 0 ORDER BY sort_order LIMIT 6   [ RunTime:0.0006s ]
SQL: SHOW COLUMNS FROM `yp_article` [ RunTime:0.0009s ]
SQL: SHOW COLUMNS FROM `yp_article` [ RunTime:0.0007s ]
SQL: SELECT * FROM `yp_article` WHERE `status` = 0 AND `is_show` = 0 ORDER BY article_id desc LIMIT 5   [ RunTime:0.0014s ]
SQL: SHOW COLUMNS FROM `yp_message` [ RunTime:0.0006s ]
SQL: SELECT * FROM `yp_message` ORDER BY message_id desc  [ RunTime:0.0003s ]
SQL: SELECT * FROM `yp_article` WHERE `status` = 0 AND `is_show` = 0 ORDER BY hits desc LIMIT 5   [ RunTime:0.0011s ]
INFO: [ view_parse ] --START--
INFO: [ template_filter ] --START--
INFO: Run Behavior\ContentReplaceBehavior [ RunTime:0.000073s ]
INFO: [ template_filter ] --END-- [ RunTime:0.000108s ]
INFO: Run Behavior\ParseTemplateBehavior [ RunTime:0.006861s ]
INFO: [ view_parse ] --END-- [ RunTime:0.006930s ]
INFO: [ view_filter ] --START--
INFO: Run Behavior\WriteHtmlCacheBehavior [ RunTime:0.000098s ]
INFO: [ view_filter ] --END-- [ RunTime:0.000122s ]
INFO: [ app_end ] --START--
INFO: Run Behavior\ShowPageTraceBehavior [ RunTime:0.000522s ]
INFO: [ app_end ] --END-- [ RunTime:0.000593s ]

[ 2016-05-02T21:28:43+08:00 ] 127.0.0.1 /Home/Message/message
INFO: [ app_init ] --START--
INFO: Run Behavior\BuildLiteBehavior [ RunTime:0.000015s ]
INFO: [ app_init ] --END-- [ RunTime:0.000348s ]
INFO: [ app_begin ] --START--
INFO: Run Behavior\ReadHtmlCacheBehavior [ RunTime:0.000437s ]
INFO: [ app_begin ] --END-- [ RunTime:0.000499s ]
SQL: SHOW COLUMNS FROM `yp_category` [ RunTime:0.0007s ]
SQL: SELECT `cat_id`,`cat_name`,`url` FROM `yp_category` WHERE `is_show` = 0 AND `cat_pid` = 0 ORDER BY sort_order LIMIT 6   [ RunTime:0.0005s ]
SQL: SHOW COLUMNS FROM `yp_article` [ RunTime:0.0014s ]
SQL: SHOW COLUMNS FROM `yp_article` [ RunTime:0.0005s ]
SQL: SELECT * FROM `yp_article` WHERE `status` = 0 AND `is_show` = 0 ORDER BY article_id desc LIMIT 5   [ RunTime:0.0015s ]
SQL: SHOW COLUMNS FROM `yp_message` [ RunTime:0.0004s ]
SQL: SELECT * FROM `yp_message` ORDER BY message_id desc  [ RunTime:0.0027s ]
SQL: SELECT * FROM `yp_article` WHERE `status` = 0 AND `is_show` = 0 ORDER BY hits desc LIMIT 5   [ RunTime:0.0014s ]
INFO: [ view_parse ] --START--
INFO: [ template_filter ] --START--
INFO: Run Behavior\ContentReplaceBehavior [ RunTime:0.000097s ]
INFO: [ template_filter ] --END-- [ RunTime:0.000133s ]
INFO: Run Behavior\ParseTemplateBehavior [ RunTime:0.006537s ]
INFO: [ view_parse ] --END-- [ RunTime:0.006591s ]
INFO: [ view_filter ] --START--
INFO: Run Behavior\WriteHtmlCacheBehavior [ RunTime:0.000099s ]
INFO: [ view_filter ] --END-- [ RunTime:0.000122s ]
INFO: [ app_end ] --START--
INFO: Run Behavior\ShowPageTraceBehavior [ RunTime:0.000670s ]
INFO: [ app_end ] --END-- [ RunTime:0.000748s ]

[ 2016-05-02T21:28:47+08:00 ] 127.0.0.1 /index.php/Home/Message/message
INFO: [ app_init ] --START--
INFO: Run Behavior\BuildLiteBehavior [ RunTime:0.000009s ]
INFO: [ app_init ] --END-- [ RunTime:0.000202s ]
INFO: [ app_begin ] --START--
INFO: Run Behavior\ReadHtmlCacheBehavior [ RunTime:0.000258s ]
INFO: [ app_begin ] --END-- [ RunTime:0.000297s ]
SQL: SHOW COLUMNS FROM `yp_category` [ RunTime:0.0005s ]
SQL: SELECT `cat_id`,`cat_name`,`url` FROM `yp_category` WHERE `is_show` = 0 AND `cat_pid` = 0 ORDER BY sort_order LIMIT 6   [ RunTime:0.0030s ]
SQL: SHOW COLUMNS FROM `yp_message` [ RunTime:0.0006s ]
SQL: INSERT INTO `yp_message` (`message_content`,`message_time`,`visitor`) VALUES ('cascas','1462195727','匿名') [ RunTime:0.0023s ]
SQL: SELECT * FROM `yp_message` ORDER BY message_id desc  [ RunTime:0.0008s ]

[ 2016-05-02T21:29:39+08:00 ] 127.0.0.1 /Home/Message/message
INFO: [ app_init ] --START--
INFO: Run Behavior\BuildLiteBehavior [ RunTime:0.000013s ]
INFO: [ app_init ] --END-- [ RunTime:0.000413s ]
INFO: [ app_begin ] --START--
INFO: Run Behavior\ReadHtmlCacheBehavior [ RunTime:0.000308s ]
INFO: [ app_begin ] --END-- [ RunTime:0.000345s ]
SQL: SHOW COLUMNS FROM `yp_category` [ RunTime:0.0005s ]
SQL: SELECT `cat_id`,`cat_name`,`url` FROM `yp_category` WHERE `is_show` = 0 AND `cat_pid` = 0 ORDER BY sort_order LIMIT 6   [ RunTime:0.0003s ]
SQL: SHOW COLUMNS FROM `yp_article` [ RunTime:0.0015s ]
SQL: SHOW COLUMNS FROM `yp_article` [ RunTime:0.0005s ]
SQL: SELECT * FROM `yp_article` WHERE `status` = 0 AND `is_show` = 0 ORDER BY article_id desc LIMIT 5   [ RunTime:0.0017s ]
SQL: SHOW COLUMNS FROM `yp_message` [ RunTime:0.0005s ]
SQL: SELECT * FROM `yp_message` ORDER BY message_id desc  [ RunTime:0.0002s ]
SQL: SELECT * FROM `yp_article` WHERE `status` = 0 AND `is_show` = 0 ORDER BY hits desc LIMIT 5   [ RunTime:0.0011s ]
INFO: [ view_parse ] --START--
INFO: [ template_filter ] --START--
INFO: Run Behavior\ContentReplaceBehavior [ RunTime:0.000045s ]
INFO: [ template_filter ] --END-- [ RunTime:0.000081s ]
INFO: Run Behavior\ParseTemplateBehavior [ RunTime:0.008034s ]
INFO: [ view_parse ] --END-- [ RunTime:0.008067s ]
INFO: [ view_filter ] --START--
INFO: Run Behavior\WriteHtmlCacheBehavior [ RunTime:0.000097s ]
INFO: [ view_filter ] --END-- [ RunTime:0.000122s ]
INFO: [ app_end ] --START--
INFO: Run Behavior\ShowPageTraceBehavior [ RunTime:0.000393s ]
INFO: [ app_end ] --END-- [ RunTime:0.000454s ]

[ 2016-05-02T21:29:43+08:00 ] 127.0.0.1 /index.php/Home/Message/message
INFO: [ app_init ] --START--
INFO: Run Behavior\BuildLiteBehavior [ RunTime:0.000009s ]
INFO: [ app_init ] --END-- [ RunTime:0.000199s ]
INFO: [ app_begin ] --START--
INFO: Run Behavior\ReadHtmlCacheBehavior [ RunTime:0.000246s ]
INFO: [ app_begin ] --END-- [ RunTime:0.000275s ]
SQL: SHOW COLUMNS FROM `yp_category` [ RunTime:0.0005s ]
SQL: SELECT `cat_id`,`cat_name`,`url` FROM `yp_category` WHERE `is_show` = 0 AND `cat_pid` = 0 ORDER BY sort_order LIMIT 6   [ RunTime:0.0003s ]
SQL: SHOW COLUMNS FROM `yp_message` [ RunTime:0.0004s ]
SQL: INSERT INTO `yp_message` (`message_content`,`message_time`,`visitor`) VALUES ('asdasda','1462195783','匿名') [ RunTime:0.0061s ]
SQL: SELECT * FROM `yp_message` ORDER BY message_id desc  [ RunTime:0.0044s ]

[ 2016-05-02T21:31:35+08:00 ] 127.0.0.1 /Home/Message/message
INFO: [ app_init ] --START--
INFO: Run Behavior\BuildLiteBehavior [ RunTime:0.000011s ]
INFO: [ app_init ] --END-- [ RunTime:0.000268s ]
INFO: [ app_begin ] --START--
INFO: Run Behavior\ReadHtmlCacheBehavior [ RunTime:0.000343s ]
INFO: [ app_begin ] --END-- [ RunTime:0.000382s ]
SQL: SHOW COLUMNS FROM `yp_category` [ RunTime:0.0005s ]
SQL: SELECT `cat_id`,`cat_name`,`url` FROM `yp_category` WHERE `is_show` = 0 AND `cat_pid` = 0 ORDER BY sort_order LIMIT 6   [ RunTime:0.0003s ]
SQL: SHOW COLUMNS FROM `yp_article` [ RunTime:0.0008s ]
SQL: SHOW COLUMNS FROM `yp_article` [ RunTime:0.0005s ]
SQL: SELECT * FROM `yp_article` WHERE `status` = 0 AND `is_show` = 0 ORDER BY article_id desc LIMIT 5   [ RunTime:0.0019s ]
SQL: SHOW COLUMNS FROM `yp_message` [ RunTime:0.0006s ]
SQL: SELECT * FROM `yp_message` ORDER BY message_id desc  [ RunTime:0.0002s ]
SQL: SELECT * FROM `yp_article` WHERE `status` = 0 AND `is_show` = 0 ORDER BY hits desc LIMIT 5   [ RunTime:0.0034s ]
INFO: [ view_parse ] --START--
INFO: [ template_filter ] --START--
INFO: Run Behavior\ContentReplaceBehavior [ RunTime:0.000043s ]
INFO: [ template_filter ] --END-- [ RunTime:0.000079s ]
INFO: Run Behavior\ParseTemplateBehavior [ RunTime:0.005969s ]
INFO: [ view_parse ] --END-- [ RunTime:0.006007s ]
INFO: [ view_filter ] --START--
INFO: Run Behavior\WriteHtmlCacheBehavior [ RunTime:0.000095s ]
INFO: [ view_filter ] --END-- [ RunTime:0.000117s ]
INFO: [ app_end ] --START--
INFO: Run Behavior\ShowPageTraceBehavior [ RunTime:0.000476s ]
INFO: [ app_end ] --END-- [ RunTime:0.000521s ]

[ 2016-05-02T21:31:41+08:00 ] 127.0.0.1 /index.php/Home/Message/message
INFO: [ app_init ] --START--
INFO: Run Behavior\BuildLiteBehavior [ RunTime:0.000010s ]
INFO: [ app_init ] --END-- [ RunTime:0.000204s ]
INFO: [ app_begin ] --START--
INFO: Run Behavior\ReadHtmlCacheBehavior [ RunTime:0.000380s ]
INFO: [ app_begin ] --END-- [ RunTime:0.000417s ]
SQL: SHOW COLUMNS FROM `yp_category` [ RunTime:0.0005s ]
SQL: SELECT `cat_id`,`cat_name`,`url` FROM `yp_category` WHERE `is_show` = 0 AND `cat_pid` = 0 ORDER BY sort_order LIMIT 6   [ RunTime:0.0003s ]
SQL: SHOW COLUMNS FROM `yp_message` [ RunTime:0.0031s ]
SQL: INSERT INTO `yp_message` (`message_content`,`message_time`,`visitor`) VALUES ('zsdsdfdsfs','1462195901','匿名') [ RunTime:0.0026s ]
SQL: SELECT * FROM `yp_message` ORDER BY message_id desc  [ RunTime:0.0004s ]

[ 2016-05-02T21:31:52+08:00 ] 127.0.0.1 /index.php/Home/Message/message
INFO: [ app_init ] --START--
INFO: Run Behavior\BuildLiteBehavior [ RunTime:0.000010s ]
INFO: [ app_init ] --END-- [ RunTime:0.000225s ]
INFO: [ app_begin ] --START--
INFO: Run Behavior\ReadHtmlCacheBehavior [ RunTime:0.000362s ]
INFO: [ app_begin ] --END-- [ RunTime:0.000406s ]
SQL: SHOW COLUMNS FROM `yp_category` [ RunTime:0.0006s ]
SQL: SELECT `cat_id`,`cat_name`,`url` FROM `yp_category` WHERE `is_show` = 0 AND `cat_pid` = 0 ORDER BY sort_order LIMIT 6   [ RunTime:0.0003s ]
SQL: SHOW COLUMNS FROM `yp_message` [ RunTime:0.0005s ]
SQL: INSERT INTO `yp_message` (`message_content`,`message_time`,`visitor`) VALUES ('11111','1462195912','匿名') [ RunTime:0.0022s ]
SQL: SELECT * FROM `yp_message` ORDER BY message_id desc  [ RunTime:0.0011s ]

[ 2016-05-02T21:31:56+08:00 ] 127.0.0.1 /Home/Message/message
INFO: [ app_init ] --START--
INFO: Run Behavior\BuildLiteBehavior [ RunTime:0.000010s ]
INFO: [ app_init ] --END-- [ RunTime:0.000272s ]
INFO: [ app_begin ] --START--
INFO: Run Behavior\ReadHtmlCacheBehavior [ RunTime:0.000266s ]
INFO: [ app_begin ] --END-- [ RunTime:0.000296s ]
SQL: SHOW COLUMNS FROM `yp_category` [ RunTime:0.0007s ]
SQL: SELECT `cat_id`,`cat_name`,`url` FROM `yp_category` WHERE `is_show` = 0 AND `cat_pid` = 0 ORDER BY sort_order LIMIT 6   [ RunTime:0.0003s ]
SQL: SHOW COLUMNS FROM `yp_article` [ RunTime:0.0005s ]
SQL: SHOW COLUMNS FROM `yp_article` [ RunTime:0.0005s ]
SQL: SELECT * FROM `yp_article` WHERE `status` = 0 AND `is_show` = 0 ORDER BY article_id desc LIMIT 5   [ RunTime:0.0016s ]
SQL: SHOW COLUMNS FROM `yp_message` [ RunTime:0.0005s ]
SQL: SELECT * FROM `yp_message` ORDER BY message_id desc  [ RunTime:0.0002s ]
SQL: SELECT * FROM `yp_article` WHERE `status` = 0 AND `is_show` = 0 ORDER BY hits desc LIMIT 5   [ RunTime:0.0008s ]
INFO: [ view_parse ] --START--
INFO: [ template_filter ] --START--
INFO: Run Behavior\ContentReplaceBehavior [ RunTime:0.000055s ]
INFO: [ template_filter ] --END-- [ RunTime:0.000101s ]
INFO: Run Behavior\ParseTemplateBehavior [ RunTime:0.005804s ]
INFO: [ view_parse ] --END-- [ RunTime:0.005859s ]
INFO: [ view_filter ] --START--
INFO: Run Behavior\WriteHtmlCacheBehavior [ RunTime:0.000123s ]
INFO: [ view_filter ] --END-- [ RunTime:0.000154s ]
INFO: [ app_end ] --START--
INFO: Run Behavior\ShowPageTraceBehavior [ RunTime:0.000521s ]
INFO: [ app_end ] --END-- [ RunTime:0.000575s ]

[ 2016-05-02T21:32:49+08:00 ] 127.0.0.1 /Home/Message/message
INFO: [ app_init ] --START--
INFO: Run Behavior\BuildLiteBehavior [ RunTime:0.000013s ]
INFO: [ app_init ] --END-- [ RunTime:0.000282s ]
INFO: [ app_begin ] --START--
INFO: Run Behavior\ReadHtmlCacheBehavior [ RunTime:0.000452s ]
INFO: [ app_begin ] --END-- [ RunTime:0.000501s ]
SQL: SHOW COLUMNS FROM `yp_category` [ RunTime:0.0007s ]
SQL: SELECT `cat_id`,`cat_name`,`url` FROM `yp_category` WHERE `is_show` = 0 AND `cat_pid` = 0 ORDER BY sort_order LIMIT 6   [ RunTime:0.0004s ]
SQL: SHOW COLUMNS FROM `yp_article` [ RunTime:0.0007s ]
SQL: SHOW COLUMNS FROM `yp_article` [ RunTime:0.0005s ]
SQL: SELECT * FROM `yp_article` WHERE `status` = 0 AND `is_show` = 0 ORDER BY article_id desc LIMIT 5   [ RunTime:0.0014s ]
SQL: SHOW COLUMNS FROM `yp_message` [ RunTime:0.0004s ]
SQL: SELECT * FROM `yp_message` ORDER BY message_id desc  [ RunTime:0.0002s ]
SQL: SELECT * FROM `yp_article` WHERE `status` = 0 AND `is_show` = 0 ORDER BY hits desc LIMIT 5   [ RunTime:0.0070s ]
INFO: [ view_parse ] --START--
INFO: [ template_filter ] --START--
INFO: Run Behavior\ContentReplaceBehavior [ RunTime:0.000095s ]
INFO: [ template_filter ] --END-- [ RunTime:0.000147s ]
INFO: Run Behavior\ParseTemplateBehavior [ RunTime:0.020211s ]
INFO: [ view_parse ] --END-- [ RunTime:0.020273s ]
INFO: [ view_filter ] --START--
INFO: Run Behavior\WriteHtmlCacheBehavior [ RunTime:0.000133s ]
INFO: [ view_filter ] --END-- [ RunTime:0.000160s ]
INFO: [ app_end ] --START--
INFO: Run Behavior\ShowPageTraceBehavior [ RunTime:0.000604s ]
INFO: [ app_end ] --END-- [ RunTime:0.000657s ]

[ 2016-05-02T21:33:15+08:00 ] 127.0.0.1 /index.php/Home/Message/message
INFO: [ app_init ] --START--
INFO: Run Behavior\BuildLiteBehavior [ RunTime:0.000009s ]
INFO: [ app_init ] --END-- [ RunTime:0.000193s ]
INFO: [ app_begin ] --START--
INFO: Run Behavior\ReadHtmlCacheBehavior [ RunTime:0.000235s ]
INFO: [ app_begin ] --END-- [ RunTime:0.000263s ]
SQL: SHOW COLUMNS FROM `yp_category` [ RunTime:0.0006s ]
SQL: SELECT `cat_id`,`cat_name`,`url` FROM `yp_category` WHERE `is_show` = 0 AND `cat_pid` = 0 ORDER BY sort_order LIMIT 6   [ RunTime:0.0003s ]
SQL: SHOW COLUMNS FROM `yp_message` [ RunTime:0.0004s ]
SQL: INSERT INTO `yp_message` (`message_content`,`message_time`,`visitor`) VALUES ('sadasdad','1462195995','匿名') [ RunTime:0.0064s ]
SQL: SELECT * FROM `yp_message` ORDER BY message_id desc  [ RunTime:0.0004s ]

[ 2016-05-02T21:33:22+08:00 ] 127.0.0.1 /Home/Message/message
INFO: [ app_init ] --START--
INFO: Run Behavior\BuildLiteBehavior [ RunTime:0.000009s ]
INFO: [ app_init ] --END-- [ RunTime:0.000200s ]
INFO: [ app_begin ] --START--
INFO: Run Behavior\ReadHtmlCacheBehavior [ RunTime:0.000246s ]
INFO: [ app_begin ] --END-- [ RunTime:0.000276s ]
SQL: SHOW COLUMNS FROM `yp_category` [ RunTime:0.0005s ]
SQL: SELECT `cat_id`,`cat_name`,`url` FROM `yp_category` WHERE `is_show` = 0 AND `cat_pid` = 0 ORDER BY sort_order LIMIT 6   [ RunTime:0.0003s ]
SQL: SHOW COLUMNS FROM `yp_article` [ RunTime:0.0005s ]
SQL: SHOW COLUMNS FROM `yp_article` [ RunTime:0.0005s ]
SQL: SELECT * FROM `yp_article` WHERE `status` = 0 AND `is_show` = 0 ORDER BY article_id desc LIMIT 5   [ RunTime:0.0013s ]
SQL: SHOW COLUMNS FROM `yp_message` [ RunTime:0.0004s ]
SQL: SELECT * FROM `yp_message` ORDER BY message_id desc  [ RunTime:0.0002s ]
SQL: SELECT * FROM `yp_article` WHERE `status` = 0 AND `is_show` = 0 ORDER BY hits desc LIMIT 5   [ RunTime:0.0012s ]
INFO: [ view_parse ] --START--
INFO: [ template_filter ] --START--
INFO: Run Behavior\ContentReplaceBehavior [ RunTime:0.000043s ]
INFO: [ template_filter ] --END-- [ RunTime:0.000077s ]
INFO: Run Behavior\ParseTemplateBehavior [ RunTime:0.004832s ]
INFO: [ view_parse ] --END-- [ RunTime:0.004866s ]
INFO: [ view_filter ] --START--
INFO: Run Behavior\WriteHtmlCacheBehavior [ RunTime:0.000108s ]
INFO: [ view_filter ] --END-- [ RunTime:0.000131s ]
INFO: [ app_end ] --START--
INFO: Run Behavior\ShowPageTraceBehavior [ RunTime:0.000476s ]
INFO: [ app_end ] --END-- [ RunTime:0.000532s ]

[ 2016-05-02T21:33:32+08:00 ] 127.0.0.1 /index.php/Home/Message/message
INFO: [ app_init ] --START--
INFO: Run Behavior\BuildLiteBehavior [ RunTime:0.000017s ]
INFO: [ app_init ] --END-- [ RunTime:0.000433s ]
INFO: [ app_begin ] --START--
INFO: Run Behavior\ReadHtmlCacheBehavior [ RunTime:0.000491s ]
INFO: [ app_begin ] --END-- [ RunTime:0.000572s ]
SQL: SHOW COLUMNS FROM `yp_category` [ RunTime:0.0005s ]
SQL: SELECT `cat_id`,`cat_name`,`url` FROM `yp_category` WHERE `is_show` = 0 AND `cat_pid` = 0 ORDER BY sort_order LIMIT 6   [ RunTime:0.0003s ]
SQL: SHOW COLUMNS FROM `yp_message` [ RunTime:0.0005s ]
SQL: INSERT INTO `yp_message` (`message_content`,`message_time`,`visitor`) VALUES ('asdasdaa','1462196012','匿名') [ RunTime:0.0021s ]
SQL: SELECT * FROM `yp_message` ORDER BY message_id desc  [ RunTime:0.0003s ]

[ 2016-05-02T21:35:35+08:00 ] 127.0.0.1 /Home/Message/message
INFO: [ app_init ] --START--
INFO: Run Behavior\BuildLiteBehavior [ RunTime:0.000011s ]
INFO: [ app_init ] --END-- [ RunTime:0.000476s ]
INFO: [ app_begin ] --START--
INFO: Run Behavior\ReadHtmlCacheBehavior [ RunTime:0.003653s ]
INFO: [ app_begin ] --END-- [ RunTime:0.003724s ]
SQL: SHOW COLUMNS FROM `yp_category` [ RunTime:0.0006s ]
SQL: SELECT `cat_id`,`cat_name`,`url` FROM `yp_category` WHERE `is_show` = 0 AND `cat_pid` = 0 ORDER BY sort_order LIMIT 6   [ RunTime:0.0003s ]
SQL: SHOW COLUMNS FROM `yp_article` [ RunTime:0.0007s ]
SQL: SHOW COLUMNS FROM `yp_article` [ RunTime:0.0010s ]
SQL: SELECT * FROM `yp_article` WHERE `status` = 0 AND `is_show` = 0 ORDER BY article_id desc LIMIT 5   [ RunTime:0.0013s ]
SQL: SHOW COLUMNS FROM `yp_message` [ RunTime:0.0005s ]
SQL: SELECT * FROM `yp_message` ORDER BY message_id desc  [ RunTime:0.0003s ]
SQL: SELECT * FROM `yp_article` WHERE `status` = 0 AND `is_show` = 0 ORDER BY hits desc LIMIT 5   [ RunTime:0.0011s ]
INFO: [ view_parse ] --START--
INFO: [ template_filter ] --START--
INFO: Run Behavior\ContentReplaceBehavior [ RunTime:0.000056s ]
INFO: [ template_filter ] --END-- [ RunTime:0.000107s ]
INFO: Run Behavior\ParseTemplateBehavior [ RunTime:0.016240s ]
INFO: [ view_parse ] --END-- [ RunTime:0.016282s ]
INFO: [ view_filter ] --START--
INFO: Run Behavior\WriteHtmlCacheBehavior [ RunTime:0.001570s ]
INFO: [ view_filter ] --END-- [ RunTime:0.001620s ]
INFO: [ app_end ] --START--
INFO: Run Behavior\ShowPageTraceBehavior [ RunTime:0.003784s ]
INFO: [ app_end ] --END-- [ RunTime:0.003864s ]

[ 2016-05-02T21:35:55+08:00 ] 127.0.0.1 /index.php/Home/Message/message
INFO: [ app_init ] --START--
INFO: Run Behavior\BuildLiteBehavior [ RunTime:0.000009s ]
INFO: [ app_init ] --END-- [ RunTime:0.000201s ]
INFO: [ app_begin ] --START--
INFO: Run Behavior\ReadHtmlCacheBehavior [ RunTime:0.000343s ]
INFO: [ app_begin ] --END-- [ RunTime:0.000384s ]
SQL: SHOW COLUMNS FROM `yp_category` [ RunTime:0.0004s ]
SQL: SELECT `cat_id`,`cat_name`,`url` FROM `yp_category` WHERE `is_show` = 0 AND `cat_pid` = 0 ORDER BY sort_order LIMIT 6   [ RunTime:0.0003s ]
SQL: SHOW COLUMNS FROM `yp_message` [ RunTime:0.0004s ]
SQL: INSERT INTO `yp_message` (`message_content`,`message_time`,`visitor`) VALUES ('asdasd','1462196155','匿名') [ RunTime:0.0036s ]
SQL: SELECT * FROM `yp_message` ORDER BY message_id desc  [ RunTime:0.0005s ]

[ 2016-05-02T21:36:49+08:00 ] 127.0.0.1 /Home/Message/message
INFO: [ app_init ] --START--
INFO: Run Behavior\BuildLiteBehavior [ RunTime:0.000009s ]
INFO: [ app_init ] --END-- [ RunTime:0.000200s ]
INFO: [ app_begin ] --START--
INFO: Run Behavior\ReadHtmlCacheBehavior [ RunTime:0.000282s ]
INFO: [ app_begin ] --END-- [ RunTime:0.000315s ]
SQL: SHOW COLUMNS FROM `yp_category` [ RunTime:0.0005s ]
SQL: SELECT `cat_id`,`cat_name`,`url` FROM `yp_category` WHERE `is_show` = 0 AND `cat_pid` = 0 ORDER BY sort_order LIMIT 6   [ RunTime:0.0003s ]
SQL: SHOW COLUMNS FROM `yp_article` [ RunTime:0.0005s ]
SQL: SHOW COLUMNS FROM `yp_article` [ RunTime:0.0005s ]
SQL: SELECT * FROM `yp_article` WHERE `status` = 0 AND `is_show` = 0 ORDER BY article_id desc LIMIT 5   [ RunTime:0.0022s ]
SQL: SHOW COLUMNS FROM `yp_message` [ RunTime:0.0005s ]
SQL: SELECT * FROM `yp_message` ORDER BY message_id desc  [ RunTime:0.0002s ]
SQL: SELECT * FROM `yp_article` WHERE `status` = 0 AND `is_show` = 0 ORDER BY hits desc LIMIT 5   [ RunTime:0.0013s ]
INFO: [ view_parse ] --START--
INFO: [ template_filter ] --START--
INFO: Run Behavior\ContentReplaceBehavior [ RunTime:0.000046s ]
INFO: [ template_filter ] --END-- [ RunTime:0.000088s ]
INFO: Run Behavior\ParseTemplateBehavior [ RunTime:0.011990s ]
INFO: [ view_parse ] --END-- [ RunTime:0.012041s ]
INFO: [ view_filter ] --START--
INFO: Run Behavior\WriteHtmlCacheBehavior [ RunTime:0.000104s ]
INFO: [ view_filter ] --END-- [ RunTime:0.000128s ]
INFO: [ app_end ] --START--
INFO: Run Behavior\ShowPageTraceBehavior [ RunTime:0.000469s ]
INFO: [ app_end ] --END-- [ RunTime:0.000509s ]

[ 2016-05-02T21:36:53+08:00 ] 127.0.0.1 /index.php/Home/Message/message
INFO: [ app_init ] --START--
INFO: Run Behavior\BuildLiteBehavior [ RunTime:0.000018s ]
INFO: [ app_init ] --END-- [ RunTime:0.000428s ]
INFO: [ app_begin ] --START--
INFO: Run Behavior\ReadHtmlCacheBehavior [ RunTime:0.000547s ]
INFO: [ app_begin ] --END-- [ RunTime:0.000605s ]
SQL: SHOW COLUMNS FROM `yp_category` [ RunTime:0.0004s ]
SQL: SELECT `cat_id`,`cat_name`,`url` FROM `yp_category` WHERE `is_show` = 0 AND `cat_pid` = 0 ORDER BY sort_order LIMIT 6   [ RunTime:0.0003s ]
SQL: SHOW COLUMNS FROM `yp_message` [ RunTime:0.0004s ]
SQL: INSERT INTO `yp_message` (`message_content`,`message_time`,`visitor`) VALUES ('fgdfgdgf','1462196213','匿名') [ RunTime:0.0021s ]
SQL: SELECT * FROM `yp_message` ORDER BY message_id desc  [ RunTime:0.0003s ]

