[ 2016-05-01T21:32:55+08:00 ] 127.0.0.1 /
INFO: [ app_init ] --START--
INFO: Run Behavior\BuildLiteBehavior [ RunTime:0.000012s ]
INFO: [ app_init ] --END-- [ RunTime:0.000441s ]
INFO: [ app_begin ] --START--
INFO: Run Behavior\ReadHtmlCacheBehavior [ RunTime:0.000556s ]
INFO: [ app_begin ] --END-- [ RunTime:0.000650s ]
SQL: SHOW COLUMNS FROM `yp_category` [ RunTime:0.0008s ]
SQL: SELECT `cat_id`,`cat_name`,`url` FROM `yp_category` WHERE `is_show` = 0 AND `cat_pid` = 0 ORDER BY sort_order LIMIT 6   [ RunTime:0.0005s ]
SQL: SHOW COLUMNS FROM `yp_article` [ RunTime:0.0009s ]
SQL: SELECT * FROM `yp_article` WHERE `is_top` = 0 AND `status` = 0 AND `is_show` = 0 ORDER BY article_id desc LIMIT 3   [ RunTime:0.0026s ]
SQL: SELECT * FROM `yp_article` ORDER BY add_time desc LIMIT 5   [ RunTime:0.0014s ]
SQL: SELECT `cat_name` FROM `yp_category` WHERE `cat_id` = 5 LIMIT 1   [ RunTime:0.0003s ]
SQL: SHOW COLUMNS FROM `yp_source` [ RunTime:0.0006s ]
SQL: SELECT `sre_name` FROM `yp_source` WHERE `sre_id` = 1 LIMIT 1   [ RunTime:0.0004s ]
SQL: SELECT `cat_name` FROM `yp_category` WHERE `cat_id` = 3 LIMIT 1   [ RunTime:0.0002s ]
SQL: SELECT `sre_name` FROM `yp_source` WHERE `sre_id` = 2 LIMIT 1   [ RunTime:0.0002s ]
SQL: SELECT `cat_name` FROM `yp_category` WHERE `cat_id` = 8 LIMIT 1   [ RunTime:0.0002s ]
SQL: SELECT `sre_name` FROM `yp_source` WHERE `sre_id` = 1 LIMIT 1   [ RunTime:0.0002s ]
SQL: SELECT `cat_name` FROM `yp_category` WHERE `cat_id` = 7 LIMIT 1   [ RunTime:0.0003s ]
SQL: SELECT `sre_name` FROM `yp_source` WHERE `sre_id` = 2 LIMIT 1   [ RunTime:0.0003s ]
SQL: SELECT `cat_name` FROM `yp_category` WHERE `cat_id` = 7 LIMIT 1   [ RunTime:0.0004s ]
SQL: SELECT `sre_name` FROM `yp_source` WHERE `sre_id` = 1 LIMIT 1   [ RunTime:0.0002s ]
SQL: SELECT * FROM `yp_category` WHERE `is_show` = '0' AND `cat_pid` <> '0'  [ RunTime:0.0003s ]
SQL: SHOW COLUMNS FROM `yp_article` [ RunTime:0.0005s ]
SQL: SELECT * FROM `yp_article` WHERE `cat_id` = 7  [ RunTime:0.0017s ]
SQL: SELECT * FROM `yp_article` WHERE `cat_id` = 8  [ RunTime:0.0008s ]
SQL: SELECT * FROM `yp_article` WHERE `cat_id` = 9  [ RunTime:0.0086s ]
SQL: SELECT * FROM `yp_article` WHERE `cat_id` = 10  [ RunTime:0.0009s ]
SQL: SELECT * FROM `yp_article` WHERE `cat_id` = 11  [ RunTime:0.0009s ]
SQL: SELECT * FROM `yp_article` WHERE `status` = 0 AND `is_show` = 0 ORDER BY article_id desc LIMIT 5   [ RunTime:0.0009s ]
SQL: SELECT * FROM `yp_article` WHERE `status` = 0 AND `is_show` = 0 ORDER BY hits desc LIMIT 5   [ RunTime:0.0007s ]
INFO: [ view_parse ] --START--
INFO: [ template_filter ] --START--
INFO: Run Behavior\ContentReplaceBehavior [ RunTime:0.000176s ]
INFO: [ template_filter ] --END-- [ RunTime:0.000251s ]
INFO: Run Behavior\ParseTemplateBehavior [ RunTime:0.021195s ]
INFO: [ view_parse ] --END-- [ RunTime:0.021281s ]
INFO: [ view_filter ] --START--
INFO: Run Behavior\WriteHtmlCacheBehavior [ RunTime:0.001018s ]
INFO: [ view_filter ] --END-- [ RunTime:0.001097s ]
INFO: [ app_end ] --START--
INFO: Run Behavior\ShowPageTraceBehavior [ RunTime:0.003911s ]
INFO: [ app_end ] --END-- [ RunTime:0.003991s ]

[ 2016-05-01T23:03:44+08:00 ] 127.0.0.1 /
INFO: [ app_init ] --START--
INFO: Run Behavior\BuildLiteBehavior [ RunTime:0.000021s ]
INFO: [ app_init ] --END-- [ RunTime:0.003769s ]
INFO: [ app_begin ] --START--
INFO: Run Behavior\ReadHtmlCacheBehavior [ RunTime:0.004529s ]
INFO: [ app_begin ] --END-- [ RunTime:0.004641s ]
SQL: SHOW COLUMNS FROM `yp_category` [ RunTime:0.0006s ]
SQL: SELECT `cat_id`,`cat_name`,`url` FROM `yp_category` WHERE `is_show` = 0 AND `cat_pid` = 0 ORDER BY sort_order LIMIT 6   [ RunTime:0.0003s ]
SQL: SHOW COLUMNS FROM `yp_article` [ RunTime:0.0009s ]
SQL: SELECT * FROM `yp_article` WHERE `is_top` = 0 AND `status` = 0 AND `is_show` = 0 ORDER BY article_id desc LIMIT 3   [ RunTime:0.0011s ]
SQL: SELECT * FROM `yp_article` ORDER BY add_time desc LIMIT 5   [ RunTime:0.0012s ]
SQL: SELECT `cat_name` FROM `yp_category` WHERE `cat_id` = 5 LIMIT 1   [ RunTime:0.0003s ]
SQL: SHOW COLUMNS FROM `yp_source` [ RunTime:0.0005s ]
SQL: SELECT `sre_name` FROM `yp_source` WHERE `sre_id` = 1 LIMIT 1   [ RunTime:0.0002s ]
SQL: SELECT `cat_name` FROM `yp_category` WHERE `cat_id` = 3 LIMIT 1   [ RunTime:0.0004s ]
SQL: SELECT `sre_name` FROM `yp_source` WHERE `sre_id` = 2 LIMIT 1   [ RunTime:0.0005s ]
SQL: SELECT `cat_name` FROM `yp_category` WHERE `cat_id` = 8 LIMIT 1   [ RunTime:0.0003s ]
SQL: SELECT `sre_name` FROM `yp_source` WHERE `sre_id` = 1 LIMIT 1   [ RunTime:0.0002s ]
SQL: SELECT `cat_name` FROM `yp_category` WHERE `cat_id` = 7 LIMIT 1   [ RunTime:0.0002s ]
SQL: SELECT `sre_name` FROM `yp_source` WHERE `sre_id` = 2 LIMIT 1   [ RunTime:0.0002s ]
SQL: SELECT `cat_name` FROM `yp_category` WHERE `cat_id` = 7 LIMIT 1   [ RunTime:0.0002s ]
SQL: SELECT `sre_name` FROM `yp_source` WHERE `sre_id` = 1 LIMIT 1   [ RunTime:0.0002s ]
SQL: SELECT * FROM `yp_category` WHERE `is_show` = '0' AND `cat_pid` <> '0'  [ RunTime:0.0002s ]
SQL: SHOW COLUMNS FROM `yp_article` [ RunTime:0.0005s ]
SQL: SELECT * FROM `yp_article` WHERE `cat_id` = 7  [ RunTime:0.0014s ]
SQL: SELECT * FROM `yp_article` WHERE `cat_id` = 8  [ RunTime:0.0008s ]
SQL: SELECT * FROM `yp_article` WHERE `cat_id` = 9  [ RunTime:0.0053s ]
SQL: SELECT * FROM `yp_article` WHERE `cat_id` = 10  [ RunTime:0.0007s ]
SQL: SELECT * FROM `yp_article` WHERE `cat_id` = 11  [ RunTime:0.0006s ]
SQL: SELECT * FROM `yp_article` WHERE `status` = 0 AND `is_show` = 0 ORDER BY article_id desc LIMIT 5   [ RunTime:0.0010s ]
SQL: SELECT * FROM `yp_article` WHERE `status` = 0 AND `is_show` = 0 ORDER BY hits desc LIMIT 5   [ RunTime:0.0008s ]
INFO: [ view_parse ] --START--
INFO: [ template_filter ] --START--
INFO: Run Behavior\ContentReplaceBehavior [ RunTime:0.000096s ]
INFO: [ template_filter ] --END-- [ RunTime:0.000142s ]
INFO: Run Behavior\ParseTemplateBehavior [ RunTime:0.026695s ]
INFO: [ view_parse ] --END-- [ RunTime:0.026782s ]
INFO: [ view_filter ] --START--
INFO: Run Behavior\WriteHtmlCacheBehavior [ RunTime:0.001480s ]
INFO: [ view_filter ] --END-- [ RunTime:0.001538s ]
INFO: [ app_end ] --START--
INFO: Run Behavior\ShowPageTraceBehavior [ RunTime:0.004083s ]
INFO: [ app_end ] --END-- [ RunTime:0.004203s ]

[ 2016-05-01T23:05:12+08:00 ] 127.0.0.1 /Home/Article/part2
INFO: [ app_init ] --START--
INFO: Run Behavior\BuildLiteBehavior [ RunTime:0.000011s ]
INFO: [ app_init ] --END-- [ RunTime:0.000237s ]
INFO: [ app_begin ] --START--
INFO: Run Behavior\ReadHtmlCacheBehavior [ RunTime:0.000287s ]
INFO: [ app_begin ] --END-- [ RunTime:0.000330s ]
SQL: SHOW COLUMNS FROM `yp_category` [ RunTime:0.0007s ]
SQL: SELECT `cat_id`,`cat_name`,`url` FROM `yp_category` WHERE `is_show` = 0 AND `cat_pid` = 0 ORDER BY sort_order LIMIT 6   [ RunTime:0.0004s ]
SQL: SELECT `cat_id`,`cat_name`,`url` FROM `yp_category` WHERE `is_show` = 0 AND `cat_pid` = 0 ORDER BY sort_order LIMIT 6   [ RunTime:0.0007s ]
SQL: SELECT `cat_id` FROM `yp_category` WHERE `cat_pid` = 4  [ RunTime:0.0005s ]
SQL: SHOW COLUMNS FROM `yp_article` [ RunTime:0.0008s ]
SQL: SELECT * FROM `yp_article` WHERE `status` = '0' AND `is_show` = '0' AND `cat_id` IN ('7','8','9','10','11','4') ORDER BY article_id desc  [ RunTime:0.0043s ]
SQL: SELECT `cat_name` FROM `yp_category` WHERE `cat_id` = 8 LIMIT 1   [ RunTime:0.0003s ]
SQL: SHOW COLUMNS FROM `yp_source` [ RunTime:0.0005s ]
SQL: SELECT `sre_name` FROM `yp_source` WHERE `sre_id` = 1 LIMIT 1   [ RunTime:0.0003s ]
SQL: SELECT `cat_name` FROM `yp_category` WHERE `cat_id` = 7 LIMIT 1   [ RunTime:0.0002s ]
SQL: SELECT `sre_name` FROM `yp_source` WHERE `sre_id` = 2 LIMIT 1   [ RunTime:0.0002s ]
SQL: SELECT `cat_name` FROM `yp_category` WHERE `cat_id` = 7 LIMIT 1   [ RunTime:0.0002s ]
SQL: SELECT `sre_name` FROM `yp_source` WHERE `sre_id` = 1 LIMIT 1   [ RunTime:0.0004s ]
SQL: SELECT `cat_name` FROM `yp_category` WHERE `cat_id` = 10 LIMIT 1   [ RunTime:0.0003s ]
SQL: SELECT `sre_name` FROM `yp_source` WHERE `sre_id` = 3 LIMIT 1   [ RunTime:0.0003s ]
SQL: SELECT `cat_name` FROM `yp_category` WHERE `cat_id` = 9 LIMIT 1   [ RunTime:0.0002s ]
SQL: SELECT `sre_name` FROM `yp_source` WHERE `sre_id` = 1 LIMIT 1   [ RunTime:0.0002s ]
SQL: SELECT `cat_name` FROM `yp_category` WHERE `cat_id` = 11 LIMIT 1   [ RunTime:0.0002s ]
SQL: SELECT `sre_name` FROM `yp_source` WHERE `sre_id` = 2 LIMIT 1   [ RunTime:0.0002s ]
SQL: SELECT `cat_name` FROM `yp_category` WHERE `cat_id` = 7 LIMIT 1   [ RunTime:0.0002s ]
SQL: SELECT `sre_name` FROM `yp_source` WHERE `sre_id` = 1 LIMIT 1   [ RunTime:0.0002s ]
SQL: SELECT `cat_name` FROM `yp_category` WHERE `cat_id` = 8 LIMIT 1   [ RunTime:0.0002s ]
SQL: SELECT `sre_name` FROM `yp_source` WHERE `sre_id` = 2 LIMIT 1   [ RunTime:0.0002s ]
SQL: SELECT `cat_name` FROM `yp_category` WHERE `cat_id` = 7 LIMIT 1   [ RunTime:0.0002s ]
SQL: SELECT `sre_name` FROM `yp_source` WHERE `sre_id` = 2 LIMIT 1   [ RunTime:0.0002s ]
SQL: SELECT `cat_name` FROM `yp_category` WHERE `cat_id` = 7 LIMIT 1   [ RunTime:0.0002s ]
SQL: SELECT `sre_name` FROM `yp_source` WHERE `sre_id` = 1 LIMIT 1   [ RunTime:0.0002s ]
SQL: SELECT `cat_id`,`cat_name`,`url` FROM `yp_category` WHERE `is_show` = 0 AND `cat_pid` = 4 ORDER BY sort_order  [ RunTime:0.0003s ]
INFO: [ view_parse ] --START--
INFO: [ template_filter ] --START--
INFO: Run Behavior\ContentReplaceBehavior [ RunTime:0.000078s ]
INFO: [ template_filter ] --END-- [ RunTime:0.000123s ]
INFO: Run Behavior\ParseTemplateBehavior [ RunTime:0.008979s ]
INFO: [ view_parse ] --END-- [ RunTime:0.009026s ]
INFO: [ view_filter ] --START--
INFO: Run Behavior\WriteHtmlCacheBehavior [ RunTime:0.000108s ]
INFO: [ view_filter ] --END-- [ RunTime:0.000133s ]
INFO: [ app_end ] --START--
INFO: Run Behavior\ShowPageTraceBehavior [ RunTime:0.000582s ]
INFO: [ app_end ] --END-- [ RunTime:0.000658s ]

[ 2016-05-01T23:05:21+08:00 ] 127.0.0.1 /Home/Message/message
INFO: [ app_init ] --START--
INFO: Run Behavior\BuildLiteBehavior [ RunTime:0.000010s ]
INFO: [ app_init ] --END-- [ RunTime:0.000225s ]
INFO: [ app_begin ] --START--
INFO: Run Behavior\ReadHtmlCacheBehavior [ RunTime:0.000316s ]
INFO: [ app_begin ] --END-- [ RunTime:0.000365s ]
SQL: SHOW COLUMNS FROM `yp_category` [ RunTime:0.0005s ]
SQL: SELECT `cat_id`,`cat_name`,`url` FROM `yp_category` WHERE `is_show` = 0 AND `cat_pid` = 0 ORDER BY sort_order LIMIT 6   [ RunTime:0.0004s ]
SQL: SHOW COLUMNS FROM `yp_article` [ RunTime:0.0006s ]
SQL: SHOW COLUMNS FROM `yp_article` [ RunTime:0.0004s ]
SQL: SELECT * FROM `yp_article` WHERE `status` = 0 AND `is_show` = 0 ORDER BY article_id desc LIMIT 5   [ RunTime:0.0013s ]
SQL: SHOW COLUMNS FROM `yp_message` [ RunTime:0.0004s ]
SQL: SELECT * FROM `yp_message` ORDER BY message_id desc  [ RunTime:0.0002s ]
SQL: SELECT * FROM `yp_article` WHERE `status` = 0 AND `is_show` = 0 ORDER BY hits desc LIMIT 5   [ RunTime:0.0010s ]
INFO: [ view_parse ] --START--
INFO: [ template_filter ] --START--
INFO: Run Behavior\ContentReplaceBehavior [ RunTime:0.000044s ]
INFO: [ template_filter ] --END-- [ RunTime:0.000081s ]
INFO: Run Behavior\ParseTemplateBehavior [ RunTime:0.008343s ]
INFO: [ view_parse ] --END-- [ RunTime:0.008379s ]
INFO: [ view_filter ] --START--
INFO: Run Behavior\WriteHtmlCacheBehavior [ RunTime:0.000200s ]
INFO: [ view_filter ] --END-- [ RunTime:0.000235s ]
INFO: [ app_end ] --START--
INFO: Run Behavior\ShowPageTraceBehavior [ RunTime:0.000473s ]
INFO: [ app_end ] --END-- [ RunTime:0.000549s ]

[ 2016-05-01T23:05:26+08:00 ] 127.0.0.1 /Home/Article/part3
INFO: [ app_init ] --START--
INFO: Run Behavior\BuildLiteBehavior [ RunTime:0.000016s ]
INFO: [ app_init ] --END-- [ RunTime:0.000467s ]
INFO: [ app_begin ] --START--
INFO: Run Behavior\ReadHtmlCacheBehavior [ RunTime:0.000435s ]
INFO: [ app_begin ] --END-- [ RunTime:0.000495s ]
SQL: SHOW COLUMNS FROM `yp_category` [ RunTime:0.0013s ]
SQL: SELECT `cat_id`,`cat_name`,`url` FROM `yp_category` WHERE `is_show` = 0 AND `cat_pid` = 0 ORDER BY sort_order LIMIT 6   [ RunTime:0.0004s ]
SQL: SELECT `cat_id`,`cat_name`,`url` FROM `yp_category` WHERE `is_show` = 0 AND `cat_pid` = 0 ORDER BY sort_order LIMIT 6   [ RunTime:0.0003s ]
SQL: SHOW COLUMNS FROM `yp_article` [ RunTime:0.0006s ]
SQL: SELECT * FROM `yp_article` WHERE `status` = 0 AND `is_show` = 0 AND `cat_id` = 5 ORDER BY article_id desc  [ RunTime:0.0010s ]
SQL: SELECT `cat_name` FROM `yp_category` WHERE `cat_id` = 5 LIMIT 1   [ RunTime:0.0002s ]
SQL: SHOW COLUMNS FROM `yp_source` [ RunTime:0.0004s ]
SQL: SELECT `sre_name` FROM `yp_source` WHERE `sre_id` = 1 LIMIT 1   [ RunTime:0.0002s ]
INFO: [ view_parse ] --START--
INFO: [ template_filter ] --START--
INFO: Run Behavior\ContentReplaceBehavior [ RunTime:0.000059s ]
INFO: [ template_filter ] --END-- [ RunTime:0.000117s ]
INFO: Run Behavior\ParseTemplateBehavior [ RunTime:0.007670s ]
INFO: [ view_parse ] --END-- [ RunTime:0.007744s ]
INFO: [ view_filter ] --START--
INFO: Run Behavior\WriteHtmlCacheBehavior [ RunTime:0.000115s ]
INFO: [ view_filter ] --END-- [ RunTime:0.000142s ]
INFO: [ app_end ] --START--
INFO: Run Behavior\ShowPageTraceBehavior [ RunTime:0.000404s ]
INFO: [ app_end ] --END-- [ RunTime:0.000441s ]

[ 2016-05-01T23:05:27+08:00 ] 127.0.0.1 /Home/Article/part2
INFO: [ app_init ] --START--
INFO: Run Behavior\BuildLiteBehavior [ RunTime:0.000016s ]
INFO: [ app_init ] --END-- [ RunTime:0.000359s ]
INFO: [ app_begin ] --START--
INFO: Run Behavior\ReadHtmlCacheBehavior [ RunTime:0.000375s ]
INFO: [ app_begin ] --END-- [ RunTime:0.000420s ]
SQL: SHOW COLUMNS FROM `yp_category` [ RunTime:0.0005s ]
SQL: SELECT `cat_id`,`cat_name`,`url` FROM `yp_category` WHERE `is_show` = 0 AND `cat_pid` = 0 ORDER BY sort_order LIMIT 6   [ RunTime:0.0004s ]
SQL: SELECT `cat_id`,`cat_name`,`url` FROM `yp_category` WHERE `is_show` = 0 AND `cat_pid` = 0 ORDER BY sort_order LIMIT 6   [ RunTime:0.0003s ]
SQL: SELECT `cat_id` FROM `yp_category` WHERE `cat_pid` = 4  [ RunTime:0.0002s ]
SQL: SHOW COLUMNS FROM `yp_article` [ RunTime:0.0005s ]
SQL: SELECT * FROM `yp_article` WHERE `status` = '0' AND `is_show` = '0' AND `cat_id` IN ('7','8','9','10','11','4') ORDER BY article_id desc  [ RunTime:0.0042s ]
SQL: SELECT `cat_name` FROM `yp_category` WHERE `cat_id` = 8 LIMIT 1   [ RunTime:0.0004s ]
SQL: SHOW COLUMNS FROM `yp_source` [ RunTime:0.0005s ]
SQL: SELECT `sre_name` FROM `yp_source` WHERE `sre_id` = 1 LIMIT 1   [ RunTime:0.0003s ]
SQL: SELECT `cat_name` FROM `yp_category` WHERE `cat_id` = 7 LIMIT 1   [ RunTime:0.0002s ]
SQL: SELECT `sre_name` FROM `yp_source` WHERE `sre_id` = 2 LIMIT 1   [ RunTime:0.0002s ]
SQL: SELECT `cat_name` FROM `yp_category` WHERE `cat_id` = 7 LIMIT 1   [ RunTime:0.0002s ]
SQL: SELECT `sre_name` FROM `yp_source` WHERE `sre_id` = 1 LIMIT 1   [ RunTime:0.0002s ]
SQL: SELECT `cat_name` FROM `yp_category` WHERE `cat_id` = 10 LIMIT 1   [ RunTime:0.0002s ]
SQL: SELECT `sre_name` FROM `yp_source` WHERE `sre_id` = 3 LIMIT 1   [ RunTime:0.0002s ]
SQL: SELECT `cat_name` FROM `yp_category` WHERE `cat_id` = 9 LIMIT 1   [ RunTime:0.0002s ]
SQL: SELECT `sre_name` FROM `yp_source` WHERE `sre_id` = 1 LIMIT 1   [ RunTime:0.0002s ]
SQL: SELECT `cat_name` FROM `yp_category` WHERE `cat_id` = 11 LIMIT 1   [ RunTime:0.0002s ]
SQL: SELECT `sre_name` FROM `yp_source` WHERE `sre_id` = 2 LIMIT 1   [ RunTime:0.0002s ]
SQL: SELECT `cat_name` FROM `yp_category` WHERE `cat_id` = 7 LIMIT 1   [ RunTime:0.0002s ]
SQL: SELECT `sre_name` FROM `yp_source` WHERE `sre_id` = 1 LIMIT 1   [ RunTime:0.0002s ]
SQL: SELECT `cat_name` FROM `yp_category` WHERE `cat_id` = 8 LIMIT 1   [ RunTime:0.0002s ]
SQL: SELECT `sre_name` FROM `yp_source` WHERE `sre_id` = 2 LIMIT 1   [ RunTime:0.0005s ]
SQL: SELECT `cat_name` FROM `yp_category` WHERE `cat_id` = 7 LIMIT 1   [ RunTime:0.0005s ]
SQL: SELECT `sre_name` FROM `yp_source` WHERE `sre_id` = 2 LIMIT 1   [ RunTime:0.0002s ]
SQL: SELECT `cat_name` FROM `yp_category` WHERE `cat_id` = 7 LIMIT 1   [ RunTime:0.0001s ]
SQL: SELECT `sre_name` FROM `yp_source` WHERE `sre_id` = 1 LIMIT 1   [ RunTime:0.0001s ]
SQL: SELECT `cat_id`,`cat_name`,`url` FROM `yp_category` WHERE `is_show` = 0 AND `cat_pid` = 4 ORDER BY sort_order  [ RunTime:0.0002s ]
INFO: [ view_parse ] --START--
INFO: [ template_filter ] --START--
INFO: Run Behavior\ContentReplaceBehavior [ RunTime:0.000042s ]
INFO: [ template_filter ] --END-- [ RunTime:0.000078s ]
INFO: Run Behavior\ParseTemplateBehavior [ RunTime:0.005008s ]
INFO: [ view_parse ] --END-- [ RunTime:0.005045s ]
INFO: [ view_filter ] --START--
INFO: Run Behavior\WriteHtmlCacheBehavior [ RunTime:0.000100s ]
INFO: [ view_filter ] --END-- [ RunTime:0.000123s ]
INFO: [ app_end ] --START--
INFO: Run Behavior\ShowPageTraceBehavior [ RunTime:0.000499s ]
INFO: [ app_end ] --END-- [ RunTime:0.000563s ]

[ 2016-05-01T23:05:28+08:00 ] 127.0.0.1 /Home/Article/part1
INFO: [ app_init ] --START--
INFO: Run Behavior\BuildLiteBehavior [ RunTime:0.000010s ]
INFO: [ app_init ] --END-- [ RunTime:0.000213s ]
INFO: [ app_begin ] --START--
INFO: Run Behavior\ReadHtmlCacheBehavior [ RunTime:0.000306s ]
INFO: [ app_begin ] --END-- [ RunTime:0.000359s ]
SQL: SHOW COLUMNS FROM `yp_category` [ RunTime:0.0005s ]
SQL: SELECT `cat_id`,`cat_name`,`url` FROM `yp_category` WHERE `is_show` = 0 AND `cat_pid` = 0 ORDER BY sort_order LIMIT 6   [ RunTime:0.0003s ]
SQL: SELECT `cat_id`,`cat_name`,`url` FROM `yp_category` WHERE `is_show` = 0 AND `cat_pid` = 0 ORDER BY sort_order LIMIT 6   [ RunTime:0.0003s ]
SQL: SHOW COLUMNS FROM `yp_article` [ RunTime:0.0006s ]
SQL: SELECT * FROM `yp_article` WHERE `status` = 0 AND `is_show` = 0 AND `cat_id` = 3 ORDER BY article_id desc  [ RunTime:0.0016s ]
SQL: SELECT `cat_name` FROM `yp_category` WHERE `cat_id` = 3 LIMIT 1   [ RunTime:0.0002s ]
SQL: SHOW COLUMNS FROM `yp_source` [ RunTime:0.0006s ]
SQL: SELECT `sre_name` FROM `yp_source` WHERE `sre_id` = 2 LIMIT 1   [ RunTime:0.0002s ]
INFO: [ view_parse ] --START--
INFO: [ template_filter ] --START--
INFO: Run Behavior\ContentReplaceBehavior [ RunTime:0.000053s ]
INFO: [ template_filter ] --END-- [ RunTime:0.000103s ]
INFO: Run Behavior\ParseTemplateBehavior [ RunTime:0.005232s ]
INFO: [ view_parse ] --END-- [ RunTime:0.005346s ]
INFO: [ view_filter ] --START--
INFO: Run Behavior\WriteHtmlCacheBehavior [ RunTime:0.000441s ]
INFO: [ view_filter ] --END-- [ RunTime:0.000524s ]
INFO: [ app_end ] --START--
INFO: Run Behavior\ShowPageTraceBehavior [ RunTime:0.000704s ]
INFO: [ app_end ] --END-- [ RunTime:0.000757s ]

[ 2016-05-01T23:05:28+08:00 ] 127.0.0.1 /Home/Article/about_me
INFO: [ app_init ] --START--
INFO: Run Behavior\BuildLiteBehavior [ RunTime:0.000014s ]
INFO: [ app_init ] --END-- [ RunTime:0.000242s ]
INFO: [ app_begin ] --START--
INFO: Run Behavior\ReadHtmlCacheBehavior [ RunTime:0.000292s ]
INFO: [ app_begin ] --END-- [ RunTime:0.000329s ]
SQL: SHOW COLUMNS FROM `yp_category` [ RunTime:0.0005s ]
SQL: SELECT `cat_id`,`cat_name`,`url` FROM `yp_category` WHERE `is_show` = 0 AND `cat_pid` = 0 ORDER BY sort_order LIMIT 6   [ RunTime:0.0003s ]
INFO: [ view_parse ] --START--
INFO: [ template_filter ] --START--
INFO: Run Behavior\ContentReplaceBehavior [ RunTime:0.000045s ]
INFO: [ template_filter ] --END-- [ RunTime:0.000092s ]
INFO: Run Behavior\ParseTemplateBehavior [ RunTime:0.007190s ]
INFO: [ view_parse ] --END-- [ RunTime:0.007240s ]
INFO: [ view_filter ] --START--
INFO: Run Behavior\WriteHtmlCacheBehavior [ RunTime:0.000105s ]
INFO: [ view_filter ] --END-- [ RunTime:0.000128s ]
INFO: [ app_end ] --START--
INFO: Run Behavior\ShowPageTraceBehavior [ RunTime:0.000271s ]
INFO: [ app_end ] --END-- [ RunTime:0.000297s ]

[ 2016-05-01T23:05:29+08:00 ] 127.0.0.1 /index.php
INFO: [ app_init ] --START--
INFO: Run Behavior\BuildLiteBehavior [ RunTime:0.000011s ]
INFO: [ app_init ] --END-- [ RunTime:0.000236s ]
INFO: [ app_begin ] --START--
INFO: Run Behavior\ReadHtmlCacheBehavior [ RunTime:0.000416s ]
INFO: [ app_begin ] --END-- [ RunTime:0.000473s ]
SQL: SHOW COLUMNS FROM `yp_category` [ RunTime:0.0015s ]
SQL: SELECT `cat_id`,`cat_name`,`url` FROM `yp_category` WHERE `is_show` = 0 AND `cat_pid` = 0 ORDER BY sort_order LIMIT 6   [ RunTime:0.0004s ]
SQL: SHOW COLUMNS FROM `yp_article` [ RunTime:0.0008s ]
SQL: SELECT * FROM `yp_article` WHERE `is_top` = 0 AND `status` = 0 AND `is_show` = 0 ORDER BY article_id desc LIMIT 3   [ RunTime:0.0010s ]
SQL: SELECT * FROM `yp_article` ORDER BY add_time desc LIMIT 5   [ RunTime:0.0015s ]
SQL: SELECT `cat_name` FROM `yp_category` WHERE `cat_id` = 5 LIMIT 1   [ RunTime:0.0003s ]
SQL: SHOW COLUMNS FROM `yp_source` [ RunTime:0.0004s ]
SQL: SELECT `sre_name` FROM `yp_source` WHERE `sre_id` = 1 LIMIT 1   [ RunTime:0.0002s ]
SQL: SELECT `cat_name` FROM `yp_category` WHERE `cat_id` = 3 LIMIT 1   [ RunTime:0.0002s ]
SQL: SELECT `sre_name` FROM `yp_source` WHERE `sre_id` = 2 LIMIT 1   [ RunTime:0.0001s ]
SQL: SELECT `cat_name` FROM `yp_category` WHERE `cat_id` = 8 LIMIT 1   [ RunTime:0.0002s ]
SQL: SELECT `sre_name` FROM `yp_source` WHERE `sre_id` = 1 LIMIT 1   [ RunTime:0.0003s ]
SQL: SELECT `cat_name` FROM `yp_category` WHERE `cat_id` = 7 LIMIT 1   [ RunTime:0.0003s ]
SQL: SELECT `sre_name` FROM `yp_source` WHERE `sre_id` = 2 LIMIT 1   [ RunTime:0.0002s ]
SQL: SELECT `cat_name` FROM `yp_category` WHERE `cat_id` = 7 LIMIT 1   [ RunTime:0.0002s ]
SQL: SELECT `sre_name` FROM `yp_source` WHERE `sre_id` = 1 LIMIT 1   [ RunTime:0.0002s ]
SQL: SELECT * FROM `yp_category` WHERE `is_show` = '0' AND `cat_pid` <> '0'  [ RunTime:0.0003s ]
SQL: SHOW COLUMNS FROM `yp_article` [ RunTime:0.0004s ]
SQL: SELECT * FROM `yp_article` WHERE `cat_id` = 7  [ RunTime:0.0013s ]
SQL: SELECT * FROM `yp_article` WHERE `cat_id` = 8  [ RunTime:0.0008s ]
SQL: SELECT * FROM `yp_article` WHERE `cat_id` = 9  [ RunTime:0.0042s ]
SQL: SELECT * FROM `yp_article` WHERE `cat_id` = 10  [ RunTime:0.0006s ]
SQL: SELECT * FROM `yp_article` WHERE `cat_id` = 11  [ RunTime:0.0006s ]
SQL: SELECT * FROM `yp_article` WHERE `status` = 0 AND `is_show` = 0 ORDER BY article_id desc LIMIT 5   [ RunTime:0.0008s ]
SQL: SELECT * FROM `yp_article` WHERE `status` = 0 AND `is_show` = 0 ORDER BY hits desc LIMIT 5   [ RunTime:0.0008s ]
INFO: [ view_parse ] --START--
INFO: [ template_filter ] --START--
INFO: Run Behavior\ContentReplaceBehavior [ RunTime:0.000150s ]
INFO: [ template_filter ] --END-- [ RunTime:0.000214s ]
INFO: Run Behavior\ParseTemplateBehavior [ RunTime:0.008596s ]
INFO: [ view_parse ] --END-- [ RunTime:0.008656s ]
INFO: [ view_filter ] --START--
INFO: Run Behavior\WriteHtmlCacheBehavior [ RunTime:0.000105s ]
INFO: [ view_filter ] --END-- [ RunTime:0.000130s ]
INFO: [ app_end ] --START--
INFO: Run Behavior\ShowPageTraceBehavior [ RunTime:0.000605s ]
INFO: [ app_end ] --END-- [ RunTime:0.000692s ]

[ 2016-05-01T23:05:57+08:00 ] 127.0.0.1 /Home/Article/part2
INFO: [ app_init ] --START--
INFO: Run Behavior\BuildLiteBehavior [ RunTime:0.000010s ]
INFO: [ app_init ] --END-- [ RunTime:0.000230s ]
INFO: [ app_begin ] --START--
INFO: Run Behavior\ReadHtmlCacheBehavior [ RunTime:0.000284s ]
INFO: [ app_begin ] --END-- [ RunTime:0.000315s ]
SQL: SHOW COLUMNS FROM `yp_category` [ RunTime:0.0005s ]
SQL: SELECT `cat_id`,`cat_name`,`url` FROM `yp_category` WHERE `is_show` = 0 AND `cat_pid` = 0 ORDER BY sort_order LIMIT 6   [ RunTime:0.0004s ]
SQL: SELECT `cat_id`,`cat_name`,`url` FROM `yp_category` WHERE `is_show` = 0 AND `cat_pid` = 0 ORDER BY sort_order LIMIT 6   [ RunTime:0.0003s ]
SQL: SELECT `cat_id` FROM `yp_category` WHERE `cat_pid` = 4  [ RunTime:0.0002s ]
SQL: SHOW COLUMNS FROM `yp_article` [ RunTime:0.0005s ]
SQL: SELECT * FROM `yp_article` WHERE `status` = '0' AND `is_show` = '0' AND `cat_id` IN ('7','8','9','10','11','4') ORDER BY article_id desc  [ RunTime:0.0044s ]
SQL: SELECT `cat_name` FROM `yp_category` WHERE `cat_id` = 8 LIMIT 1   [ RunTime:0.0003s ]
SQL: SHOW COLUMNS FROM `yp_source` [ RunTime:0.0005s ]
SQL: SELECT `sre_name` FROM `yp_source` WHERE `sre_id` = 1 LIMIT 1   [ RunTime:0.0002s ]
SQL: SELECT `cat_name` FROM `yp_category` WHERE `cat_id` = 7 LIMIT 1   [ RunTime:0.0002s ]
SQL: SELECT `sre_name` FROM `yp_source` WHERE `sre_id` = 2 LIMIT 1   [ RunTime:0.0002s ]
SQL: SELECT `cat_name` FROM `yp_category` WHERE `cat_id` = 7 LIMIT 1   [ RunTime:0.0002s ]
SQL: SELECT `sre_name` FROM `yp_source` WHERE `sre_id` = 1 LIMIT 1   [ RunTime:0.0002s ]
SQL: SELECT `cat_name` FROM `yp_category` WHERE `cat_id` = 10 LIMIT 1   [ RunTime:0.0002s ]
SQL: SELECT `sre_name` FROM `yp_source` WHERE `sre_id` = 3 LIMIT 1   [ RunTime:0.0002s ]
SQL: SELECT `cat_name` FROM `yp_category` WHERE `cat_id` = 9 LIMIT 1   [ RunTime:0.0002s ]
SQL: SELECT `sre_name` FROM `yp_source` WHERE `sre_id` = 1 LIMIT 1   [ RunTime:0.0002s ]
SQL: SELECT `cat_name` FROM `yp_category` WHERE `cat_id` = 11 LIMIT 1   [ RunTime:0.0002s ]
SQL: SELECT `sre_name` FROM `yp_source` WHERE `sre_id` = 2 LIMIT 1   [ RunTime:0.0002s ]
SQL: SELECT `cat_name` FROM `yp_category` WHERE `cat_id` = 7 LIMIT 1   [ RunTime:0.0002s ]
SQL: SELECT `sre_name` FROM `yp_source` WHERE `sre_id` = 1 LIMIT 1   [ RunTime:0.0003s ]
SQL: SELECT `cat_name` FROM `yp_category` WHERE `cat_id` = 8 LIMIT 1   [ RunTime:0.0003s ]
SQL: SELECT `sre_name` FROM `yp_source` WHERE `sre_id` = 2 LIMIT 1   [ RunTime:0.0004s ]
SQL: SELECT `cat_name` FROM `yp_category` WHERE `cat_id` = 7 LIMIT 1   [ RunTime:0.0002s ]
SQL: SELECT `sre_name` FROM `yp_source` WHERE `sre_id` = 2 LIMIT 1   [ RunTime:0.0002s ]
SQL: SELECT `cat_name` FROM `yp_category` WHERE `cat_id` = 7 LIMIT 1   [ RunTime:0.0001s ]
SQL: SELECT `sre_name` FROM `yp_source` WHERE `sre_id` = 1 LIMIT 1   [ RunTime:0.0001s ]
SQL: SELECT `cat_id`,`cat_name`,`url` FROM `yp_category` WHERE `is_show` = 0 AND `cat_pid` = 4 ORDER BY sort_order  [ RunTime:0.0002s ]
INFO: [ view_parse ] --START--
INFO: [ template_filter ] --START--
INFO: Run Behavior\ContentReplaceBehavior [ RunTime:0.000113s ]
INFO: [ template_filter ] --END-- [ RunTime:0.000163s ]
INFO: Run Behavior\ParseTemplateBehavior [ RunTime:0.005203s ]
INFO: [ view_parse ] --END-- [ RunTime:0.005251s ]
INFO: [ view_filter ] --START--
INFO: Run Behavior\WriteHtmlCacheBehavior [ RunTime:0.000120s ]
INFO: [ view_filter ] --END-- [ RunTime:0.000147s ]
INFO: [ app_end ] --START--
INFO: Run Behavior\ShowPageTraceBehavior [ RunTime:0.000568s ]
INFO: [ app_end ] --END-- [ RunTime:0.000640s ]

[ 2016-05-01T23:16:43+08:00 ] 127.0.0.1 /Home/Article/part3
INFO: [ app_init ] --START--
INFO: Run Behavior\BuildLiteBehavior [ RunTime:0.000022s ]
INFO: [ app_init ] --END-- [ RunTime:0.000951s ]
INFO: [ app_begin ] --START--
INFO: Run Behavior\ReadHtmlCacheBehavior [ RunTime:0.003694s ]
INFO: [ app_begin ] --END-- [ RunTime:0.003783s ]
SQL: SHOW COLUMNS FROM `yp_category` [ RunTime:0.0009s ]
SQL: SELECT `cat_id`,`cat_name`,`url` FROM `yp_category` WHERE `is_show` = 0 AND `cat_pid` = 0 ORDER BY sort_order LIMIT 6   [ RunTime:0.0006s ]
SQL: SELECT `cat_id`,`cat_name`,`url` FROM `yp_category` WHERE `is_show` = 0 AND `cat_pid` = 0 ORDER BY sort_order LIMIT 6   [ RunTime:0.0004s ]
SQL: SHOW COLUMNS FROM `yp_article` [ RunTime:0.0009s ]
SQL: SELECT * FROM `yp_article` WHERE `status` = 0 AND `is_show` = 0 AND `cat_id` = 5 ORDER BY article_id desc  [ RunTime:0.0013s ]
SQL: SELECT `cat_name` FROM `yp_category` WHERE `cat_id` = 5 LIMIT 1   [ RunTime:0.0003s ]
SQL: SHOW COLUMNS FROM `yp_source` [ RunTime:0.0007s ]
SQL: SELECT `sre_name` FROM `yp_source` WHERE `sre_id` = 1 LIMIT 1   [ RunTime:0.0004s ]
INFO: [ view_parse ] --START--
INFO: [ template_filter ] --START--
INFO: Run Behavior\ContentReplaceBehavior [ RunTime:0.000075s ]
INFO: [ template_filter ] --END-- [ RunTime:0.000150s ]
INFO: Run Behavior\ParseTemplateBehavior [ RunTime:0.025439s ]
INFO: [ view_parse ] --END-- [ RunTime:0.025515s ]
INFO: [ view_filter ] --START--
INFO: Run Behavior\WriteHtmlCacheBehavior [ RunTime:0.001604s ]
INFO: [ view_filter ] --END-- [ RunTime:0.001680s ]
INFO: [ app_end ] --START--
INFO: Run Behavior\ShowPageTraceBehavior [ RunTime:0.004040s ]
INFO: [ app_end ] --END-- [ RunTime:0.004134s ]

[ 2016-05-01T23:16:46+08:00 ] 127.0.0.1 /Home/Message/message
INFO: [ app_init ] --START--
INFO: Run Behavior\BuildLiteBehavior [ RunTime:0.000010s ]
INFO: [ app_init ] --END-- [ RunTime:0.000207s ]
INFO: [ app_begin ] --START--
INFO: Run Behavior\ReadHtmlCacheBehavior [ RunTime:0.000313s ]
INFO: [ app_begin ] --END-- [ RunTime:0.000386s ]
SQL: SHOW COLUMNS FROM `yp_category` [ RunTime:0.0009s ]
SQL: SELECT `cat_id`,`cat_name`,`url` FROM `yp_category` WHERE `is_show` = 0 AND `cat_pid` = 0 ORDER BY sort_order LIMIT 6   [ RunTime:0.0005s ]
SQL: SHOW COLUMNS FROM `yp_article` [ RunTime:0.0012s ]
SQL: SHOW COLUMNS FROM `yp_article` [ RunTime:0.0007s ]
SQL: SELECT * FROM `yp_article` WHERE `status` = 0 AND `is_show` = 0 ORDER BY article_id desc LIMIT 5   [ RunTime:0.0012s ]
SQL: SHOW COLUMNS FROM `yp_message` [ RunTime:0.0006s ]
SQL: SELECT * FROM `yp_message` ORDER BY message_id desc  [ RunTime:0.0002s ]
SQL: SELECT * FROM `yp_article` WHERE `status` = 0 AND `is_show` = 0 ORDER BY hits desc LIMIT 5   [ RunTime:0.0007s ]
INFO: [ view_parse ] --START--
INFO: [ template_filter ] --START--
INFO: Run Behavior\ContentReplaceBehavior [ RunTime:0.000046s ]
INFO: [ template_filter ] --END-- [ RunTime:0.000087s ]
INFO: Run Behavior\ParseTemplateBehavior [ RunTime:0.011748s ]
INFO: [ view_parse ] --END-- [ RunTime:0.011833s ]
INFO: [ view_filter ] --START--
INFO: Run Behavior\WriteHtmlCacheBehavior [ RunTime:0.000258s ]
INFO: [ view_filter ] --END-- [ RunTime:0.000308s ]
INFO: [ app_end ] --START--
INFO: Run Behavior\ShowPageTraceBehavior [ RunTime:0.000812s ]
INFO: [ app_end ] --END-- [ RunTime:0.000883s ]

[ 2016-05-01T23:17:16+08:00 ] 127.0.0.1 /Home/Article/part3
INFO: [ app_init ] --START--
INFO: Run Behavior\BuildLiteBehavior [ RunTime:0.000011s ]
INFO: [ app_init ] --END-- [ RunTime:0.000360s ]
INFO: [ app_begin ] --START--
INFO: Run Behavior\ReadHtmlCacheBehavior [ RunTime:0.000448s ]
INFO: [ app_begin ] --END-- [ RunTime:0.000488s ]
SQL: SHOW COLUMNS FROM `yp_category` [ RunTime:0.0010s ]
SQL: SELECT `cat_id`,`cat_name`,`url` FROM `yp_category` WHERE `is_show` = 0 AND `cat_pid` = 0 ORDER BY sort_order LIMIT 6   [ RunTime:0.0003s ]
SQL: SELECT `cat_id`,`cat_name`,`url` FROM `yp_category` WHERE `is_show` = 0 AND `cat_pid` = 0 ORDER BY sort_order LIMIT 6   [ RunTime:0.0002s ]
SQL: SHOW COLUMNS FROM `yp_article` [ RunTime:0.0007s ]
SQL: SELECT * FROM `yp_article` WHERE `status` = 0 AND `is_show` = 0 AND `cat_id` = 5 ORDER BY article_id desc  [ RunTime:0.0009s ]
SQL: SELECT `cat_name` FROM `yp_category` WHERE `cat_id` = 5 LIMIT 1   [ RunTime:0.0002s ]
SQL: SHOW COLUMNS FROM `yp_source` [ RunTime:0.0004s ]
SQL: SELECT `sre_name` FROM `yp_source` WHERE `sre_id` = 1 LIMIT 1   [ RunTime:0.0002s ]
INFO: [ view_parse ] --START--
INFO: [ template_filter ] --START--
INFO: Run Behavior\ContentReplaceBehavior [ RunTime:0.000045s ]
INFO: [ template_filter ] --END-- [ RunTime:0.000093s ]
INFO: Run Behavior\ParseTemplateBehavior [ RunTime:0.004571s ]
INFO: [ view_parse ] --END-- [ RunTime:0.004611s ]
INFO: [ view_filter ] --START--
INFO: Run Behavior\WriteHtmlCacheBehavior [ RunTime:0.000113s ]
INFO: [ view_filter ] --END-- [ RunTime:0.000136s ]
INFO: [ app_end ] --START--
INFO: Run Behavior\ShowPageTraceBehavior [ RunTime:0.000272s ]
INFO: [ app_end ] --END-- [ RunTime:0.000297s ]

[ 2016-05-01T23:17:17+08:00 ] 127.0.0.1 /Home/Article/part2
INFO: [ app_init ] --START--
INFO: Run Behavior\BuildLiteBehavior [ RunTime:0.000014s ]
INFO: [ app_init ] --END-- [ RunTime:0.000268s ]
INFO: [ app_begin ] --START--
INFO: Run Behavior\ReadHtmlCacheBehavior [ RunTime:0.000276s ]
INFO: [ app_begin ] --END-- [ RunTime:0.000307s ]
SQL: SHOW COLUMNS FROM `yp_category` [ RunTime:0.0013s ]
SQL: SELECT `cat_id`,`cat_name`,`url` FROM `yp_category` WHERE `is_show` = 0 AND `cat_pid` = 0 ORDER BY sort_order LIMIT 6   [ RunTime:0.0004s ]
SQL: SELECT `cat_id`,`cat_name`,`url` FROM `yp_category` WHERE `is_show` = 0 AND `cat_pid` = 0 ORDER BY sort_order LIMIT 6   [ RunTime:0.0003s ]
SQL: SELECT `cat_id` FROM `yp_category` WHERE `cat_pid` = 4  [ RunTime:0.0002s ]
SQL: SHOW COLUMNS FROM `yp_article` [ RunTime:0.0005s ]
SQL: SELECT * FROM `yp_article` WHERE `status` = '0' AND `is_show` = '0' AND `cat_id` IN ('7','8','9','10','11','4') ORDER BY article_id desc  [ RunTime:0.0045s ]
SQL: SELECT `cat_name` FROM `yp_category` WHERE `cat_id` = 8 LIMIT 1   [ RunTime:0.0002s ]
SQL: SHOW COLUMNS FROM `yp_source` [ RunTime:0.0006s ]
SQL: SELECT `sre_name` FROM `yp_source` WHERE `sre_id` = 1 LIMIT 1   [ RunTime:0.0004s ]
SQL: SELECT `cat_name` FROM `yp_category` WHERE `cat_id` = 7 LIMIT 1   [ RunTime:0.0002s ]
SQL: SELECT `sre_name` FROM `yp_source` WHERE `sre_id` = 2 LIMIT 1   [ RunTime:0.0002s ]
SQL: SELECT `cat_name` FROM `yp_category` WHERE `cat_id` = 7 LIMIT 1   [ RunTime:0.0002s ]
SQL: SELECT `sre_name` FROM `yp_source` WHERE `sre_id` = 1 LIMIT 1   [ RunTime:0.0002s ]
SQL: SELECT `cat_name` FROM `yp_category` WHERE `cat_id` = 10 LIMIT 1   [ RunTime:0.0002s ]
SQL: SELECT `sre_name` FROM `yp_source` WHERE `sre_id` = 3 LIMIT 1   [ RunTime:0.0002s ]
SQL: SELECT `cat_name` FROM `yp_category` WHERE `cat_id` = 9 LIMIT 1   [ RunTime:0.0002s ]
SQL: SELECT `sre_name` FROM `yp_source` WHERE `sre_id` = 1 LIMIT 1   [ RunTime:0.0002s ]
SQL: SELECT `cat_name` FROM `yp_category` WHERE `cat_id` = 11 LIMIT 1   [ RunTime:0.0002s ]
SQL: SELECT `sre_name` FROM `yp_source` WHERE `sre_id` = 2 LIMIT 1   [ RunTime:0.0002s ]
SQL: SELECT `cat_name` FROM `yp_category` WHERE `cat_id` = 7 LIMIT 1   [ RunTime:0.0002s ]
SQL: SELECT `sre_name` FROM `yp_source` WHERE `sre_id` = 1 LIMIT 1   [ RunTime:0.0002s ]
SQL: SELECT `cat_name` FROM `yp_category` WHERE `cat_id` = 8 LIMIT 1   [ RunTime:0.0002s ]
SQL: SELECT `sre_name` FROM `yp_source` WHERE `sre_id` = 2 LIMIT 1   [ RunTime:0.0002s ]
SQL: SELECT `cat_name` FROM `yp_category` WHERE `cat_id` = 7 LIMIT 1   [ RunTime:0.0002s ]
SQL: SELECT `sre_name` FROM `yp_source` WHERE `sre_id` = 2 LIMIT 1   [ RunTime:0.0002s ]
SQL: SELECT `cat_name` FROM `yp_category` WHERE `cat_id` = 7 LIMIT 1   [ RunTime:0.0002s ]
SQL: SELECT `sre_name` FROM `yp_source` WHERE `sre_id` = 1 LIMIT 1   [ RunTime:0.0002s ]
SQL: SELECT `cat_id`,`cat_name`,`url` FROM `yp_category` WHERE `is_show` = 0 AND `cat_pid` = 4 ORDER BY sort_order  [ RunTime:0.0003s ]
INFO: [ view_parse ] --START--
INFO: [ template_filter ] --START--
INFO: Run Behavior\ContentReplaceBehavior [ RunTime:0.000063s ]
INFO: [ template_filter ] --END-- [ RunTime:0.000121s ]
INFO: Run Behavior\ParseTemplateBehavior [ RunTime:0.008646s ]
INFO: [ view_parse ] --END-- [ RunTime:0.008687s ]
INFO: [ view_filter ] --START--
INFO: Run Behavior\WriteHtmlCacheBehavior [ RunTime:0.000100s ]
INFO: [ view_filter ] --END-- [ RunTime:0.000124s ]
INFO: [ app_end ] --START--
INFO: Run Behavior\ShowPageTraceBehavior [ RunTime:0.000446s ]
INFO: [ app_end ] --END-- [ RunTime:0.000492s ]

[ 2016-05-01T23:17:18+08:00 ] 127.0.0.1 /Home/Article/part1
INFO: [ app_init ] --START--
INFO: Run Behavior\BuildLiteBehavior [ RunTime:0.000011s ]
INFO: [ app_init ] --END-- [ RunTime:0.000223s ]
INFO: [ app_begin ] --START--
INFO: Run Behavior\ReadHtmlCacheBehavior [ RunTime:0.000304s ]
INFO: [ app_begin ] --END-- [ RunTime:0.000341s ]
SQL: SHOW COLUMNS FROM `yp_category` [ RunTime:0.0005s ]
SQL: SELECT `cat_id`,`cat_name`,`url` FROM `yp_category` WHERE `is_show` = 0 AND `cat_pid` = 0 ORDER BY sort_order LIMIT 6   [ RunTime:0.0003s ]
SQL: SELECT `cat_id`,`cat_name`,`url` FROM `yp_category` WHERE `is_show` = 0 AND `cat_pid` = 0 ORDER BY sort_order LIMIT 6   [ RunTime:0.0003s ]
SQL: SHOW COLUMNS FROM `yp_article` [ RunTime:0.0005s ]
SQL: SELECT * FROM `yp_article` WHERE `status` = 0 AND `is_show` = 0 AND `cat_id` = 3 ORDER BY article_id desc  [ RunTime:0.0009s ]
SQL: SELECT `cat_name` FROM `yp_category` WHERE `cat_id` = 3 LIMIT 1   [ RunTime:0.0002s ]
SQL: SHOW COLUMNS FROM `yp_source` [ RunTime:0.0004s ]
SQL: SELECT `sre_name` FROM `yp_source` WHERE `sre_id` = 2 LIMIT 1   [ RunTime:0.0006s ]
INFO: [ view_parse ] --START--
INFO: [ template_filter ] --START--
INFO: Run Behavior\ContentReplaceBehavior [ RunTime:0.000053s ]
INFO: [ template_filter ] --END-- [ RunTime:0.000106s ]
INFO: Run Behavior\ParseTemplateBehavior [ RunTime:0.005198s ]
INFO: [ view_parse ] --END-- [ RunTime:0.005265s ]
INFO: [ view_filter ] --START--
INFO: Run Behavior\WriteHtmlCacheBehavior [ RunTime:0.000121s ]
INFO: [ view_filter ] --END-- [ RunTime:0.000151s ]
INFO: [ app_end ] --START--
INFO: Run Behavior\ShowPageTraceBehavior [ RunTime:0.000305s ]
INFO: [ app_end ] --END-- [ RunTime:0.000336s ]

[ 2016-05-01T23:17:19+08:00 ] 127.0.0.1 /Home/Article/about_me
INFO: [ app_init ] --START--
INFO: Run Behavior\BuildLiteBehavior [ RunTime:0.000015s ]
INFO: [ app_init ] --END-- [ RunTime:0.000335s ]
INFO: [ app_begin ] --START--
INFO: Run Behavior\ReadHtmlCacheBehavior [ RunTime:0.000462s ]
INFO: [ app_begin ] --END-- [ RunTime:0.000509s ]
SQL: SHOW COLUMNS FROM `yp_category` [ RunTime:0.0004s ]
SQL: SELECT `cat_id`,`cat_name`,`url` FROM `yp_category` WHERE `is_show` = 0 AND `cat_pid` = 0 ORDER BY sort_order LIMIT 6   [ RunTime:0.0004s ]
INFO: [ view_parse ] --START--
INFO: [ template_filter ] --START--
INFO: Run Behavior\ContentReplaceBehavior [ RunTime:0.000055s ]
INFO: [ template_filter ] --END-- [ RunTime:0.000115s ]
INFO: Run Behavior\ParseTemplateBehavior [ RunTime:0.007071s ]
INFO: [ view_parse ] --END-- [ RunTime:0.007129s ]
INFO: [ view_filter ] --START--
INFO: Run Behavior\WriteHtmlCacheBehavior [ RunTime:0.000143s ]
INFO: [ view_filter ] --END-- [ RunTime:0.000176s ]
INFO: [ app_end ] --START--
INFO: Run Behavior\ShowPageTraceBehavior [ RunTime:0.000465s ]
INFO: [ app_end ] --END-- [ RunTime:0.000494s ]

[ 2016-05-01T23:17:19+08:00 ] 127.0.0.1 /index.php
INFO: [ app_init ] --START--
INFO: Run Behavior\BuildLiteBehavior [ RunTime:0.000008s ]
INFO: [ app_init ] --END-- [ RunTime:0.000205s ]
INFO: [ app_begin ] --START--
INFO: Run Behavior\ReadHtmlCacheBehavior [ RunTime:0.000245s ]
INFO: [ app_begin ] --END-- [ RunTime:0.000274s ]
SQL: SHOW COLUMNS FROM `yp_category` [ RunTime:0.0006s ]
SQL: SELECT `cat_id`,`cat_name`,`url` FROM `yp_category` WHERE `is_show` = 0 AND `cat_pid` = 0 ORDER BY sort_order LIMIT 6   [ RunTime:0.0003s ]
SQL: SHOW COLUMNS FROM `yp_article` [ RunTime:0.0005s ]
SQL: SELECT * FROM `yp_article` WHERE `is_top` = 0 AND `status` = 0 AND `is_show` = 0 ORDER BY article_id desc LIMIT 3   [ RunTime:0.0010s ]
SQL: SELECT * FROM `yp_article` ORDER BY add_time desc LIMIT 5   [ RunTime:0.0012s ]
SQL: SELECT `cat_name` FROM `yp_category` WHERE `cat_id` = 5 LIMIT 1   [ RunTime:0.0002s ]
SQL: SHOW COLUMNS FROM `yp_source` [ RunTime:0.0006s ]
SQL: SELECT `sre_name` FROM `yp_source` WHERE `sre_id` = 1 LIMIT 1   [ RunTime:0.0007s ]
SQL: SELECT `cat_name` FROM `yp_category` WHERE `cat_id` = 3 LIMIT 1   [ RunTime:0.0002s ]
SQL: SELECT `sre_name` FROM `yp_source` WHERE `sre_id` = 2 LIMIT 1   [ RunTime:0.0002s ]
SQL: SELECT `cat_name` FROM `yp_category` WHERE `cat_id` = 8 LIMIT 1   [ RunTime:0.0001s ]
SQL: SELECT `sre_name` FROM `yp_source` WHERE `sre_id` = 1 LIMIT 1   [ RunTime:0.0001s ]
SQL: SELECT `cat_name` FROM `yp_category` WHERE `cat_id` = 7 LIMIT 1   [ RunTime:0.0001s ]
SQL: SELECT `sre_name` FROM `yp_source` WHERE `sre_id` = 2 LIMIT 1   [ RunTime:0.0003s ]
SQL: SELECT `cat_name` FROM `yp_category` WHERE `cat_id` = 7 LIMIT 1   [ RunTime:0.0002s ]
SQL: SELECT `sre_name` FROM `yp_source` WHERE `sre_id` = 1 LIMIT 1   [ RunTime:0.0002s ]
SQL: SELECT * FROM `yp_category` WHERE `is_show` = '0' AND `cat_pid` <> '0'  [ RunTime:0.0002s ]
SQL: SHOW COLUMNS FROM `yp_article` [ RunTime:0.0004s ]
SQL: SELECT * FROM `yp_article` WHERE `cat_id` = 7  [ RunTime:0.0014s ]
SQL: SELECT * FROM `yp_article` WHERE `cat_id` = 8  [ RunTime:0.0009s ]
SQL: SELECT * FROM `yp_article` WHERE `cat_id` = 9  [ RunTime:0.0046s ]
SQL: SELECT * FROM `yp_article` WHERE `cat_id` = 10  [ RunTime:0.0006s ]
SQL: SELECT * FROM `yp_article` WHERE `cat_id` = 11  [ RunTime:0.0006s ]
SQL: SELECT * FROM `yp_article` WHERE `status` = 0 AND `is_show` = 0 ORDER BY article_id desc LIMIT 5   [ RunTime:0.0007s ]
SQL: SELECT * FROM `yp_article` WHERE `status` = 0 AND `is_show` = 0 ORDER BY hits desc LIMIT 5   [ RunTime:0.0006s ]
INFO: [ view_parse ] --START--
INFO: [ template_filter ] --START--
INFO: Run Behavior\ContentReplaceBehavior [ RunTime:0.000054s ]
INFO: [ template_filter ] --END-- [ RunTime:0.000094s ]
INFO: Run Behavior\ParseTemplateBehavior [ RunTime:0.007923s ]
INFO: [ view_parse ] --END-- [ RunTime:0.007959s ]
INFO: [ view_filter ] --START--
INFO: Run Behavior\WriteHtmlCacheBehavior [ RunTime:0.000095s ]
INFO: [ view_filter ] --END-- [ RunTime:0.000118s ]
INFO: [ app_end ] --START--
INFO: Run Behavior\ShowPageTraceBehavior [ RunTime:0.000521s ]
INFO: [ app_end ] --END-- [ RunTime:0.000579s ]

