[ 2016-04-30T00:01:17+08:00 ] 127.0.0.1 /index.php/Admin/admin/admin
INFO: [ app_init ] --START--
INFO: Run Behavior\BuildLiteBehavior [ RunTime:0.000000s ]
INFO: [ app_init ] --END-- [ RunTime:0.000000s ]
INFO: [ app_begin ] --START--
INFO: Run Behavior\ReadHtmlCacheBehavior [ RunTime:0.001000s ]
INFO: [ app_begin ] --END-- [ RunTime:0.001000s ]
SQL: SHOW COLUMNS FROM `xy_article` [ RunTime:0.0150s ]
SQL: SELECT * FROM `xy_article`  [ RunTime:0.0020s ]
SQL: SHOW COLUMNS FROM `xy_user` [ RunTime:0.0140s ]
SQL: SELECT `user_name`,`user_role` FROM `xy_user` WHERE `user_id` = 3 LIMIT 1   [ RunTime:0.0000s ]
SQL: SHOW COLUMNS FROM `xy_user_info` [ RunTime:0.0030s ]
SQL: SELECT `nickname` FROM `xy_user_info` LIMIT 1   [ RunTime:0.0000s ]
SQL: SHOW COLUMNS FROM `xy_role` [ RunTime:0.0040s ]
SQL: SELECT `role_name` FROM `xy_role` WHERE `role_id` = 2 LIMIT 1   [ RunTime:0.0000s ]
INFO: [ view_parse ] --START--
INFO: [ template_filter ] --START--
INFO: Run Behavior\ContentReplaceBehavior [ RunTime:0.001000s ]
INFO: [ template_filter ] --END-- [ RunTime:0.001000s ]
INFO: Run Behavior\ParseTemplateBehavior [ RunTime:0.015001s ]
INFO: [ view_parse ] --END-- [ RunTime:0.015001s ]
INFO: [ view_filter ] --START--
INFO: Run Behavior\WriteHtmlCacheBehavior [ RunTime:0.001000s ]
INFO: [ view_filter ] --END-- [ RunTime:0.001000s ]
INFO: [ app_end ] --START--
INFO: Run Behavior\ShowPageTraceBehavior [ RunTime:0.000000s ]
INFO: [ app_end ] --END-- [ RunTime:0.000000s ]

[ 2016-04-30T00:01:18+08:00 ] 127.0.0.1 /index.php/Admin/Admin/index1
INFO: [ app_init ] --START--
INFO: Run Behavior\BuildLiteBehavior [ RunTime:0.000000s ]
INFO: [ app_init ] --END-- [ RunTime:0.000000s ]
INFO: [ app_begin ] --START--
INFO: Run Behavior\ReadHtmlCacheBehavior [ RunTime:0.001000s ]
INFO: [ app_begin ] --END-- [ RunTime:0.001000s ]
SQL: SHOW COLUMNS FROM `xy_article` [ RunTime:0.0060s ]
SQL: SELECT * FROM `xy_article` ORDER BY article_id desc LIMIT 10   [ RunTime:0.0010s ]
INFO: [ view_parse ] --START--
INFO: [ template_filter ] --START--
INFO: Run Behavior\ContentReplaceBehavior [ RunTime:0.001000s ]
INFO: [ template_filter ] --END-- [ RunTime:0.001000s ]
INFO: Run Behavior\ParseTemplateBehavior [ RunTime:0.034002s ]
INFO: [ view_parse ] --END-- [ RunTime:0.034002s ]
INFO: [ view_filter ] --START--
INFO: Run Behavior\WriteHtmlCacheBehavior [ RunTime:0.000000s ]
INFO: [ view_filter ] --END-- [ RunTime:0.000000s ]
INFO: [ app_end ] --START--
INFO: Run Behavior\ShowPageTraceBehavior [ RunTime:0.001000s ]
INFO: [ app_end ] --END-- [ RunTime:0.001000s ]

[ 2016-04-30T00:01:21+08:00 ] 127.0.0.1 /index.php/Admin/Article/index?v=4.0
INFO: [ app_init ] --START--
INFO: Run Behavior\BuildLiteBehavior [ RunTime:0.000000s ]
INFO: [ app_init ] --END-- [ RunTime:0.001000s ]
INFO: [ app_begin ] --START--
INFO: Run Behavior\ReadHtmlCacheBehavior [ RunTime:0.001000s ]
INFO: [ app_begin ] --END-- [ RunTime:0.002000s ]
NOTIC: [2048] Declaration of Admin\Model\ArticleModel::_before_delete() should be compatible with Think\Model::_before_delete($options) D:\php\git\PortableGit\xy\Application\Admin\Model\ArticleModel.class.php 第 4 行.
SQL: SHOW COLUMNS FROM `xy_article` [ RunTime:0.0270s ]
SQL: SELECT * FROM `xy_article` WHERE ( status != 2 )  [ RunTime:0.0000s ]
INFO: [ view_parse ] --START--
INFO: [ template_filter ] --START--
INFO: Run Behavior\ContentReplaceBehavior [ RunTime:0.000000s ]
INFO: [ template_filter ] --END-- [ RunTime:0.001000s ]
INFO: Run Behavior\ParseTemplateBehavior [ RunTime:0.010000s ]
INFO: [ view_parse ] --END-- [ RunTime:0.010000s ]
INFO: [ view_filter ] --START--
INFO: Run Behavior\WriteHtmlCacheBehavior [ RunTime:0.001000s ]
INFO: [ view_filter ] --END-- [ RunTime:0.001000s ]
INFO: [ app_end ] --START--
INFO: Run Behavior\ShowPageTraceBehavior [ RunTime:0.000000s ]
INFO: [ app_end ] --END-- [ RunTime:0.000000s ]

[ 2016-04-30T00:01:23+08:00 ] 127.0.0.1 /index.php/Admin/Article/add
INFO: [ app_init ] --START--
INFO: Run Behavior\BuildLiteBehavior [ RunTime:0.000000s ]
INFO: [ app_init ] --END-- [ RunTime:0.000000s ]
INFO: [ app_begin ] --START--
INFO: Run Behavior\ReadHtmlCacheBehavior [ RunTime:0.001000s ]
INFO: [ app_begin ] --END-- [ RunTime:0.001000s ]
SQL: SHOW COLUMNS FROM `xy_source` [ RunTime:0.0100s ]
SQL: SELECT `sre_id`,`sre_name` FROM `xy_source` WHERE `status` = 0 ORDER BY sort_order  [ RunTime:0.0010s ]
SQL: SHOW COLUMNS FROM `xy_category` [ RunTime:0.0110s ]
NOTIC: [8] Undefined variable: error D:\php\git\PortableGit\xy\Application\Library\Web.class.php 第 43 行.
SQL: SHOW COLUMNS FROM `xy_category` [ RunTime:0.0080s ]
SQL: SELECT * FROM `xy_category` WHERE ( 1 )  [ RunTime:0.0010s ]
INFO: [ view_parse ] --START--
INFO: [ template_filter ] --START--
INFO: Run Behavior\ContentReplaceBehavior [ RunTime:0.000000s ]
INFO: [ template_filter ] --END-- [ RunTime:0.000000s ]
NOTIC: [8] Undefined variable: label_list D:\php\git\PortableGit\xy\Application\Runtime\Cache\Admin\4ffab12185157fe73d18a5cae1eeaab4.php 第 104 行.
NOTIC: [2] Invalid argument supplied for foreach() D:\php\git\PortableGit\xy\Application\Runtime\Cache\Admin\4ffab12185157fe73d18a5cae1eeaab4.php 第 104 行.
INFO: Run Behavior\ParseTemplateBehavior [ RunTime:0.036002s ]
INFO: [ view_parse ] --END-- [ RunTime:0.036002s ]
INFO: [ view_filter ] --START--
INFO: Run Behavior\WriteHtmlCacheBehavior [ RunTime:0.000000s ]
INFO: [ view_filter ] --END-- [ RunTime:0.000000s ]
INFO: [ app_end ] --START--
INFO: Run Behavior\ShowPageTraceBehavior [ RunTime:0.001000s ]
INFO: [ app_end ] --END-- [ RunTime:0.001000s ]

