[ 2016-04-27T23:10:26+08:00 ] 127.0.0.1 /index.php/admin/admin/admin
INFO: [ app_init ] --START--
INFO: Run Behavior\BuildLiteBehavior [ RunTime:0.000000s ]
INFO: [ app_init ] --END-- [ RunTime:0.001000s ]
INFO: [ app_begin ] --START--
INFO: Run Behavior\ReadHtmlCacheBehavior [ RunTime:0.000000s ]
INFO: [ app_begin ] --END-- [ RunTime:0.000000s ]
SQL: SHOW COLUMNS FROM `xy_article` [ RunTime:0.1190s ]
SQL: SELECT * FROM `xy_article`  [ RunTime:0.0140s ]
INFO: [ view_parse ] --START--
INFO: [ template_filter ] --START--
INFO: Run Behavior\ContentReplaceBehavior [ RunTime:0.001000s ]
INFO: [ template_filter ] --END-- [ RunTime:0.001000s ]
INFO: Run Behavior\ParseTemplateBehavior [ RunTime:0.029002s ]
INFO: [ view_parse ] --END-- [ RunTime:0.030002s ]
INFO: [ view_filter ] --START--
INFO: Run Behavior\WriteHtmlCacheBehavior [ RunTime:0.000000s ]
INFO: [ view_filter ] --END-- [ RunTime:0.000000s ]
INFO: [ app_end ] --START--
INFO: Run Behavior\ShowPageTraceBehavior [ RunTime:0.001000s ]
INFO: [ app_end ] --END-- [ RunTime:0.001000s ]

[ 2016-04-27T23:10:26+08:00 ] 127.0.0.1 /index.php/admin/admin/index_v1.html?v=4.0
INFO: [ app_init ] --START--
INFO: Run Behavior\BuildLiteBehavior [ RunTime:0.000000s ]
INFO: [ app_init ] --END-- [ RunTime:0.000000s ]
INFO: [ app_begin ] --START--
INFO: Run Behavior\ReadHtmlCacheBehavior [ RunTime:0.001000s ]
INFO: [ app_begin ] --END-- [ RunTime:0.001000s ]
INFO: [ view_parse ] --START--
INFO: [ template_filter ] --START--
INFO: Run Behavior\ContentReplaceBehavior [ RunTime:0.001001s ]
INFO: [ template_filter ] --END-- [ RunTime:0.001001s ]
INFO: Run Behavior\ParseTemplateBehavior [ RunTime:0.013001s ]
INFO: [ view_parse ] --END-- [ RunTime:0.013001s ]
INFO: [ view_filter ] --START--
INFO: Run Behavior\WriteHtmlCacheBehavior [ RunTime:0.002000s ]
INFO: [ view_filter ] --END-- [ RunTime:0.002000s ]
INFO: [ app_end ] --START--
INFO: Run Behavior\ShowPageTraceBehavior [ RunTime:0.002000s ]
INFO: [ app_end ] --END-- [ RunTime:0.002000s ]

[ 2016-04-27T23:10:37+08:00 ] 127.0.0.1 /index.php/Admin/Article/index?v=4.0
INFO: [ app_init ] --START--
INFO: Run Behavior\BuildLiteBehavior [ RunTime:0.000000s ]
INFO: [ app_init ] --END-- [ RunTime:0.001000s ]
INFO: [ app_begin ] --START--
INFO: Run Behavior\ReadHtmlCacheBehavior [ RunTime:0.001000s ]
INFO: [ app_begin ] --END-- [ RunTime:0.001000s ]
NOTIC: [2048] Declaration of Admin\Model\ArticleModel::_before_delete() should be compatible with Think\Model::_before_delete($options) D:\php\git\PortableGit\xy\Application\Admin\Model\ArticleModel.class.php 第 4 行.
SQL: SHOW COLUMNS FROM `xy_article` [ RunTime:0.0110s ]
SQL: SELECT * FROM `xy_article` WHERE ( status != 2 )  [ RunTime:0.0540s ]
INFO: [ view_parse ] --START--
INFO: [ template_filter ] --START--
INFO: Run Behavior\ContentReplaceBehavior [ RunTime:0.001000s ]
INFO: [ template_filter ] --END-- [ RunTime:0.001000s ]
INFO: Run Behavior\ParseTemplateBehavior [ RunTime:0.068004s ]
INFO: [ view_parse ] --END-- [ RunTime:0.068004s ]
INFO: [ view_filter ] --START--
INFO: Run Behavior\WriteHtmlCacheBehavior [ RunTime:0.001000s ]
INFO: [ view_filter ] --END-- [ RunTime:0.001000s ]
INFO: [ app_end ] --START--
INFO: Run Behavior\ShowPageTraceBehavior [ RunTime:0.001000s ]
INFO: [ app_end ] --END-- [ RunTime:0.001000s ]

[ 2016-04-27T23:14:41+08:00 ] 127.0.0.1 /index.php/Admin/Category/index?v=4.0
INFO: [ app_init ] --START--
INFO: Run Behavior\BuildLiteBehavior [ RunTime:0.000000s ]
INFO: [ app_init ] --END-- [ RunTime:0.001000s ]
INFO: [ app_begin ] --START--
INFO: Run Behavior\ReadHtmlCacheBehavior [ RunTime:0.001000s ]
INFO: [ app_begin ] --END-- [ RunTime:0.002000s ]
SQL: SHOW COLUMNS FROM `xy_category` [ RunTime:0.0420s ]
NOTIC: [8] Undefined variable: error D:\php\git\PortableGit\xy\Application\Library\Web.class.php 第 43 行.
SQL: SHOW COLUMNS FROM `xy_category` [ RunTime:0.0080s ]
SQL: SELECT * FROM `xy_category` WHERE ( 1 )  [ RunTime:0.0010s ]
INFO: [ view_parse ] --START--
INFO: [ template_filter ] --START--
INFO: Run Behavior\ContentReplaceBehavior [ RunTime:0.000000s ]
INFO: [ template_filter ] --END-- [ RunTime:0.000000s ]
INFO: Run Behavior\ParseTemplateBehavior [ RunTime:0.014001s ]
INFO: [ view_parse ] --END-- [ RunTime:0.014001s ]
INFO: [ view_filter ] --START--
INFO: Run Behavior\WriteHtmlCacheBehavior [ RunTime:0.001000s ]
INFO: [ view_filter ] --END-- [ RunTime:0.001000s ]
INFO: [ app_end ] --START--
INFO: Run Behavior\ShowPageTraceBehavior [ RunTime:0.001000s ]
INFO: [ app_end ] --END-- [ RunTime:0.001000s ]

[ 2016-04-27T23:15:16+08:00 ] 127.0.0.1 /index.php/Admin/Category/add
INFO: [ app_init ] --START--
INFO: Run Behavior\BuildLiteBehavior [ RunTime:0.000000s ]
INFO: [ app_init ] --END-- [ RunTime:0.001000s ]
INFO: [ app_begin ] --START--
INFO: Run Behavior\ReadHtmlCacheBehavior [ RunTime:0.001000s ]
INFO: [ app_begin ] --END-- [ RunTime:0.001000s ]
SQL: SHOW COLUMNS FROM `xy_category` [ RunTime:0.0110s ]
NOTIC: [8] Undefined variable: error D:\php\git\PortableGit\xy\Application\Library\Web.class.php 第 43 行.
SQL: SHOW COLUMNS FROM `xy_category` [ RunTime:0.0100s ]
SQL: SELECT * FROM `xy_category` WHERE ( 1 )  [ RunTime:0.0020s ]
INFO: [ view_parse ] --START--
INFO: [ template_filter ] --START--
INFO: Run Behavior\ContentReplaceBehavior [ RunTime:0.000000s ]
INFO: [ template_filter ] --END-- [ RunTime:0.000000s ]
INFO: Run Behavior\ParseTemplateBehavior [ RunTime:0.008001s ]
INFO: [ view_parse ] --END-- [ RunTime:0.008001s ]
INFO: [ view_filter ] --START--
INFO: Run Behavior\WriteHtmlCacheBehavior [ RunTime:0.000000s ]
INFO: [ view_filter ] --END-- [ RunTime:0.000000s ]
INFO: [ app_end ] --START--
INFO: Run Behavior\ShowPageTraceBehavior [ RunTime:0.001000s ]
INFO: [ app_end ] --END-- [ RunTime:0.001000s ]

[ 2016-04-27T23:15:35+08:00 ] 127.0.0.1 /index.php/Admin/Category/add
INFO: [ app_init ] --START--
INFO: Run Behavior\BuildLiteBehavior [ RunTime:0.000000s ]
INFO: [ app_init ] --END-- [ RunTime:0.001000s ]
INFO: [ app_begin ] --START--
INFO: Run Behavior\ReadHtmlCacheBehavior [ RunTime:0.001000s ]
INFO: [ app_begin ] --END-- [ RunTime:0.001000s ]
SQL: SHOW COLUMNS FROM `xy_category` [ RunTime:0.0110s ]
NOTIC: [8] Undefined index: validate D:\php\git\PortableGit\xy\ThinkPHP\Library\Think\Model.class.php 第 1185 行.
NOTIC: [8] Undefined index: auto D:\php\git\PortableGit\xy\ThinkPHP\Library\Think\Model.class.php 第 1128 行.
SQL: SELECT * FROM `xy_category` WHERE `cat_name` = 'mongodb' LIMIT 1   [ RunTime:0.0150s ]
SQL: INSERT INTO `xy_category` (`cat_name`,`cat_pid`,`cat_desc`,`sort_order`,`is_show`) VALUES ('mongodb','2','nosql','50','0') [ RunTime:0.0630s ]
INFO: [ view_parse ] --START--
INFO: [ template_filter ] --START--
INFO: Run Behavior\ContentReplaceBehavior [ RunTime:0.000000s ]
INFO: [ template_filter ] --END-- [ RunTime:0.001000s ]
INFO: Run Behavior\ParseTemplateBehavior [ RunTime:0.029001s ]
INFO: [ view_parse ] --END-- [ RunTime:0.030001s ]
INFO: [ view_filter ] --START--
INFO: Run Behavior\WriteHtmlCacheBehavior [ RunTime:0.000000s ]
INFO: [ view_filter ] --END-- [ RunTime:0.000000s ]

[ 2016-04-27T23:15:37+08:00 ] 127.0.0.1 /index.php/Admin/Category/index.html
INFO: [ app_init ] --START--
INFO: Run Behavior\BuildLiteBehavior [ RunTime:0.000000s ]
INFO: [ app_init ] --END-- [ RunTime:0.000000s ]
INFO: [ app_begin ] --START--
INFO: Run Behavior\ReadHtmlCacheBehavior [ RunTime:0.001000s ]
INFO: [ app_begin ] --END-- [ RunTime:0.001000s ]
SQL: SHOW COLUMNS FROM `xy_category` [ RunTime:0.0050s ]
NOTIC: [8] Undefined variable: error D:\php\git\PortableGit\xy\Application\Library\Web.class.php 第 43 行.
SQL: SHOW COLUMNS FROM `xy_category` [ RunTime:0.0060s ]
SQL: SELECT * FROM `xy_category` WHERE ( 1 )  [ RunTime:0.0000s ]
INFO: [ view_parse ] --START--
INFO: [ template_filter ] --START--
INFO: Run Behavior\ContentReplaceBehavior [ RunTime:0.001000s ]
INFO: [ template_filter ] --END-- [ RunTime:0.001000s ]
INFO: Run Behavior\ParseTemplateBehavior [ RunTime:0.010000s ]
INFO: [ view_parse ] --END-- [ RunTime:0.010000s ]
INFO: [ view_filter ] --START--
INFO: Run Behavior\WriteHtmlCacheBehavior [ RunTime:0.000000s ]
INFO: [ view_filter ] --END-- [ RunTime:0.000000s ]
INFO: [ app_end ] --START--
INFO: Run Behavior\ShowPageTraceBehavior [ RunTime:0.000000s ]
INFO: [ app_end ] --END-- [ RunTime:0.000000s ]

[ 2016-04-27T23:15:54+08:00 ] 127.0.0.1 /index.php/Admin/User/album?v=4.0
INFO: [ app_init ] --START--
INFO: Run Behavior\BuildLiteBehavior [ RunTime:0.000000s ]
INFO: [ app_init ] --END-- [ RunTime:0.000000s ]
INFO: [ app_begin ] --START--
INFO: Run Behavior\ReadHtmlCacheBehavior [ RunTime:0.000000s ]
INFO: [ app_begin ] --END-- [ RunTime:0.000000s ]
ERR: 非法操作:album

[ 2016-04-27T23:15:55+08:00 ] 127.0.0.1 /index.php/Admin/User/user_info?v=4.0
INFO: [ app_init ] --START--
INFO: Run Behavior\BuildLiteBehavior [ RunTime:0.000000s ]
INFO: [ app_init ] --END-- [ RunTime:0.001000s ]
INFO: [ app_begin ] --START--
INFO: Run Behavior\ReadHtmlCacheBehavior [ RunTime:0.001000s ]
INFO: [ app_begin ] --END-- [ RunTime:0.001000s ]
ERR: 非法操作:user_info

[ 2016-04-27T23:15:59+08:00 ] 127.0.0.1 /index.php/Admin/User/index?v=4.0
INFO: [ app_init ] --START--
INFO: Run Behavior\BuildLiteBehavior [ RunTime:0.000000s ]
INFO: [ app_init ] --END-- [ RunTime:0.002000s ]
INFO: [ app_begin ] --START--
INFO: Run Behavior\ReadHtmlCacheBehavior [ RunTime:0.001000s ]
INFO: [ app_begin ] --END-- [ RunTime:0.001000s ]
SQL: SHOW COLUMNS FROM `xy_user` [ RunTime:0.0810s ]
SQL: SELECT * FROM `xy_user`  [ RunTime:0.0010s ]
ERR: 模板不存在:./Application/Admin/View/default/User/user_list.html

[ 2016-04-27T23:16:36+08:00 ] 127.0.0.1 /index.php/Admin/Article/index?v=4.0
INFO: [ app_init ] --START--
INFO: Run Behavior\BuildLiteBehavior [ RunTime:0.000000s ]
INFO: [ app_init ] --END-- [ RunTime:0.001000s ]
INFO: [ app_begin ] --START--
INFO: Run Behavior\ReadHtmlCacheBehavior [ RunTime:0.001001s ]
INFO: [ app_begin ] --END-- [ RunTime:0.001001s ]
NOTIC: [2048] Declaration of Admin\Model\ArticleModel::_before_delete() should be compatible with Think\Model::_before_delete($options) D:\php\git\PortableGit\xy\Application\Admin\Model\ArticleModel.class.php 第 4 行.
SQL: SHOW COLUMNS FROM `xy_article` [ RunTime:0.0070s ]
SQL: SELECT * FROM `xy_article` WHERE ( status != 2 )  [ RunTime:0.0010s ]
INFO: [ view_parse ] --START--
INFO: [ template_filter ] --START--
INFO: Run Behavior\ContentReplaceBehavior [ RunTime:0.000000s ]
INFO: [ template_filter ] --END-- [ RunTime:0.000000s ]
INFO: Run Behavior\ParseTemplateBehavior [ RunTime:0.028001s ]
INFO: [ view_parse ] --END-- [ RunTime:0.029001s ]
INFO: [ view_filter ] --START--
INFO: Run Behavior\WriteHtmlCacheBehavior [ RunTime:0.000000s ]
INFO: [ view_filter ] --END-- [ RunTime:0.000000s ]
INFO: [ app_end ] --START--
INFO: Run Behavior\ShowPageTraceBehavior [ RunTime:0.001000s ]
INFO: [ app_end ] --END-- [ RunTime:0.001000s ]

[ 2016-04-27T23:36:12+08:00 ] 127.0.0.1 /index.php/admin/admin/admin
INFO: [ app_init ] --START--
INFO: Run Behavior\BuildLiteBehavior [ RunTime:0.001000s ]
INFO: [ app_init ] --END-- [ RunTime:0.001000s ]
INFO: [ app_begin ] --START--
INFO: Run Behavior\ReadHtmlCacheBehavior [ RunTime:0.001000s ]
INFO: [ app_begin ] --END-- [ RunTime:0.001000s ]
SQL: SHOW COLUMNS FROM `xy_article` [ RunTime:0.0070s ]
SQL: SELECT * FROM `xy_article`  [ RunTime:0.0020s ]
INFO: [ view_parse ] --START--
INFO: [ template_filter ] --START--
INFO: Run Behavior\ContentReplaceBehavior [ RunTime:0.001000s ]
INFO: [ template_filter ] --END-- [ RunTime:0.001000s ]
INFO: Run Behavior\ParseTemplateBehavior [ RunTime:0.023001s ]
INFO: [ view_parse ] --END-- [ RunTime:0.023001s ]
INFO: [ view_filter ] --START--
INFO: Run Behavior\WriteHtmlCacheBehavior [ RunTime:0.001000s ]
INFO: [ view_filter ] --END-- [ RunTime:0.001000s ]
INFO: [ app_end ] --START--
INFO: Run Behavior\ShowPageTraceBehavior [ RunTime:0.001000s ]
INFO: [ app_end ] --END-- [ RunTime:0.001000s ]

[ 2016-04-27T23:36:12+08:00 ] 127.0.0.1 /index.php/admin/admin/index_v1.html?v=4.0
INFO: [ app_init ] --START--
INFO: Run Behavior\BuildLiteBehavior [ RunTime:0.000000s ]
INFO: [ app_init ] --END-- [ RunTime:0.001000s ]
INFO: [ app_begin ] --START--
INFO: Run Behavior\ReadHtmlCacheBehavior [ RunTime:0.000000s ]
INFO: [ app_begin ] --END-- [ RunTime:0.000000s ]
INFO: [ view_parse ] --START--
INFO: [ template_filter ] --START--
INFO: Run Behavior\ContentReplaceBehavior [ RunTime:0.001000s ]
INFO: [ template_filter ] --END-- [ RunTime:0.001000s ]
INFO: Run Behavior\ParseTemplateBehavior [ RunTime:0.019001s ]
INFO: [ view_parse ] --END-- [ RunTime:0.020001s ]
INFO: [ view_filter ] --START--
INFO: Run Behavior\WriteHtmlCacheBehavior [ RunTime:0.000000s ]
INFO: [ view_filter ] --END-- [ RunTime:0.000000s ]
INFO: [ app_end ] --START--
INFO: Run Behavior\ShowPageTraceBehavior [ RunTime:0.000000s ]
INFO: [ app_end ] --END-- [ RunTime:0.001000s ]

[ 2016-04-27T23:36:16+08:00 ] 127.0.0.1 /index.php/Admin/Article/index?v=4.0
INFO: [ app_init ] --START--
INFO: Run Behavior\BuildLiteBehavior [ RunTime:0.000000s ]
INFO: [ app_init ] --END-- [ RunTime:0.001000s ]
INFO: [ app_begin ] --START--
INFO: Run Behavior\ReadHtmlCacheBehavior [ RunTime:0.001000s ]
INFO: [ app_begin ] --END-- [ RunTime:0.001000s ]
NOTIC: [2048] Declaration of Admin\Model\ArticleModel::_before_delete() should be compatible with Think\Model::_before_delete($options) D:\php\git\PortableGit\xy\Application\Admin\Model\ArticleModel.class.php 第 4 行.
SQL: SHOW COLUMNS FROM `xy_article` [ RunTime:0.0040s ]
SQL: SELECT * FROM `xy_article` WHERE ( status != 2 )  [ RunTime:0.0010s ]
INFO: [ view_parse ] --START--
INFO: [ template_filter ] --START--
INFO: Run Behavior\ContentReplaceBehavior [ RunTime:0.000000s ]
INFO: [ template_filter ] --END-- [ RunTime:0.000000s ]
INFO: Run Behavior\ParseTemplateBehavior [ RunTime:0.011000s ]
INFO: [ view_parse ] --END-- [ RunTime:0.011000s ]
INFO: [ view_filter ] --START--
INFO: Run Behavior\WriteHtmlCacheBehavior [ RunTime:0.000000s ]
INFO: [ view_filter ] --END-- [ RunTime:0.000000s ]
INFO: [ app_end ] --START--
INFO: Run Behavior\ShowPageTraceBehavior [ RunTime:0.001000s ]
INFO: [ app_end ] --END-- [ RunTime:0.001000s ]

[ 2016-04-27T23:36:19+08:00 ] 127.0.0.1 /index.php/Admin/Article/add
INFO: [ app_init ] --START--
INFO: Run Behavior\BuildLiteBehavior [ RunTime:0.000000s ]
INFO: [ app_init ] --END-- [ RunTime:0.001000s ]
INFO: [ app_begin ] --START--
INFO: Run Behavior\ReadHtmlCacheBehavior [ RunTime:0.001000s ]
INFO: [ app_begin ] --END-- [ RunTime:0.001000s ]
SQL: SHOW COLUMNS FROM `xy_source` [ RunTime:0.0720s ]
SQL: SELECT `sre_id`,`sre_name` FROM `xy_source` WHERE `status` = 0 ORDER BY sort_order  [ RunTime:0.0100s ]
SQL: SHOW COLUMNS FROM `xy_category` [ RunTime:0.0120s ]
NOTIC: [8] Undefined variable: error D:\php\git\PortableGit\xy\Application\Library\Web.class.php 第 43 行.
SQL: SHOW COLUMNS FROM `xy_category` [ RunTime:0.0070s ]
SQL: SELECT * FROM `xy_category` WHERE ( 1 )  [ RunTime:0.0000s ]
INFO: [ view_parse ] --START--
INFO: [ template_filter ] --START--
INFO: Run Behavior\ContentReplaceBehavior [ RunTime:0.001000s ]
INFO: [ template_filter ] --END-- [ RunTime:0.001000s ]
NOTIC: [8] Undefined variable: label_list D:\php\git\PortableGit\xy\Application\Runtime\Cache\Admin\4ffab12185157fe73d18a5cae1eeaab4.php 第 104 行.
NOTIC: [2] Invalid argument supplied for foreach() D:\php\git\PortableGit\xy\Application\Runtime\Cache\Admin\4ffab12185157fe73d18a5cae1eeaab4.php 第 104 行.
INFO: Run Behavior\ParseTemplateBehavior [ RunTime:0.007001s ]
INFO: [ view_parse ] --END-- [ RunTime:0.007001s ]
INFO: [ view_filter ] --START--
INFO: Run Behavior\WriteHtmlCacheBehavior [ RunTime:0.001000s ]
INFO: [ view_filter ] --END-- [ RunTime:0.001000s ]
INFO: [ app_end ] --START--
INFO: Run Behavior\ShowPageTraceBehavior [ RunTime:0.000000s ]
INFO: [ app_end ] --END-- [ RunTime:0.000000s ]

[ 2016-04-27T23:37:41+08:00 ] 127.0.0.1 /index.php/Admin/Article/add
INFO: [ app_init ] --START--
INFO: Run Behavior\BuildLiteBehavior [ RunTime:0.000000s ]
INFO: [ app_init ] --END-- [ RunTime:0.000000s ]
INFO: [ app_begin ] --START--
INFO: Run Behavior\ReadHtmlCacheBehavior [ RunTime:0.001000s ]
INFO: [ app_begin ] --END-- [ RunTime:0.002000s ]
NOTIC: [2048] Declaration of Admin\Model\ArticleModel::_before_delete() should be compatible with Think\Model::_before_delete($options) D:\php\git\PortableGit\xy\Application\Admin\Model\ArticleModel.class.php 第 4 行.
SQL: SHOW COLUMNS FROM `xy_article` [ RunTime:0.0090s ]
NOTIC: [8] Undefined index: validate D:\php\git\PortableGit\xy\ThinkPHP\Library\Think\Model.class.php 第 1185 行.
NOTIC: [8] Undefined index: auto D:\php\git\PortableGit\xy\ThinkPHP\Library\Think\Model.class.php 第 1128 行.
INFO: [ view_parse ] --START--
INFO: [ template_filter ] --START--
INFO: Run Behavior\ContentReplaceBehavior [ RunTime:0.000000s ]
INFO: [ template_filter ] --END-- [ RunTime:0.000000s ]
INFO: Run Behavior\ParseTemplateBehavior [ RunTime:0.013001s ]
INFO: [ view_parse ] --END-- [ RunTime:0.013001s ]
INFO: [ view_filter ] --START--
INFO: Run Behavior\WriteHtmlCacheBehavior [ RunTime:0.002000s ]
INFO: [ view_filter ] --END-- [ RunTime:0.002000s ]

[ 2016-04-27T23:37:45+08:00 ] 127.0.0.1 /index.php/Admin/Article/add
INFO: [ app_init ] --START--
INFO: Run Behavior\BuildLiteBehavior [ RunTime:0.000000s ]
INFO: [ app_init ] --END-- [ RunTime:0.002000s ]
INFO: [ app_begin ] --START--
INFO: Run Behavior\ReadHtmlCacheBehavior [ RunTime:0.001000s ]
INFO: [ app_begin ] --END-- [ RunTime:0.001000s ]
SQL: SHOW COLUMNS FROM `xy_source` [ RunTime:0.0050s ]
SQL: SELECT `sre_id`,`sre_name` FROM `xy_source` WHERE `status` = 0 ORDER BY sort_order  [ RunTime:0.0000s ]
SQL: SHOW COLUMNS FROM `xy_category` [ RunTime:0.0040s ]
NOTIC: [8] Undefined variable: error D:\php\git\PortableGit\xy\Application\Library\Web.class.php 第 43 行.
SQL: SHOW COLUMNS FROM `xy_category` [ RunTime:0.0050s ]
SQL: SELECT * FROM `xy_category` WHERE ( 1 )  [ RunTime:0.0010s ]
INFO: [ view_parse ] --START--
INFO: [ template_filter ] --START--
INFO: Run Behavior\ContentReplaceBehavior [ RunTime:0.000000s ]
INFO: [ template_filter ] --END-- [ RunTime:0.000000s ]
NOTIC: [8] Undefined variable: label_list D:\php\git\PortableGit\xy\Application\Runtime\Cache\Admin\4ffab12185157fe73d18a5cae1eeaab4.php 第 104 行.
NOTIC: [2] Invalid argument supplied for foreach() D:\php\git\PortableGit\xy\Application\Runtime\Cache\Admin\4ffab12185157fe73d18a5cae1eeaab4.php 第 104 行.
INFO: Run Behavior\ParseTemplateBehavior [ RunTime:0.009001s ]
INFO: [ view_parse ] --END-- [ RunTime:0.009001s ]
INFO: [ view_filter ] --START--
INFO: Run Behavior\WriteHtmlCacheBehavior [ RunTime:0.001000s ]
INFO: [ view_filter ] --END-- [ RunTime:0.001000s ]
INFO: [ app_end ] --START--
INFO: Run Behavior\ShowPageTraceBehavior [ RunTime:0.002000s ]
INFO: [ app_end ] --END-- [ RunTime:0.002000s ]

[ 2016-04-27T23:38:53+08:00 ] 127.0.0.1 /index.php/Admin/Article/add
INFO: [ app_init ] --START--
INFO: Run Behavior\BuildLiteBehavior [ RunTime:0.000000s ]
INFO: [ app_init ] --END-- [ RunTime:0.000000s ]
INFO: [ app_begin ] --START--
INFO: Run Behavior\ReadHtmlCacheBehavior [ RunTime:0.001000s ]
INFO: [ app_begin ] --END-- [ RunTime:0.001000s ]
NOTIC: [2048] Declaration of Admin\Model\ArticleModel::_before_delete() should be compatible with Think\Model::_before_delete($options) D:\php\git\PortableGit\xy\Application\Admin\Model\ArticleModel.class.php 第 4 行.
SQL: SHOW COLUMNS FROM `xy_article` [ RunTime:0.0350s ]
NOTIC: [8] Undefined index: validate D:\php\git\PortableGit\xy\ThinkPHP\Library\Think\Model.class.php 第 1185 行.
NOTIC: [8] Undefined index: auto D:\php\git\PortableGit\xy\ThinkPHP\Library\Think\Model.class.php 第 1128 行.
NOTIC: [2] call_user_func() expects parameter 1 to be a valid callback, no array or string given D:\php\git\PortableGit\xy\ThinkPHP\Library\Think\Upload.class.php 第 170 行.
SQL: INSERT INTO `xy_article` (`title`,`author`,`excerpt`,`content`,`sre_id`,`cat_id`,`add_time`,`is_show`,`is_discuss`,`is_top`,`img_path`) VALUES ('php中session的生成机制 ','jerrylsxu','php中session的生成机制 ','&lt;p&gt;&amp;nbsp;&lt;/p&gt;
&lt;p class=&quot;p0&quot; style=&quot;margin: 10px auto; padding: 0px; list-style-type: none; list-style-image: none; color: rgb(68, 68, 68); font-family: Tahoma, Arial, Helvetica, sans-serif; font-size: 14px; line-height: 25.2000007629395px;&quot;&gt;我们先来分析一下PHP中是怎么生成一个session的。设计出session的目的是保持每一个用户的各种状态来弥补HTTP协议的不足(无状态)。session是保存在服务器的，既然它用于保持每一个用户的状态那它利用什么来区别用户的呢？这个时候就得借助cookie了。当我们在代码中调用session_start();时，PHP会同时往SESSION的存放目录(默认为/tmp/)和客户端的cookie目录各生成一个文件。session文件名称像这样：&lt;/p&gt;
&lt;p style=&quot;margin: 10px auto; padding: 0px; list-style-type: none; list-style-image: none; color: rgb(68, 68, 68); font-family: Tahoma, Arial, Helvetica, sans-serif; font-size: 14px; line-height: 25.2000007629395px;&quot;&gt;&amp;nbsp;&lt;/p&gt;
&lt;p class=&quot;p0&quot; style=&quot;margin: 10px auto; padding: 0px; list-style-type: none; list-style-image: none; color: rgb(68, 68, 68); font-family: Tahoma, Arial, Helvetica, sans-serif; font-size: 14px; line-height: 25.2000007629395px;&quot;&gt;格式为sess_{SESSIONID}&amp;nbsp;，这时session文件中没有任何内容，当我们在session_start();添加了这两行代码：&lt;/p&gt;
&lt;p class=&quot;p0&quot; style=&quot;margin: 10px auto; padding: 0px; list-style-type: none; list-style-image: none; color: rgb(68, 68, 68); font-family: Tahoma, Arial, Helvetica, sans-serif; font-size: 14px; line-height: 25.2000007629395px;&quot;&gt;$_SESSION[\'name\']&amp;nbsp;=\'sharexie\';&lt;/p&gt;
&lt;p class=&quot;p0&quot; style=&quot;margin: 10px auto; padding: 0px; list-style-type: none; list-style-image: none; color: rgb(68, 68, 68); font-family: Tahoma, Arial, Helvetica, sans-serif; font-size: 14px; line-height: 25.2000007629395px;&quot;&gt;$_SESSION[\'webUlr\']&amp;nbsp;=&amp;nbsp;\'www.qq.com\';&lt;/p&gt;
&lt;p class=&quot;p0&quot; style=&quot;margin: 10px auto; padding: 0px; list-style-type: none; list-style-image: none; color: rgb(68, 68, 68); font-family: Tahoma, Arial, Helvetica, sans-serif; font-size: 14px; line-height: 25.2000007629395px;&quot;&gt;这时文件就有内容了：&lt;/p&gt;
&lt;p class=&quot;p0&quot; style=&quot;margin: 10px auto; padding: 0px; list-style-type: none; list-style-image: none; color: rgb(68, 68, 68); font-family: Tahoma, Arial, Helvetica, sans-serif; font-size: 14px; line-height: 25.2000007629395px;&quot;&gt;name|s:8:&amp;quot;sharexie&amp;quot;;webUlr|s:10:&amp;quot;www.qq.com&amp;quot;;&lt;/p&gt;
&lt;p class=&quot;p0&quot; style=&quot;margin: 10px auto; padding: 0px; list-style-type: none; list-style-image: none; color: rgb(68, 68, 68); font-family: Tahoma, Arial, Helvetica, sans-serif; font-size: 14px; line-height: 25.2000007629395px;&quot;&gt;这时再看看cookie：&lt;/p&gt;
&lt;p class=&quot;p0&quot; style=&quot;margin: 10px auto; padding: 0px; list-style-type: none; list-style-image: none; color: rgb(68, 68, 68); font-family: Tahoma, Arial, Helvetica, sans-serif; font-size: 14px; line-height: 25.2000007629395px;&quot;&gt;&amp;nbsp;&lt;/p&gt;
&lt;p style=&quot;margin: 10px auto; padding: 0px; list-style-type: none; list-style-image: none; color: rgb(68, 68, 68); font-family: Tahoma, Arial, Helvetica, sans-serif; font-size: 14px; line-height: 25.2000007629395px;&quot;&gt;&lt;img src=&quot;http://pic002.cnblogs.com/images/2012/336475/2012083122364519.png&quot; alt=&quot;&quot; style=&quot;border: none; margin-top: 20px; margin-bottom: 20px; max-width: 650px;&quot; /&gt;&lt;/p&gt;
&lt;p class=&quot;p0&quot; style=&quot;margin: 10px auto; padding: 0px; list-style-type: none; list-style-image: none; color: rgb(68, 68, 68); font-family: Tahoma, Arial, Helvetica, sans-serif; font-size: 14px; line-height: 25.2000007629395px;&quot;&gt;可以看到服务器为我们自动生成了一个cookie,cookie名称为&amp;quot;PHPSESSID&amp;quot;，cookie内容是一串字符，其实这串字符就是{SESSIONID}。当我们使用session时，PHP就先生成一个唯一的SESSIONID号(如2bd170b3f86523f1b1b60b55ffde0f66)，再在我们服务器的默认目录下生成一个文件，文件名为sess_{SESSIONID}，同时在当前用户的客户端生成一个cookie，内容已经说过了。这样PHP会为每一个用户生成一个SESSIONID，也就是说一个用户一个session文件。PHP第一次为某个用户使用session时就向客户端写入了cookie，当这个用户以后访问时，&lt;a href=&quot;http://www.2cto.com/os/liulanqi/&quot; style=&quot;text-decoration: none; color: rgb(51, 153, 255);&quot;&gt;浏览器&lt;/a&gt;会带上这个cookie，PHP在拿到cookie后就读出里面的SESSIONID，拿着这个SESSIONID去session目录下找session文件。&lt;/p&gt;','2','0','2016','0','0','1','Article/2016-04-27/5720dd0cf1640.jpg') [ RunTime:0.0780s ]
INFO: [ view_parse ] --START--
INFO: [ template_filter ] --START--
INFO: Run Behavior\ContentReplaceBehavior [ RunTime:0.000000s ]
INFO: [ template_filter ] --END-- [ RunTime:0.000000s ]
INFO: Run Behavior\ParseTemplateBehavior [ RunTime:0.008000s ]
INFO: [ view_parse ] --END-- [ RunTime:0.008000s ]
INFO: [ view_filter ] --START--
INFO: Run Behavior\WriteHtmlCacheBehavior [ RunTime:0.001000s ]
INFO: [ view_filter ] --END-- [ RunTime:0.001000s ]

[ 2016-04-27T23:38:55+08:00 ] 127.0.0.1 /index.php/Admin/Article/index.html
INFO: [ app_init ] --START--
INFO: Run Behavior\BuildLiteBehavior [ RunTime:0.000000s ]
INFO: [ app_init ] --END-- [ RunTime:0.001000s ]
INFO: [ app_begin ] --START--
INFO: Run Behavior\ReadHtmlCacheBehavior [ RunTime:0.001000s ]
INFO: [ app_begin ] --END-- [ RunTime:0.001000s ]
NOTIC: [2048] Declaration of Admin\Model\ArticleModel::_before_delete() should be compatible with Think\Model::_before_delete($options) D:\php\git\PortableGit\xy\Application\Admin\Model\ArticleModel.class.php 第 4 行.
SQL: SHOW COLUMNS FROM `xy_article` [ RunTime:0.0080s ]
SQL: SELECT * FROM `xy_article` WHERE ( status != 2 )  [ RunTime:0.0310s ]
INFO: [ view_parse ] --START--
INFO: [ template_filter ] --START--
INFO: Run Behavior\ContentReplaceBehavior [ RunTime:0.001000s ]
INFO: [ template_filter ] --END-- [ RunTime:0.001000s ]
INFO: Run Behavior\ParseTemplateBehavior [ RunTime:0.017001s ]
INFO: [ view_parse ] --END-- [ RunTime:0.018001s ]
INFO: [ view_filter ] --START--
INFO: Run Behavior\WriteHtmlCacheBehavior [ RunTime:0.000000s ]
INFO: [ view_filter ] --END-- [ RunTime:0.000000s ]
INFO: [ app_end ] --START--
INFO: Run Behavior\ShowPageTraceBehavior [ RunTime:0.001000s ]
INFO: [ app_end ] --END-- [ RunTime:0.001000s ]

[ 2016-04-27T23:39:10+08:00 ] 127.0.0.1 /index.php/Admin/Article/edit/id/1
INFO: [ app_init ] --START--
INFO: Run Behavior\BuildLiteBehavior [ RunTime:0.000000s ]
INFO: [ app_init ] --END-- [ RunTime:0.000000s ]
INFO: [ app_begin ] --START--
INFO: Run Behavior\ReadHtmlCacheBehavior [ RunTime:0.001000s ]
INFO: [ app_begin ] --END-- [ RunTime:0.001000s ]
NOTIC: [2048] Declaration of Admin\Model\ArticleModel::_before_delete() should be compatible with Think\Model::_before_delete($options) D:\php\git\PortableGit\xy\Application\Admin\Model\ArticleModel.class.php 第 4 行.
SQL: SHOW COLUMNS FROM `xy_article` [ RunTime:0.0080s ]
SQL: SELECT * FROM `xy_article` WHERE `article_id` = 1 LIMIT 1   [ RunTime:0.0010s ]
SQL: SHOW COLUMNS FROM `xy_source` [ RunTime:0.0080s ]
SQL: SELECT `sre_id`,`sre_name` FROM `xy_source` WHERE `status` = 0 ORDER BY sort_order  [ RunTime:0.0000s ]
SQL: SHOW COLUMNS FROM `xy_category` [ RunTime:0.0050s ]
NOTIC: [8] Undefined variable: error D:\php\git\PortableGit\xy\Application\Library\Web.class.php 第 43 行.
SQL: SHOW COLUMNS FROM `xy_category` [ RunTime:0.0040s ]
SQL: SELECT * FROM `xy_category` WHERE ( 1 )  [ RunTime:0.0000s ]
INFO: [ view_parse ] --START--
INFO: [ template_filter ] --START--
INFO: Run Behavior\ContentReplaceBehavior [ RunTime:0.000000s ]
INFO: [ template_filter ] --END-- [ RunTime:0.000000s ]
INFO: Run Behavior\ParseTemplateBehavior [ RunTime:0.008001s ]
INFO: [ view_parse ] --END-- [ RunTime:0.008001s ]
INFO: [ view_filter ] --START--
INFO: Run Behavior\WriteHtmlCacheBehavior [ RunTime:0.000000s ]
INFO: [ view_filter ] --END-- [ RunTime:0.000000s ]
INFO: [ app_end ] --START--
INFO: Run Behavior\ShowPageTraceBehavior [ RunTime:0.001000s ]
INFO: [ app_end ] --END-- [ RunTime:0.001000s ]

[ 2016-04-27T23:39:16+08:00 ] 127.0.0.1 /index.php/Admin/Article/index?v=4.0
INFO: [ app_init ] --START--
INFO: Run Behavior\BuildLiteBehavior [ RunTime:0.000000s ]
INFO: [ app_init ] --END-- [ RunTime:0.000000s ]
INFO: [ app_begin ] --START--
INFO: Run Behavior\ReadHtmlCacheBehavior [ RunTime:0.000000s ]
INFO: [ app_begin ] --END-- [ RunTime:0.001000s ]
NOTIC: [2048] Declaration of Admin\Model\ArticleModel::_before_delete() should be compatible with Think\Model::_before_delete($options) D:\php\git\PortableGit\xy\Application\Admin\Model\ArticleModel.class.php 第 4 行.
SQL: SHOW COLUMNS FROM `xy_article` [ RunTime:0.0070s ]
SQL: SELECT * FROM `xy_article` WHERE ( status != 2 )  [ RunTime:0.0010s ]
INFO: [ view_parse ] --START--
INFO: [ template_filter ] --START--
INFO: Run Behavior\ContentReplaceBehavior [ RunTime:0.000000s ]
INFO: [ template_filter ] --END-- [ RunTime:0.000000s ]
INFO: Run Behavior\ParseTemplateBehavior [ RunTime:0.009000s ]
INFO: [ view_parse ] --END-- [ RunTime:0.009000s ]
INFO: [ view_filter ] --START--
INFO: Run Behavior\WriteHtmlCacheBehavior [ RunTime:0.002000s ]
INFO: [ view_filter ] --END-- [ RunTime:0.002000s ]
INFO: [ app_end ] --START--
INFO: Run Behavior\ShowPageTraceBehavior [ RunTime:0.001000s ]
INFO: [ app_end ] --END-- [ RunTime:0.001000s ]

[ 2016-04-27T23:39:20+08:00 ] 127.0.0.1 /index.php/Admin/Article/edit/id/2
INFO: [ app_init ] --START--
INFO: Run Behavior\BuildLiteBehavior [ RunTime:0.000000s ]
INFO: [ app_init ] --END-- [ RunTime:0.001001s ]
INFO: [ app_begin ] --START--
INFO: Run Behavior\ReadHtmlCacheBehavior [ RunTime:0.000000s ]
INFO: [ app_begin ] --END-- [ RunTime:0.000000s ]
NOTIC: [2048] Declaration of Admin\Model\ArticleModel::_before_delete() should be compatible with Think\Model::_before_delete($options) D:\php\git\PortableGit\xy\Application\Admin\Model\ArticleModel.class.php 第 4 行.
SQL: SHOW COLUMNS FROM `xy_article` [ RunTime:0.0130s ]
SQL: SELECT * FROM `xy_article` WHERE `article_id` = 2 LIMIT 1   [ RunTime:0.0020s ]
SQL: SHOW COLUMNS FROM `xy_source` [ RunTime:0.0110s ]
SQL: SELECT `sre_id`,`sre_name` FROM `xy_source` WHERE `status` = 0 ORDER BY sort_order  [ RunTime:0.0000s ]
SQL: SHOW COLUMNS FROM `xy_category` [ RunTime:0.0090s ]
NOTIC: [8] Undefined variable: error D:\php\git\PortableGit\xy\Application\Library\Web.class.php 第 43 行.
SQL: SHOW COLUMNS FROM `xy_category` [ RunTime:0.0050s ]
SQL: SELECT * FROM `xy_category` WHERE ( 1 )  [ RunTime:0.0000s ]
INFO: [ view_parse ] --START--
INFO: [ template_filter ] --START--
INFO: Run Behavior\ContentReplaceBehavior [ RunTime:0.001000s ]
INFO: [ template_filter ] --END-- [ RunTime:0.001000s ]
INFO: Run Behavior\ParseTemplateBehavior [ RunTime:0.008000s ]
INFO: [ view_parse ] --END-- [ RunTime:0.009000s ]
INFO: [ view_filter ] --START--
INFO: Run Behavior\WriteHtmlCacheBehavior [ RunTime:0.001000s ]
INFO: [ view_filter ] --END-- [ RunTime:0.001000s ]
INFO: [ app_end ] --START--
INFO: Run Behavior\ShowPageTraceBehavior [ RunTime:0.000000s ]
INFO: [ app_end ] --END-- [ RunTime:0.000000s ]

[ 2016-04-27T23:39:44+08:00 ] 127.0.0.1 /index.php/Admin/Article/index?v=4.0
INFO: [ app_init ] --START--
INFO: Run Behavior\BuildLiteBehavior [ RunTime:0.000000s ]
INFO: [ app_init ] --END-- [ RunTime:0.000000s ]
INFO: [ app_begin ] --START--
INFO: Run Behavior\ReadHtmlCacheBehavior [ RunTime:0.000000s ]
INFO: [ app_begin ] --END-- [ RunTime:0.000000s ]
NOTIC: [2048] Declaration of Admin\Model\ArticleModel::_before_delete() should be compatible with Think\Model::_before_delete($options) D:\php\git\PortableGit\xy\Application\Admin\Model\ArticleModel.class.php 第 4 行.
SQL: SHOW COLUMNS FROM `xy_article` [ RunTime:0.0120s ]
SQL: SELECT * FROM `xy_article` WHERE ( status != 2 )  [ RunTime:0.0010s ]
INFO: [ view_parse ] --START--
INFO: [ template_filter ] --START--
INFO: Run Behavior\ContentReplaceBehavior [ RunTime:0.000000s ]
INFO: [ template_filter ] --END-- [ RunTime:0.000000s ]
INFO: Run Behavior\ParseTemplateBehavior [ RunTime:0.017000s ]
INFO: [ view_parse ] --END-- [ RunTime:0.017000s ]
INFO: [ view_filter ] --START--
INFO: Run Behavior\WriteHtmlCacheBehavior [ RunTime:0.001001s ]
INFO: [ view_filter ] --END-- [ RunTime:0.001001s ]
INFO: [ app_end ] --START--
INFO: Run Behavior\ShowPageTraceBehavior [ RunTime:0.001000s ]
INFO: [ app_end ] --END-- [ RunTime:0.001000s ]

[ 2016-04-27T23:39:46+08:00 ] 127.0.0.1 /index.php/Admin/Article/add
INFO: [ app_init ] --START--
INFO: Run Behavior\BuildLiteBehavior [ RunTime:0.000000s ]
INFO: [ app_init ] --END-- [ RunTime:0.000000s ]
INFO: [ app_begin ] --START--
INFO: Run Behavior\ReadHtmlCacheBehavior [ RunTime:0.002000s ]
INFO: [ app_begin ] --END-- [ RunTime:0.002000s ]
SQL: SHOW COLUMNS FROM `xy_source` [ RunTime:0.0070s ]
SQL: SELECT `sre_id`,`sre_name` FROM `xy_source` WHERE `status` = 0 ORDER BY sort_order  [ RunTime:0.0000s ]
SQL: SHOW COLUMNS FROM `xy_category` [ RunTime:0.0050s ]
NOTIC: [8] Undefined variable: error D:\php\git\PortableGit\xy\Application\Library\Web.class.php 第 43 行.
SQL: SHOW COLUMNS FROM `xy_category` [ RunTime:0.0060s ]
SQL: SELECT * FROM `xy_category` WHERE ( 1 )  [ RunTime:0.0010s ]
INFO: [ view_parse ] --START--
INFO: [ template_filter ] --START--
INFO: Run Behavior\ContentReplaceBehavior [ RunTime:0.000000s ]
INFO: [ template_filter ] --END-- [ RunTime:0.000000s ]
NOTIC: [8] Undefined variable: label_list D:\php\git\PortableGit\xy\Application\Runtime\Cache\Admin\4ffab12185157fe73d18a5cae1eeaab4.php 第 104 行.
NOTIC: [2] Invalid argument supplied for foreach() D:\php\git\PortableGit\xy\Application\Runtime\Cache\Admin\4ffab12185157fe73d18a5cae1eeaab4.php 第 104 行.
INFO: Run Behavior\ParseTemplateBehavior [ RunTime:0.008001s ]
INFO: [ view_parse ] --END-- [ RunTime:0.008001s ]
INFO: [ view_filter ] --START--
INFO: Run Behavior\WriteHtmlCacheBehavior [ RunTime:0.000000s ]
INFO: [ view_filter ] --END-- [ RunTime:0.000000s ]
INFO: [ app_end ] --START--
INFO: Run Behavior\ShowPageTraceBehavior [ RunTime:0.001000s ]
INFO: [ app_end ] --END-- [ RunTime:0.001000s ]

[ 2016-04-27T23:40:19+08:00 ] 127.0.0.1 /index.php/Admin/Category/index?v=4.0
INFO: [ app_init ] --START--
INFO: Run Behavior\BuildLiteBehavior [ RunTime:0.000000s ]
INFO: [ app_init ] --END-- [ RunTime:0.001000s ]
INFO: [ app_begin ] --START--
INFO: Run Behavior\ReadHtmlCacheBehavior [ RunTime:0.002001s ]
INFO: [ app_begin ] --END-- [ RunTime:0.002001s ]
SQL: SHOW COLUMNS FROM `xy_category` [ RunTime:0.0030s ]
NOTIC: [8] Undefined variable: error D:\php\git\PortableGit\xy\Application\Library\Web.class.php 第 43 行.
SQL: SHOW COLUMNS FROM `xy_category` [ RunTime:0.0040s ]
SQL: SELECT * FROM `xy_category` WHERE ( 1 )  [ RunTime:0.0000s ]
INFO: [ view_parse ] --START--
INFO: [ template_filter ] --START--
INFO: Run Behavior\ContentReplaceBehavior [ RunTime:0.001000s ]
INFO: [ template_filter ] --END-- [ RunTime:0.001000s ]
INFO: Run Behavior\ParseTemplateBehavior [ RunTime:0.009000s ]
INFO: [ view_parse ] --END-- [ RunTime:0.009000s ]
INFO: [ view_filter ] --START--
INFO: Run Behavior\WriteHtmlCacheBehavior [ RunTime:0.001000s ]
INFO: [ view_filter ] --END-- [ RunTime:0.001000s ]
INFO: [ app_end ] --START--
INFO: Run Behavior\ShowPageTraceBehavior [ RunTime:0.001000s ]
INFO: [ app_end ] --END-- [ RunTime:0.001000s ]

[ 2016-04-27T23:40:24+08:00 ] 127.0.0.1 /index.php/Admin/Role/index?v=4.0
INFO: [ app_init ] --START--
INFO: Run Behavior\BuildLiteBehavior [ RunTime:0.000000s ]
INFO: [ app_init ] --END-- [ RunTime:0.001000s ]
INFO: [ app_begin ] --START--
INFO: Run Behavior\ReadHtmlCacheBehavior [ RunTime:0.000000s ]
INFO: [ app_begin ] --END-- [ RunTime:0.000000s ]
SQL: SHOW COLUMNS FROM `xy_role` [ RunTime:0.0480s ]
SQL: SELECT * FROM `xy_role`  [ RunTime:0.0010s ]
INFO: [ view_parse ] --START--
INFO: [ template_filter ] --START--
INFO: Run Behavior\ContentReplaceBehavior [ RunTime:0.001000s ]
INFO: [ template_filter ] --END-- [ RunTime:0.001000s ]
NOTIC: [8] Undefined variable: list D:\php\git\PortableGit\xy\Application\Runtime\Cache\Admin\be375fc393cce95f678bd55e4cac41a7.php 第 125 行.
NOTIC: [2] Invalid argument supplied for foreach() D:\php\git\PortableGit\xy\Application\Runtime\Cache\Admin\be375fc393cce95f678bd55e4cac41a7.php 第 125 行.
NOTIC: [8] Undefined variable: page D:\php\git\PortableGit\xy\Application\Runtime\Cache\Admin\be375fc393cce95f678bd55e4cac41a7.php 第 147 行.
NOTIC: [8] Undefined variable: page D:\php\git\PortableGit\xy\Application\Runtime\Cache\Admin\be375fc393cce95f678bd55e4cac41a7.php 第 148 行.
NOTIC: [8] Undefined variable: page D:\php\git\PortableGit\xy\Application\Runtime\Cache\Admin\be375fc393cce95f678bd55e4cac41a7.php 第 148 行.
NOTIC: [8] Undefined variable: page D:\php\git\PortableGit\xy\Application\Runtime\Cache\Admin\be375fc393cce95f678bd55e4cac41a7.php 第 154 行.
NOTIC: [8] Undefined variable: page D:\php\git\PortableGit\xy\Application\Runtime\Cache\Admin\be375fc393cce95f678bd55e4cac41a7.php 第 157 行.
NOTIC: [8] Undefined variable: page D:\php\git\PortableGit\xy\Application\Runtime\Cache\Admin\be375fc393cce95f678bd55e4cac41a7.php 第 160 行.
NOTIC: [8] Undefined variable: page D:\php\git\PortableGit\xy\Application\Runtime\Cache\Admin\be375fc393cce95f678bd55e4cac41a7.php 第 160 行.
INFO: Run Behavior\ParseTemplateBehavior [ RunTime:0.018001s ]
INFO: [ view_parse ] --END-- [ RunTime:0.018001s ]
INFO: [ view_filter ] --START--
INFO: Run Behavior\WriteHtmlCacheBehavior [ RunTime:0.000000s ]
INFO: [ view_filter ] --END-- [ RunTime:0.000000s ]
INFO: [ app_end ] --START--
INFO: Run Behavior\ShowPageTraceBehavior [ RunTime:0.001000s ]
INFO: [ app_end ] --END-- [ RunTime:0.001000s ]

[ 2016-04-27T23:54:48+08:00 ] 127.0.0.1 /index.php/admin/admin/admin
INFO: [ app_init ] --START--
INFO: Run Behavior\BuildLiteBehavior [ RunTime:0.000000s ]
INFO: [ app_init ] --END-- [ RunTime:0.000000s ]
INFO: [ app_begin ] --START--
INFO: Run Behavior\ReadHtmlCacheBehavior [ RunTime:0.004000s ]
INFO: [ app_begin ] --END-- [ RunTime:0.004000s ]
SQL: SHOW COLUMNS FROM `xy_article` [ RunTime:0.0060s ]
SQL: SELECT * FROM `xy_article`  [ RunTime:0.0010s ]
INFO: [ view_parse ] --START--
INFO: [ template_filter ] --START--
INFO: Run Behavior\ContentReplaceBehavior [ RunTime:0.000000s ]
INFO: [ template_filter ] --END-- [ RunTime:0.000000s ]
INFO: Run Behavior\ParseTemplateBehavior [ RunTime:0.025002s ]
INFO: [ view_parse ] --END-- [ RunTime:0.025002s ]
INFO: [ view_filter ] --START--
INFO: Run Behavior\WriteHtmlCacheBehavior [ RunTime:0.000000s ]
INFO: [ view_filter ] --END-- [ RunTime:0.000000s ]
INFO: [ app_end ] --START--
INFO: Run Behavior\ShowPageTraceBehavior [ RunTime:0.001000s ]
INFO: [ app_end ] --END-- [ RunTime:0.001000s ]

[ 2016-04-27T23:54:48+08:00 ] 127.0.0.1 /index.php/admin/admin/index_v1.html?v=4.0
INFO: [ app_init ] --START--
INFO: Run Behavior\BuildLiteBehavior [ RunTime:0.000000s ]
INFO: [ app_init ] --END-- [ RunTime:0.001000s ]
INFO: [ app_begin ] --START--
INFO: Run Behavior\ReadHtmlCacheBehavior [ RunTime:0.001000s ]
INFO: [ app_begin ] --END-- [ RunTime:0.001000s ]
INFO: [ view_parse ] --START--
INFO: [ template_filter ] --START--
INFO: Run Behavior\ContentReplaceBehavior [ RunTime:0.000000s ]
INFO: [ template_filter ] --END-- [ RunTime:0.000000s ]
INFO: Run Behavior\ParseTemplateBehavior [ RunTime:0.015001s ]
INFO: [ view_parse ] --END-- [ RunTime:0.015001s ]
INFO: [ view_filter ] --START--
INFO: Run Behavior\WriteHtmlCacheBehavior [ RunTime:0.001000s ]
INFO: [ view_filter ] --END-- [ RunTime:0.001000s ]
INFO: [ app_end ] --START--
INFO: Run Behavior\ShowPageTraceBehavior [ RunTime:0.001000s ]
INFO: [ app_end ] --END-- [ RunTime:0.001000s ]

[ 2016-04-27T23:54:52+08:00 ] 127.0.0.1 /index.php/Admin/Article/index?v=4.0
INFO: [ app_init ] --START--
INFO: Run Behavior\BuildLiteBehavior [ RunTime:0.001000s ]
INFO: [ app_init ] --END-- [ RunTime:0.001000s ]
INFO: [ app_begin ] --START--
INFO: Run Behavior\ReadHtmlCacheBehavior [ RunTime:0.001000s ]
INFO: [ app_begin ] --END-- [ RunTime:0.001000s ]
NOTIC: [2048] Declaration of Admin\Model\ArticleModel::_before_delete() should be compatible with Think\Model::_before_delete($options) D:\php\git\PortableGit\xy\Application\Admin\Model\ArticleModel.class.php 第 4 行.
SQL: SHOW COLUMNS FROM `xy_article` [ RunTime:0.0140s ]
SQL: SELECT * FROM `xy_article` WHERE ( status != 2 )  [ RunTime:0.0020s ]
INFO: [ view_parse ] --START--
INFO: [ template_filter ] --START--
INFO: Run Behavior\ContentReplaceBehavior [ RunTime:0.000000s ]
INFO: [ template_filter ] --END-- [ RunTime:0.000000s ]
INFO: Run Behavior\ParseTemplateBehavior [ RunTime:0.019001s ]
INFO: [ view_parse ] --END-- [ RunTime:0.019001s ]
INFO: [ view_filter ] --START--
INFO: Run Behavior\WriteHtmlCacheBehavior [ RunTime:0.000000s ]
INFO: [ view_filter ] --END-- [ RunTime:0.000000s ]
INFO: [ app_end ] --START--
INFO: Run Behavior\ShowPageTraceBehavior [ RunTime:0.001000s ]
INFO: [ app_end ] --END-- [ RunTime:0.001000s ]

[ 2016-04-27T23:55:18+08:00 ] 127.0.0.1 /index.php/admin/admin/admin
INFO: [ app_init ] --START--
INFO: Run Behavior\BuildLiteBehavior [ RunTime:0.001000s ]
INFO: [ app_init ] --END-- [ RunTime:0.001000s ]
INFO: [ app_begin ] --START--
INFO: Run Behavior\ReadHtmlCacheBehavior [ RunTime:0.000000s ]
INFO: [ app_begin ] --END-- [ RunTime:0.000000s ]
SQL: SHOW COLUMNS FROM `xy_article` [ RunTime:0.0060s ]
SQL: SELECT * FROM `xy_article`  [ RunTime:0.0020s ]
INFO: [ view_parse ] --START--
INFO: [ template_filter ] --START--
INFO: Run Behavior\ContentReplaceBehavior [ RunTime:0.000000s ]
INFO: [ template_filter ] --END-- [ RunTime:0.001000s ]
INFO: Run Behavior\ParseTemplateBehavior [ RunTime:0.013001s ]
INFO: [ view_parse ] --END-- [ RunTime:0.013001s ]
INFO: [ view_filter ] --START--
INFO: Run Behavior\WriteHtmlCacheBehavior [ RunTime:0.001000s ]
INFO: [ view_filter ] --END-- [ RunTime:0.001000s ]
INFO: [ app_end ] --START--
INFO: Run Behavior\ShowPageTraceBehavior [ RunTime:0.001000s ]
INFO: [ app_end ] --END-- [ RunTime:0.001000s ]

[ 2016-04-27T23:55:18+08:00 ] 127.0.0.1 /index.php/admin/admin/index_v1.html?v=4.0
INFO: [ app_init ] --START--
INFO: Run Behavior\BuildLiteBehavior [ RunTime:0.000000s ]
INFO: [ app_init ] --END-- [ RunTime:0.000000s ]
INFO: [ app_begin ] --START--
INFO: Run Behavior\ReadHtmlCacheBehavior [ RunTime:0.001000s ]
INFO: [ app_begin ] --END-- [ RunTime:0.001000s ]
INFO: [ view_parse ] --START--
INFO: [ template_filter ] --START--
INFO: Run Behavior\ContentReplaceBehavior [ RunTime:0.000000s ]
INFO: [ template_filter ] --END-- [ RunTime:0.000000s ]
INFO: Run Behavior\ParseTemplateBehavior [ RunTime:0.023001s ]
INFO: [ view_parse ] --END-- [ RunTime:0.024001s ]
INFO: [ view_filter ] --START--
INFO: Run Behavior\WriteHtmlCacheBehavior [ RunTime:0.002000s ]
INFO: [ view_filter ] --END-- [ RunTime:0.002000s ]
INFO: [ app_end ] --START--
INFO: Run Behavior\ShowPageTraceBehavior [ RunTime:0.001000s ]
INFO: [ app_end ] --END-- [ RunTime:0.001000s ]

[ 2016-04-27T23:55:21+08:00 ] 127.0.0.1 /index.php/Admin/Article/index?v=4.0
INFO: [ app_init ] --START--
INFO: Run Behavior\BuildLiteBehavior [ RunTime:0.000000s ]
INFO: [ app_init ] --END-- [ RunTime:0.000000s ]
INFO: [ app_begin ] --START--
INFO: Run Behavior\ReadHtmlCacheBehavior [ RunTime:0.000000s ]
INFO: [ app_begin ] --END-- [ RunTime:0.000000s ]
NOTIC: [2048] Declaration of Admin\Model\ArticleModel::_before_delete() should be compatible with Think\Model::_before_delete($options) D:\php\git\PortableGit\xy\Application\Admin\Model\ArticleModel.class.php 第 4 行.
SQL: SHOW COLUMNS FROM `xy_article` [ RunTime:0.0060s ]
SQL: SELECT * FROM `xy_article` WHERE ( status != 2 )  [ RunTime:0.0010s ]
INFO: [ view_parse ] --START--
INFO: [ template_filter ] --START--
INFO: Run Behavior\ContentReplaceBehavior [ RunTime:0.000000s ]
INFO: [ template_filter ] --END-- [ RunTime:0.000000s ]
INFO: Run Behavior\ParseTemplateBehavior [ RunTime:0.009000s ]
INFO: [ view_parse ] --END-- [ RunTime:0.009000s ]
INFO: [ view_filter ] --START--
INFO: Run Behavior\WriteHtmlCacheBehavior [ RunTime:0.001001s ]
INFO: [ view_filter ] --END-- [ RunTime:0.001001s ]
INFO: [ app_end ] --START--
INFO: Run Behavior\ShowPageTraceBehavior [ RunTime:0.000000s ]
INFO: [ app_end ] --END-- [ RunTime:0.000000s ]

[ 2016-04-27T23:55:26+08:00 ] 127.0.0.1 /index.php/Admin/Article/tabs_panels.html
INFO: [ app_init ] --START--
INFO: Run Behavior\BuildLiteBehavior [ RunTime:0.000000s ]
INFO: [ app_init ] --END-- [ RunTime:0.000000s ]
INFO: [ app_begin ] --START--
INFO: Run Behavior\ReadHtmlCacheBehavior [ RunTime:0.000000s ]
INFO: [ app_begin ] --END-- [ RunTime:0.001000s ]
ERR: 非法操作:tabs_panels

[ 2016-04-27T23:55:31+08:00 ] 127.0.0.1 /index.php/Admin/Article/index?v=4.0
INFO: [ app_init ] --START--
INFO: Run Behavior\BuildLiteBehavior [ RunTime:0.000000s ]
INFO: [ app_init ] --END-- [ RunTime:0.000000s ]
INFO: [ app_begin ] --START--
INFO: Run Behavior\ReadHtmlCacheBehavior [ RunTime:0.002000s ]
INFO: [ app_begin ] --END-- [ RunTime:0.002000s ]
NOTIC: [2048] Declaration of Admin\Model\ArticleModel::_before_delete() should be compatible with Think\Model::_before_delete($options) D:\php\git\PortableGit\xy\Application\Admin\Model\ArticleModel.class.php 第 4 行.
SQL: SHOW COLUMNS FROM `xy_article` [ RunTime:0.0090s ]
SQL: SELECT * FROM `xy_article` WHERE ( status != 2 )  [ RunTime:0.0010s ]
INFO: [ view_parse ] --START--
INFO: [ template_filter ] --START--
INFO: Run Behavior\ContentReplaceBehavior [ RunTime:0.000000s ]
INFO: [ template_filter ] --END-- [ RunTime:0.000000s ]
INFO: Run Behavior\ParseTemplateBehavior [ RunTime:0.016001s ]
INFO: [ view_parse ] --END-- [ RunTime:0.016001s ]
INFO: [ view_filter ] --START--
INFO: Run Behavior\WriteHtmlCacheBehavior [ RunTime:0.000000s ]
INFO: [ view_filter ] --END-- [ RunTime:0.000000s ]
INFO: [ app_end ] --START--
INFO: Run Behavior\ShowPageTraceBehavior [ RunTime:0.001000s ]
INFO: [ app_end ] --END-- [ RunTime:0.001000s ]

[ 2016-04-27T23:55:35+08:00 ] 127.0.0.1 /index.php/Admin/Article/table_data_tables.html
INFO: [ app_init ] --START--
INFO: Run Behavior\BuildLiteBehavior [ RunTime:0.000000s ]
INFO: [ app_init ] --END-- [ RunTime:0.000000s ]
INFO: [ app_begin ] --START--
INFO: Run Behavior\ReadHtmlCacheBehavior [ RunTime:0.001000s ]
INFO: [ app_begin ] --END-- [ RunTime:0.001000s ]
ERR: 非法操作:table_data_tables

[ 2016-04-27T23:55:39+08:00 ] 127.0.0.1 /index.php/Admin/Article/index?v=4.0
INFO: [ app_init ] --START--
INFO: Run Behavior\BuildLiteBehavior [ RunTime:0.000000s ]
INFO: [ app_init ] --END-- [ RunTime:0.001000s ]
INFO: [ app_begin ] --START--
INFO: Run Behavior\ReadHtmlCacheBehavior [ RunTime:0.001000s ]
INFO: [ app_begin ] --END-- [ RunTime:0.002000s ]
NOTIC: [2048] Declaration of Admin\Model\ArticleModel::_before_delete() should be compatible with Think\Model::_before_delete($options) D:\php\git\PortableGit\xy\Application\Admin\Model\ArticleModel.class.php 第 4 行.
SQL: SHOW COLUMNS FROM `xy_article` [ RunTime:0.0070s ]
SQL: SELECT * FROM `xy_article` WHERE ( status != 2 )  [ RunTime:0.0000s ]
INFO: [ view_parse ] --START--
INFO: [ template_filter ] --START--
INFO: Run Behavior\ContentReplaceBehavior [ RunTime:0.000000s ]
INFO: [ template_filter ] --END-- [ RunTime:0.000000s ]
INFO: Run Behavior\ParseTemplateBehavior [ RunTime:0.009000s ]
INFO: [ view_parse ] --END-- [ RunTime:0.009000s ]
INFO: [ view_filter ] --START--
INFO: Run Behavior\WriteHtmlCacheBehavior [ RunTime:0.000000s ]
INFO: [ view_filter ] --END-- [ RunTime:0.001000s ]
INFO: [ app_end ] --START--
INFO: Run Behavior\ShowPageTraceBehavior [ RunTime:0.000000s ]
INFO: [ app_end ] --END-- [ RunTime:0.000000s ]

[ 2016-04-27T23:55:47+08:00 ] 127.0.0.1 /index.php/Admin/Article/add
INFO: [ app_init ] --START--
INFO: Run Behavior\BuildLiteBehavior [ RunTime:0.000000s ]
INFO: [ app_init ] --END-- [ RunTime:0.001000s ]
INFO: [ app_begin ] --START--
INFO: Run Behavior\ReadHtmlCacheBehavior [ RunTime:0.001000s ]
INFO: [ app_begin ] --END-- [ RunTime:0.001000s ]
SQL: SHOW COLUMNS FROM `xy_source` [ RunTime:0.0080s ]
SQL: SELECT `sre_id`,`sre_name` FROM `xy_source` WHERE `status` = 0 ORDER BY sort_order  [ RunTime:0.0000s ]
SQL: SHOW COLUMNS FROM `xy_category` [ RunTime:0.0100s ]
NOTIC: [8] Undefined variable: error D:\php\git\PortableGit\xy\Application\Library\Web.class.php 第 43 行.
SQL: SHOW COLUMNS FROM `xy_category` [ RunTime:0.0080s ]
SQL: SELECT * FROM `xy_category` WHERE ( 1 )  [ RunTime:0.0000s ]
INFO: [ view_parse ] --START--
INFO: [ template_filter ] --START--
INFO: Run Behavior\ContentReplaceBehavior [ RunTime:0.000000s ]
INFO: [ template_filter ] --END-- [ RunTime:0.000000s ]
NOTIC: [8] Undefined variable: label_list D:\php\git\PortableGit\xy\Application\Runtime\Cache\Admin\4ffab12185157fe73d18a5cae1eeaab4.php 第 104 行.
NOTIC: [2] Invalid argument supplied for foreach() D:\php\git\PortableGit\xy\Application\Runtime\Cache\Admin\4ffab12185157fe73d18a5cae1eeaab4.php 第 104 行.
INFO: Run Behavior\ParseTemplateBehavior [ RunTime:0.007000s ]
INFO: [ view_parse ] --END-- [ RunTime:0.007000s ]
INFO: [ view_filter ] --START--
INFO: Run Behavior\WriteHtmlCacheBehavior [ RunTime:0.000000s ]
INFO: [ view_filter ] --END-- [ RunTime:0.001000s ]
INFO: [ app_end ] --START--
INFO: Run Behavior\ShowPageTraceBehavior [ RunTime:0.000000s ]
INFO: [ app_end ] --END-- [ RunTime:0.000000s ]

[ 2016-04-27T23:55:52+08:00 ] 127.0.0.1 /index.php/Admin/Article/index
INFO: [ app_init ] --START--
INFO: Run Behavior\BuildLiteBehavior [ RunTime:0.000000s ]
INFO: [ app_init ] --END-- [ RunTime:0.000000s ]
INFO: [ app_begin ] --START--
INFO: Run Behavior\ReadHtmlCacheBehavior [ RunTime:0.001000s ]
INFO: [ app_begin ] --END-- [ RunTime:0.001000s ]
NOTIC: [2048] Declaration of Admin\Model\ArticleModel::_before_delete() should be compatible with Think\Model::_before_delete($options) D:\php\git\PortableGit\xy\Application\Admin\Model\ArticleModel.class.php 第 4 行.
SQL: SHOW COLUMNS FROM `xy_article` [ RunTime:0.0150s ]
SQL: SELECT * FROM `xy_article` WHERE ( status != 2 )  [ RunTime:0.0040s ]
INFO: [ view_parse ] --START--
INFO: [ template_filter ] --START--
INFO: Run Behavior\ContentReplaceBehavior [ RunTime:0.002000s ]
INFO: [ template_filter ] --END-- [ RunTime:0.002000s ]
INFO: Run Behavior\ParseTemplateBehavior [ RunTime:0.015000s ]
INFO: [ view_parse ] --END-- [ RunTime:0.015000s ]
INFO: [ view_filter ] --START--
INFO: Run Behavior\WriteHtmlCacheBehavior [ RunTime:0.000000s ]
INFO: [ view_filter ] --END-- [ RunTime:0.000000s ]
INFO: [ app_end ] --START--
INFO: Run Behavior\ShowPageTraceBehavior [ RunTime:0.000000s ]
INFO: [ app_end ] --END-- [ RunTime:0.000000s ]

