[ 2016-05-06T10:58:41+08:00 ] 127.0.0.1 /index.php/Admin/Data/export_data
INFO: [ app_init ] --START--
INFO: Run Behavior\BuildLiteBehavior [ RunTime:0.000008s ]
INFO: [ app_init ] --END-- [ RunTime:0.000197s ]
INFO: [ app_begin ] --START--
INFO: Run Behavior\ReadHtmlCacheBehavior [ RunTime:0.000243s ]
INFO: [ app_begin ] --END-- [ RunTime:0.000274s ]
NOTIC: [8192] mysql_connect(): The mysql extension is deprecated and will be removed in the future: use mysqli or PDO instead /Users/just/git/xy/Application/Admin/Controller/DataController.class.php 第 21 行.
INFO: [ app_end ] --START--
INFO: Run Behavior\ShowPageTraceBehavior [ RunTime:0.000840s ]
INFO: [ app_end ] --END-- [ RunTime:0.001207s ]

[ 2016-05-06T11:12:05+08:00 ] 127.0.0.1 /index.php/Admin/admin/admin
INFO: [ app_init ] --START--
INFO: Run Behavior\BuildLiteBehavior [ RunTime:0.000021s ]
INFO: [ app_init ] --END-- [ RunTime:0.003743s ]
INFO: [ app_begin ] --START--
INFO: Run Behavior\ReadHtmlCacheBehavior [ RunTime:0.003487s ]
INFO: [ app_begin ] --END-- [ RunTime:0.003587s ]
SQL: SHOW COLUMNS FROM `yp_authority` [ RunTime:0.0008s ]
SQL: SELECT `authority_id`,`authority_name`,`pid`,`url` FROM `yp_authority` WHERE `authority_id` = 1 LIMIT 1   [ RunTime:0.0004s ]
SQL: SELECT `authority_id`,`authority_name`,`pid`,`url` FROM `yp_authority` WHERE `authority_id` = 2 LIMIT 1   [ RunTime:0.0003s ]
SQL: SELECT `authority_id`,`authority_name`,`pid`,`url` FROM `yp_authority` WHERE `authority_id` = 3 LIMIT 1   [ RunTime:0.0003s ]
SQL: SELECT `authority_id`,`authority_name`,`pid`,`url` FROM `yp_authority` WHERE `authority_id` = 4 LIMIT 1   [ RunTime:0.0003s ]
SQL: SELECT `authority_id`,`authority_name`,`pid`,`url` FROM `yp_authority` WHERE `authority_id` = 5 LIMIT 1   [ RunTime:0.0003s ]
SQL: SELECT `authority_id`,`authority_name`,`pid`,`url` FROM `yp_authority` WHERE `authority_id` = 6 LIMIT 1   [ RunTime:0.0003s ]
SQL: SELECT `authority_id`,`authority_name`,`pid`,`url` FROM `yp_authority` WHERE `authority_id` = 7 LIMIT 1   [ RunTime:0.0003s ]
SQL: SELECT `authority_id`,`authority_name`,`pid`,`url` FROM `yp_authority` WHERE `authority_id` = 8 LIMIT 1   [ RunTime:0.0003s ]
SQL: SELECT `authority_id`,`authority_name`,`pid`,`url` FROM `yp_authority` WHERE `authority_id` = 9 LIMIT 1   [ RunTime:0.0003s ]
SQL: SELECT `authority_id`,`authority_name`,`pid`,`url` FROM `yp_authority` WHERE `authority_id` = 10 LIMIT 1   [ RunTime:0.0003s ]
SQL: SELECT `authority_id`,`authority_name`,`pid`,`url` FROM `yp_authority` WHERE `authority_id` = 11 LIMIT 1   [ RunTime:0.0003s ]
SQL: SELECT `authority_id`,`authority_name`,`pid`,`url` FROM `yp_authority` WHERE `authority_id` = 12 LIMIT 1   [ RunTime:0.0003s ]
SQL: SHOW COLUMNS FROM `yp_user` [ RunTime:0.0008s ]
SQL: SELECT `user_name`,`user_role` FROM `yp_user` WHERE `user_id` = -1 LIMIT 1   [ RunTime:0.0003s ]
SQL: SHOW COLUMNS FROM `yp_user_info` [ RunTime:0.0007s ]
SQL: SELECT `nickname` FROM `yp_user_info` LIMIT 1   [ RunTime:0.0003s ]
SQL: SHOW COLUMNS FROM `yp_role` [ RunTime:0.0006s ]
SQL: SELECT `role_name` FROM `yp_role` LIMIT 1   [ RunTime:0.0003s ]
INFO: [ view_parse ] --START--
INFO: [ template_filter ] --START--
INFO: Run Behavior\ContentReplaceBehavior [ RunTime:0.000153s ]
INFO: [ template_filter ] --END-- [ RunTime:0.000229s ]
INFO: Run Behavior\ParseTemplateBehavior [ RunTime:0.029558s ]
INFO: [ view_parse ] --END-- [ RunTime:0.029626s ]
INFO: [ view_filter ] --START--
INFO: Run Behavior\WriteHtmlCacheBehavior [ RunTime:0.001513s ]
INFO: [ view_filter ] --END-- [ RunTime:0.001587s ]
INFO: [ app_end ] --START--
INFO: Run Behavior\ShowPageTraceBehavior [ RunTime:0.003824s ]
INFO: [ app_end ] --END-- [ RunTime:0.003914s ]

[ 2016-05-06T11:12:05+08:00 ] 127.0.0.1 /index.php/Admin/Admin/index1
INFO: [ app_init ] --START--
INFO: Run Behavior\BuildLiteBehavior [ RunTime:0.000010s ]
INFO: [ app_init ] --END-- [ RunTime:0.000219s ]
INFO: [ app_begin ] --START--
INFO: Run Behavior\ReadHtmlCacheBehavior [ RunTime:0.000357s ]
INFO: [ app_begin ] --END-- [ RunTime:0.000425s ]
SQL: SHOW COLUMNS FROM `yp_article` [ RunTime:0.0005s ]
SQL: SELECT * FROM `yp_article` ORDER BY article_id desc LIMIT 10   [ RunTime:0.0030s ]
SQL: SHOW COLUMNS FROM `yp_message` [ RunTime:0.0006s ]
SQL: SELECT * FROM `yp_message` ORDER BY message_id desc LIMIT 8   [ RunTime:0.0004s ]
INFO: [ view_parse ] --START--
INFO: [ template_filter ] --START--
INFO: Run Behavior\ContentReplaceBehavior [ RunTime:0.000087s ]
INFO: [ template_filter ] --END-- [ RunTime:0.000168s ]
INFO: Run Behavior\ParseTemplateBehavior [ RunTime:0.011997s ]
INFO: [ view_parse ] --END-- [ RunTime:0.012067s ]
INFO: [ view_filter ] --START--
INFO: Run Behavior\WriteHtmlCacheBehavior [ RunTime:0.000201s ]
INFO: [ view_filter ] --END-- [ RunTime:0.000258s ]
INFO: [ app_end ] --START--
INFO: Run Behavior\ShowPageTraceBehavior [ RunTime:0.000561s ]
INFO: [ app_end ] --END-- [ RunTime:0.000625s ]

[ 2016-05-06T11:12:06+08:00 ] 127.0.0.1 /index.php/Admin/Article/index?v=4.0
INFO: [ app_init ] --START--
INFO: Run Behavior\BuildLiteBehavior [ RunTime:0.000012s ]
INFO: [ app_init ] --END-- [ RunTime:0.000266s ]
INFO: [ app_begin ] --START--
INFO: Run Behavior\ReadHtmlCacheBehavior [ RunTime:0.000486s ]
INFO: [ app_begin ] --END-- [ RunTime:0.000543s ]
NOTIC: [2048] Declaration of Admin\Model\ArticleModel::_before_delete() should be compatible with Think\Model::_before_delete($options) /Users/just/git/xy/Application/Admin/Model/ArticleModel.class.php 第 4 行.
SQL: SHOW COLUMNS FROM `yp_article` [ RunTime:0.0009s ]
SQL: SELECT * FROM `yp_article` WHERE ( status != 2 )  [ RunTime:0.0051s ]
INFO: [ view_parse ] --START--
INFO: [ template_filter ] --START--
INFO: Run Behavior\ContentReplaceBehavior [ RunTime:0.000167s ]
INFO: [ template_filter ] --END-- [ RunTime:0.000217s ]
INFO: Run Behavior\ParseTemplateBehavior [ RunTime:0.010381s ]
INFO: [ view_parse ] --END-- [ RunTime:0.010524s ]
INFO: [ view_filter ] --START--
INFO: Run Behavior\WriteHtmlCacheBehavior [ RunTime:0.000100s ]
INFO: [ view_filter ] --END-- [ RunTime:0.000124s ]
INFO: [ app_end ] --START--
INFO: Run Behavior\ShowPageTraceBehavior [ RunTime:0.000498s ]
INFO: [ app_end ] --END-- [ RunTime:0.000572s ]

[ 2016-05-06T11:12:07+08:00 ] 127.0.0.1 /index.php/Admin/Category/index?v=4.0
INFO: [ app_init ] --START--
INFO: Run Behavior\BuildLiteBehavior [ RunTime:0.000011s ]
INFO: [ app_init ] --END-- [ RunTime:0.000218s ]
INFO: [ app_begin ] --START--
INFO: Run Behavior\ReadHtmlCacheBehavior [ RunTime:0.000333s ]
INFO: [ app_begin ] --END-- [ RunTime:0.000380s ]
SQL: SHOW COLUMNS FROM `yp_category` [ RunTime:0.0005s ]
NOTIC: [8] Undefined variable: error /Users/just/git/xy/Application/Library/Web.class.php 第 43 行.
SQL: SHOW COLUMNS FROM `yp_category` [ RunTime:0.0006s ]
SQL: SELECT * FROM `yp_category` WHERE ( 1 )  [ RunTime:0.0003s ]
INFO: [ view_parse ] --START--
INFO: [ template_filter ] --START--
INFO: Run Behavior\ContentReplaceBehavior [ RunTime:0.000077s ]
INFO: [ template_filter ] --END-- [ RunTime:0.000118s ]
INFO: Run Behavior\ParseTemplateBehavior [ RunTime:0.012900s ]
INFO: [ view_parse ] --END-- [ RunTime:0.012954s ]
INFO: [ view_filter ] --START--
INFO: Run Behavior\WriteHtmlCacheBehavior [ RunTime:0.000166s ]
INFO: [ view_filter ] --END-- [ RunTime:0.000199s ]
INFO: [ app_end ] --START--
INFO: Run Behavior\ShowPageTraceBehavior [ RunTime:0.000546s ]
INFO: [ app_end ] --END-- [ RunTime:0.000593s ]

[ 2016-05-06T11:12:08+08:00 ] 127.0.0.1 /index.php/Admin/Source/index?v=4.0
INFO: [ app_init ] --START--
INFO: Run Behavior\BuildLiteBehavior [ RunTime:0.000014s ]
INFO: [ app_init ] --END-- [ RunTime:0.000400s ]
INFO: [ app_begin ] --START--
INFO: Run Behavior\ReadHtmlCacheBehavior [ RunTime:0.000624s ]
INFO: [ app_begin ] --END-- [ RunTime:0.000738s ]
SQL: SHOW COLUMNS FROM `yp_source` [ RunTime:0.0007s ]
SQL: SELECT * FROM `yp_source`  [ RunTime:0.0002s ]
INFO: [ view_parse ] --START--
INFO: [ template_filter ] --START--
INFO: Run Behavior\ContentReplaceBehavior [ RunTime:0.000141s ]
INFO: [ template_filter ] --END-- [ RunTime:0.000211s ]
INFO: Run Behavior\ParseTemplateBehavior [ RunTime:0.009297s ]
INFO: [ view_parse ] --END-- [ RunTime:0.009355s ]
INFO: [ view_filter ] --START--
INFO: Run Behavior\WriteHtmlCacheBehavior [ RunTime:0.000188s ]
INFO: [ view_filter ] --END-- [ RunTime:0.000235s ]
INFO: [ app_end ] --START--
INFO: Run Behavior\ShowPageTraceBehavior [ RunTime:0.000804s ]
INFO: [ app_end ] --END-- [ RunTime:0.000888s ]

[ 2016-05-06T11:12:09+08:00 ] 127.0.0.1 /index.php/Admin/Article/recycle?v=4.0
INFO: [ app_init ] --START--
INFO: Run Behavior\BuildLiteBehavior [ RunTime:0.000015s ]
INFO: [ app_init ] --END-- [ RunTime:0.000249s ]
INFO: [ app_begin ] --START--
INFO: Run Behavior\ReadHtmlCacheBehavior [ RunTime:0.000609s ]
INFO: [ app_begin ] --END-- [ RunTime:0.000701s ]
NOTIC: [2048] Declaration of Admin\Model\ArticleModel::_before_delete() should be compatible with Think\Model::_before_delete($options) /Users/just/git/xy/Application/Admin/Model/ArticleModel.class.php 第 4 行.
SQL: SHOW COLUMNS FROM `yp_article` [ RunTime:0.0005s ]
SQL: SELECT * FROM `yp_article` WHERE `status` = 2  [ RunTime:0.0008s ]
INFO: [ view_parse ] --START--
INFO: [ template_filter ] --START--
INFO: Run Behavior\ContentReplaceBehavior [ RunTime:0.000075s ]
INFO: [ template_filter ] --END-- [ RunTime:0.000112s ]
INFO: Run Behavior\ParseTemplateBehavior [ RunTime:0.009540s ]
INFO: [ view_parse ] --END-- [ RunTime:0.009584s ]
INFO: [ view_filter ] --START--
INFO: Run Behavior\WriteHtmlCacheBehavior [ RunTime:0.000097s ]
INFO: [ view_filter ] --END-- [ RunTime:0.000121s ]
INFO: [ app_end ] --START--
INFO: Run Behavior\ShowPageTraceBehavior [ RunTime:0.000487s ]
INFO: [ app_end ] --END-- [ RunTime:0.000529s ]

[ 2016-05-06T11:12:12+08:00 ] 127.0.0.1 /index.php/Admin/Message/index?v=4.0
INFO: [ app_init ] --START--
INFO: Run Behavior\BuildLiteBehavior [ RunTime:0.000016s ]
INFO: [ app_init ] --END-- [ RunTime:0.000366s ]
INFO: [ app_begin ] --START--
INFO: Run Behavior\ReadHtmlCacheBehavior [ RunTime:0.000504s ]
INFO: [ app_begin ] --END-- [ RunTime:0.000577s ]
SQL: SHOW COLUMNS FROM `yp_message` [ RunTime:0.0005s ]
SQL: SELECT * FROM `yp_message` ORDER BY message_time desc  [ RunTime:0.0003s ]
INFO: [ view_parse ] --START--
INFO: [ template_filter ] --START--
INFO: Run Behavior\ContentReplaceBehavior [ RunTime:0.000077s ]
INFO: [ template_filter ] --END-- [ RunTime:0.000123s ]
INFO: Run Behavior\ParseTemplateBehavior [ RunTime:0.009583s ]
INFO: [ view_parse ] --END-- [ RunTime:0.009641s ]
INFO: [ view_filter ] --START--
INFO: Run Behavior\WriteHtmlCacheBehavior [ RunTime:0.000190s ]
INFO: [ view_filter ] --END-- [ RunTime:0.000235s ]
INFO: [ app_end ] --START--
INFO: Run Behavior\ShowPageTraceBehavior [ RunTime:0.000561s ]
INFO: [ app_end ] --END-- [ RunTime:0.000639s ]

[ 2016-05-06T11:12:14+08:00 ] 127.0.0.1 /index.php/Admin/User/index?v=4.0
INFO: [ app_init ] --START--
INFO: Run Behavior\BuildLiteBehavior [ RunTime:0.000011s ]
INFO: [ app_init ] --END-- [ RunTime:0.000257s ]
INFO: [ app_begin ] --START--
INFO: Run Behavior\ReadHtmlCacheBehavior [ RunTime:0.000352s ]
INFO: [ app_begin ] --END-- [ RunTime:0.000402s ]
SQL: SHOW COLUMNS FROM `yp_user` [ RunTime:0.0007s ]
SQL: SELECT * FROM `yp_user`  [ RunTime:0.0005s ]
SQL: SHOW COLUMNS FROM `yp_role` [ RunTime:0.0007s ]
SQL: SELECT * FROM `yp_role` WHERE `role_id` = 1 LIMIT 1   [ RunTime:0.0004s ]
INFO: [ view_parse ] --START--
INFO: [ template_filter ] --START--
INFO: Run Behavior\ContentReplaceBehavior [ RunTime:0.000068s ]
INFO: [ template_filter ] --END-- [ RunTime:0.000103s ]
INFO: Run Behavior\ParseTemplateBehavior [ RunTime:0.008589s ]
INFO: [ view_parse ] --END-- [ RunTime:0.008625s ]
INFO: [ view_filter ] --START--
INFO: Run Behavior\WriteHtmlCacheBehavior [ RunTime:0.000093s ]
INFO: [ view_filter ] --END-- [ RunTime:0.000117s ]
INFO: [ app_end ] --START--
INFO: Run Behavior\ShowPageTraceBehavior [ RunTime:0.000399s ]
INFO: [ app_end ] --END-- [ RunTime:0.000442s ]

[ 2016-05-06T11:12:16+08:00 ] 127.0.0.1 /index.php/Admin/Role/index?v=4.0
INFO: [ app_init ] --START--
INFO: Run Behavior\BuildLiteBehavior [ RunTime:0.000009s ]
INFO: [ app_init ] --END-- [ RunTime:0.000203s ]
INFO: [ app_begin ] --START--
INFO: Run Behavior\ReadHtmlCacheBehavior [ RunTime:0.000243s ]
INFO: [ app_begin ] --END-- [ RunTime:0.000274s ]
SQL: SHOW COLUMNS FROM `yp_role` [ RunTime:0.0004s ]
SQL: SELECT * FROM `yp_role`  [ RunTime:0.0002s ]
INFO: [ view_parse ] --START--
INFO: [ template_filter ] --START--
INFO: Run Behavior\ContentReplaceBehavior [ RunTime:0.000108s ]
INFO: [ template_filter ] --END-- [ RunTime:0.000177s ]
INFO: Run Behavior\ParseTemplateBehavior [ RunTime:0.010441s ]
INFO: [ view_parse ] --END-- [ RunTime:0.010493s ]
INFO: [ view_filter ] --START--
INFO: Run Behavior\WriteHtmlCacheBehavior [ RunTime:0.000138s ]
INFO: [ view_filter ] --END-- [ RunTime:0.000170s ]
INFO: [ app_end ] --START--
INFO: Run Behavior\ShowPageTraceBehavior [ RunTime:0.000449s ]
INFO: [ app_end ] --END-- [ RunTime:0.000487s ]

[ 2016-05-06T11:12:19+08:00 ] 127.0.0.1 /index.php/Admin/Authority/index?v=4.0
INFO: [ app_init ] --START--
INFO: Run Behavior\BuildLiteBehavior [ RunTime:0.000017s ]
INFO: [ app_init ] --END-- [ RunTime:0.000326s ]
INFO: [ app_begin ] --START--
INFO: Run Behavior\ReadHtmlCacheBehavior [ RunTime:0.000527s ]
INFO: [ app_begin ] --END-- [ RunTime:0.000606s ]
SQL: SHOW COLUMNS FROM `yp_authority` [ RunTime:0.0007s ]
NOTIC: [8] Undefined variable: error /Users/just/git/xy/Application/Library/Web.class.php 第 43 行.
SQL: SHOW COLUMNS FROM `yp_authority` [ RunTime:0.0007s ]
SQL: SELECT * FROM `yp_authority` WHERE ( 1 )  [ RunTime:0.0003s ]
INFO: [ view_parse ] --START--
INFO: [ template_filter ] --START--
INFO: Run Behavior\ContentReplaceBehavior [ RunTime:0.000078s ]
INFO: [ template_filter ] --END-- [ RunTime:0.000123s ]
INFO: Run Behavior\ParseTemplateBehavior [ RunTime:0.009688s ]
INFO: [ view_parse ] --END-- [ RunTime:0.009727s ]
INFO: [ view_filter ] --START--
INFO: Run Behavior\WriteHtmlCacheBehavior [ RunTime:0.000109s ]
INFO: [ view_filter ] --END-- [ RunTime:0.000136s ]
INFO: [ app_end ] --START--
INFO: Run Behavior\ShowPageTraceBehavior [ RunTime:0.000423s ]
INFO: [ app_end ] --END-- [ RunTime:0.000465s ]

[ 2016-05-06T11:13:31+08:00 ] 127.0.0.1 /index.php/Admin/admin/admin
INFO: [ app_init ] --START--
INFO: Run Behavior\BuildLiteBehavior [ RunTime:0.000008s ]
INFO: [ app_init ] --END-- [ RunTime:0.000203s ]
INFO: [ app_begin ] --START--
INFO: Run Behavior\ReadHtmlCacheBehavior [ RunTime:0.000242s ]
INFO: [ app_begin ] --END-- [ RunTime:0.000272s ]
SQL: SHOW COLUMNS FROM `yp_authority` [ RunTime:0.0006s ]
SQL: SELECT `authority_id`,`authority_name`,`pid`,`url` FROM `yp_authority` WHERE `authority_id` = 1 LIMIT 1   [ RunTime:0.0003s ]
SQL: SELECT `authority_id`,`authority_name`,`pid`,`url` FROM `yp_authority` WHERE `authority_id` = 2 LIMIT 1   [ RunTime:0.0002s ]
SQL: SELECT `authority_id`,`authority_name`,`pid`,`url` FROM `yp_authority` WHERE `authority_id` = 3 LIMIT 1   [ RunTime:0.0003s ]
SQL: SELECT `authority_id`,`authority_name`,`pid`,`url` FROM `yp_authority` WHERE `authority_id` = 4 LIMIT 1   [ RunTime:0.0003s ]
SQL: SELECT `authority_id`,`authority_name`,`pid`,`url` FROM `yp_authority` WHERE `authority_id` = 5 LIMIT 1   [ RunTime:0.0003s ]
SQL: SELECT `authority_id`,`authority_name`,`pid`,`url` FROM `yp_authority` WHERE `authority_id` = 6 LIMIT 1   [ RunTime:0.0002s ]
SQL: SELECT `authority_id`,`authority_name`,`pid`,`url` FROM `yp_authority` WHERE `authority_id` = 7 LIMIT 1   [ RunTime:0.0002s ]
SQL: SELECT `authority_id`,`authority_name`,`pid`,`url` FROM `yp_authority` WHERE `authority_id` = 8 LIMIT 1   [ RunTime:0.0002s ]
SQL: SELECT `authority_id`,`authority_name`,`pid`,`url` FROM `yp_authority` WHERE `authority_id` = 9 LIMIT 1   [ RunTime:0.0002s ]
SQL: SELECT `authority_id`,`authority_name`,`pid`,`url` FROM `yp_authority` WHERE `authority_id` = 10 LIMIT 1   [ RunTime:0.0002s ]
SQL: SELECT `authority_id`,`authority_name`,`pid`,`url` FROM `yp_authority` WHERE `authority_id` = 11 LIMIT 1   [ RunTime:0.0002s ]
SQL: SELECT `authority_id`,`authority_name`,`pid`,`url` FROM `yp_authority` WHERE `authority_id` = 12 LIMIT 1   [ RunTime:0.0002s ]
SQL: SHOW COLUMNS FROM `yp_user` [ RunTime:0.0004s ]
SQL: SELECT `user_name`,`user_role` FROM `yp_user` WHERE `user_id` = -1 LIMIT 1   [ RunTime:0.0002s ]
SQL: SHOW COLUMNS FROM `yp_user_info` [ RunTime:0.0004s ]
SQL: SELECT `nickname` FROM `yp_user_info` LIMIT 1   [ RunTime:0.0002s ]
SQL: SHOW COLUMNS FROM `yp_role` [ RunTime:0.0003s ]
SQL: SELECT `role_name` FROM `yp_role` LIMIT 1   [ RunTime:0.0002s ]
INFO: [ view_parse ] --START--
INFO: [ template_filter ] --START--
INFO: Run Behavior\ContentReplaceBehavior [ RunTime:0.000069s ]
INFO: [ template_filter ] --END-- [ RunTime:0.000102s ]
INFO: Run Behavior\ParseTemplateBehavior [ RunTime:0.005748s ]
INFO: [ view_parse ] --END-- [ RunTime:0.005779s ]
INFO: [ view_filter ] --START--
INFO: Run Behavior\WriteHtmlCacheBehavior [ RunTime:0.000111s ]
INFO: [ view_filter ] --END-- [ RunTime:0.000134s ]
INFO: [ app_end ] --START--
INFO: Run Behavior\ShowPageTraceBehavior [ RunTime:0.000475s ]
INFO: [ app_end ] --END-- [ RunTime:0.000517s ]

[ 2016-05-06T11:13:31+08:00 ] 127.0.0.1 /index.php/Admin/Admin/index1
INFO: [ app_init ] --START--
INFO: Run Behavior\BuildLiteBehavior [ RunTime:0.000010s ]
INFO: [ app_init ] --END-- [ RunTime:0.000263s ]
INFO: [ app_begin ] --START--
INFO: Run Behavior\ReadHtmlCacheBehavior [ RunTime:0.000276s ]
INFO: [ app_begin ] --END-- [ RunTime:0.000312s ]
SQL: SHOW COLUMNS FROM `yp_article` [ RunTime:0.0006s ]
SQL: SELECT * FROM `yp_article` ORDER BY article_id desc LIMIT 10   [ RunTime:0.0032s ]
SQL: SHOW COLUMNS FROM `yp_message` [ RunTime:0.0025s ]
SQL: SELECT * FROM `yp_message` ORDER BY message_id desc LIMIT 8   [ RunTime:0.0002s ]
INFO: [ view_parse ] --START--
INFO: [ template_filter ] --START--
INFO: Run Behavior\ContentReplaceBehavior [ RunTime:0.000051s ]
INFO: [ template_filter ] --END-- [ RunTime:0.000093s ]
INFO: Run Behavior\ParseTemplateBehavior [ RunTime:0.006096s ]
INFO: [ view_parse ] --END-- [ RunTime:0.006141s ]
INFO: [ view_filter ] --START--
INFO: Run Behavior\WriteHtmlCacheBehavior [ RunTime:0.000128s ]
INFO: [ view_filter ] --END-- [ RunTime:0.000154s ]
INFO: [ app_end ] --START--
INFO: Run Behavior\ShowPageTraceBehavior [ RunTime:0.000417s ]
INFO: [ app_end ] --END-- [ RunTime:0.000468s ]

[ 2016-05-06T11:13:34+08:00 ] 127.0.0.1 /index.php/Admin/Login/outLogin
INFO: [ app_init ] --START--
INFO: Run Behavior\BuildLiteBehavior [ RunTime:0.000008s ]
INFO: [ app_init ] --END-- [ RunTime:0.000222s ]
INFO: [ app_begin ] --START--
INFO: Run Behavior\ReadHtmlCacheBehavior [ RunTime:0.000249s ]
INFO: [ app_begin ] --END-- [ RunTime:0.000281s ]
SQL: SHOW COLUMNS FROM `yp_user` [ RunTime:0.0005s ]
SQL: SELECT `user_id`,`exp_time` FROM `yp_user` WHERE `user_id` = -1 LIMIT 1   [ RunTime:0.0002s ]

[ 2016-05-06T11:13:34+08:00 ] 127.0.0.1 /index.php/Admin/Login/login.html
INFO: [ app_init ] --START--
INFO: Run Behavior\BuildLiteBehavior [ RunTime:0.000014s ]
INFO: [ app_init ] --END-- [ RunTime:0.000332s ]
INFO: [ app_begin ] --START--
INFO: Run Behavior\ReadHtmlCacheBehavior [ RunTime:0.000407s ]
INFO: [ app_begin ] --END-- [ RunTime:0.000459s ]
NOTIC: [8] Undefined index: identity /Users/just/git/xy/Application/Admin/Controller/LoginController.class.php 第 13 行.
INFO: [ view_parse ] --START--
INFO: [ template_filter ] --START--
INFO: Run Behavior\ContentReplaceBehavior [ RunTime:0.000048s ]
INFO: [ template_filter ] --END-- [ RunTime:0.000096s ]
INFO: Run Behavior\ParseTemplateBehavior [ RunTime:0.006801s ]
INFO: [ view_parse ] --END-- [ RunTime:0.006843s ]
INFO: [ view_filter ] --START--
INFO: Run Behavior\WriteHtmlCacheBehavior [ RunTime:0.000115s ]
INFO: [ view_filter ] --END-- [ RunTime:0.000144s ]
INFO: [ app_end ] --START--
INFO: Run Behavior\ShowPageTraceBehavior [ RunTime:0.000340s ]
INFO: [ app_end ] --END-- [ RunTime:0.000372s ]

[ 2016-05-06T11:13:54+08:00 ] 127.0.0.1 /index.php/Admin/Login/register.html
INFO: [ app_init ] --START--
INFO: Run Behavior\BuildLiteBehavior [ RunTime:0.000010s ]
INFO: [ app_init ] --END-- [ RunTime:0.000240s ]
INFO: [ app_begin ] --START--
INFO: Run Behavior\ReadHtmlCacheBehavior [ RunTime:0.000250s ]
INFO: [ app_begin ] --END-- [ RunTime:0.000281s ]
ERR: 非法操作:register

[ 2016-05-06T11:14:02+08:00 ] 127.0.0.1 /index.php/Admin/Login/checkLogin
INFO: [ app_init ] --START--
INFO: Run Behavior\BuildLiteBehavior [ RunTime:0.000014s ]
INFO: [ app_init ] --END-- [ RunTime:0.000445s ]
INFO: [ app_begin ] --START--
INFO: Run Behavior\ReadHtmlCacheBehavior [ RunTime:0.000350s ]
INFO: [ app_begin ] --END-- [ RunTime:0.000403s ]
NOTIC: [8] Use of undefined constant Is_POST - assumed 'Is_POST' /Users/just/git/xy/Application/Admin/Controller/LoginController.class.php 第 34 行.
SQL: SHOW COLUMNS FROM `yp_user` [ RunTime:0.0005s ]
SQL: SELECT * FROM `yp_user` WHERE `user_name` = 'admin' AND `status` = 0 LIMIT 1   [ RunTime:0.0003s ]
SQL: UPDATE `yp_user` SET `user_name`='admin',`login_time`='1462504442',`login_ip`='2130706433' WHERE `user_name` = 'admin' [ RunTime:0.0023s ]
SQL: SHOW COLUMNS FROM `yp_role` [ RunTime:0.0005s ]
SQL: SELECT `rules` FROM `yp_role` WHERE `role_id` = 1 LIMIT 1   [ RunTime:0.0002s ]
INFO: [ view_parse ] --START--
INFO: [ template_filter ] --START--
INFO: Run Behavior\ContentReplaceBehavior [ RunTime:0.000030s ]
INFO: [ template_filter ] --END-- [ RunTime:0.000066s ]
INFO: Run Behavior\ParseTemplateBehavior [ RunTime:0.006776s ]
INFO: [ view_parse ] --END-- [ RunTime:0.006811s ]
INFO: [ view_filter ] --START--
INFO: Run Behavior\WriteHtmlCacheBehavior [ RunTime:0.000096s ]
INFO: [ view_filter ] --END-- [ RunTime:0.000121s ]
INFO: [ app_end ] --START--
INFO: Run Behavior\ShowPageTraceBehavior [ RunTime:0.000270s ]
INFO: [ app_end ] --END-- [ RunTime:0.000295s ]

[ 2016-05-06T11:14:03+08:00 ] 127.0.0.1 /index.php/Admin/Admin/admin.html
INFO: [ app_init ] --START--
INFO: Run Behavior\BuildLiteBehavior [ RunTime:0.000009s ]
INFO: [ app_init ] --END-- [ RunTime:0.000216s ]
INFO: [ app_begin ] --START--
INFO: Run Behavior\ReadHtmlCacheBehavior [ RunTime:0.000250s ]
INFO: [ app_begin ] --END-- [ RunTime:0.000282s ]
SQL: SHOW COLUMNS FROM `yp_authority` [ RunTime:0.0005s ]
SQL: SELECT `authority_id`,`authority_name`,`pid`,`url` FROM `yp_authority` WHERE `authority_id` = 1 LIMIT 1   [ RunTime:0.0002s ]
SQL: SELECT `authority_id`,`authority_name`,`pid`,`url` FROM `yp_authority` WHERE `authority_id` = 2 LIMIT 1   [ RunTime:0.0002s ]
SQL: SELECT `authority_id`,`authority_name`,`pid`,`url` FROM `yp_authority` WHERE `authority_id` = 3 LIMIT 1   [ RunTime:0.0002s ]
SQL: SELECT `authority_id`,`authority_name`,`pid`,`url` FROM `yp_authority` WHERE `authority_id` = 4 LIMIT 1   [ RunTime:0.0002s ]
SQL: SELECT `authority_id`,`authority_name`,`pid`,`url` FROM `yp_authority` WHERE `authority_id` = 5 LIMIT 1   [ RunTime:0.0002s ]
SQL: SELECT `authority_id`,`authority_name`,`pid`,`url` FROM `yp_authority` WHERE `authority_id` = 6 LIMIT 1   [ RunTime:0.0002s ]
SQL: SELECT `authority_id`,`authority_name`,`pid`,`url` FROM `yp_authority` WHERE `authority_id` = 7 LIMIT 1   [ RunTime:0.0002s ]
SQL: SELECT `authority_id`,`authority_name`,`pid`,`url` FROM `yp_authority` WHERE `authority_id` = 8 LIMIT 1   [ RunTime:0.0002s ]
SQL: SELECT `authority_id`,`authority_name`,`pid`,`url` FROM `yp_authority` WHERE `authority_id` = 9 LIMIT 1   [ RunTime:0.0002s ]
SQL: SELECT `authority_id`,`authority_name`,`pid`,`url` FROM `yp_authority` WHERE `authority_id` = 10 LIMIT 1   [ RunTime:0.0002s ]
SQL: SELECT `authority_id`,`authority_name`,`pid`,`url` FROM `yp_authority` WHERE `authority_id` = 11 LIMIT 1   [ RunTime:0.0002s ]
SQL: SELECT `authority_id`,`authority_name`,`pid`,`url` FROM `yp_authority` WHERE `authority_id` = 12 LIMIT 1   [ RunTime:0.0002s ]
SQL: SHOW COLUMNS FROM `yp_user` [ RunTime:0.0004s ]
SQL: SELECT `user_name`,`user_role` FROM `yp_user` WHERE `user_id` = 1 LIMIT 1   [ RunTime:0.0002s ]
SQL: SHOW COLUMNS FROM `yp_user_info` [ RunTime:0.0004s ]
SQL: SELECT `nickname` FROM `yp_user_info` LIMIT 1   [ RunTime:0.0002s ]
SQL: SHOW COLUMNS FROM `yp_role` [ RunTime:0.0004s ]
SQL: SELECT `role_name` FROM `yp_role` WHERE `role_id` = 1 LIMIT 1   [ RunTime:0.0002s ]
INFO: [ view_parse ] --START--
INFO: [ template_filter ] --START--
INFO: Run Behavior\ContentReplaceBehavior [ RunTime:0.000070s ]
INFO: [ template_filter ] --END-- [ RunTime:0.000106s ]
INFO: Run Behavior\ParseTemplateBehavior [ RunTime:0.007295s ]
INFO: [ view_parse ] --END-- [ RunTime:0.007329s ]
INFO: [ view_filter ] --START--
INFO: Run Behavior\WriteHtmlCacheBehavior [ RunTime:0.000093s ]
INFO: [ view_filter ] --END-- [ RunTime:0.000116s ]
INFO: [ app_end ] --START--
INFO: Run Behavior\ShowPageTraceBehavior [ RunTime:0.000413s ]
INFO: [ app_end ] --END-- [ RunTime:0.000454s ]

[ 2016-05-06T11:14:03+08:00 ] 127.0.0.1 /index.php/Admin/Admin/index1
INFO: [ app_init ] --START--
INFO: Run Behavior\BuildLiteBehavior [ RunTime:0.000017s ]
INFO: [ app_init ] --END-- [ RunTime:0.000410s ]
INFO: [ app_begin ] --START--
INFO: Run Behavior\ReadHtmlCacheBehavior [ RunTime:0.000539s ]
INFO: [ app_begin ] --END-- [ RunTime:0.000669s ]
SQL: SHOW COLUMNS FROM `yp_article` [ RunTime:0.0007s ]
SQL: SELECT * FROM `yp_article` ORDER BY article_id desc LIMIT 10   [ RunTime:0.0042s ]
SQL: SHOW COLUMNS FROM `yp_message` [ RunTime:0.0006s ]
SQL: SELECT * FROM `yp_message` ORDER BY message_id desc LIMIT 8   [ RunTime:0.0003s ]
INFO: [ view_parse ] --START--
INFO: [ template_filter ] --START--
INFO: Run Behavior\ContentReplaceBehavior [ RunTime:0.000054s ]
INFO: [ template_filter ] --END-- [ RunTime:0.000100s ]
INFO: Run Behavior\ParseTemplateBehavior [ RunTime:0.007830s ]
INFO: [ view_parse ] --END-- [ RunTime:0.007880s ]
INFO: [ view_filter ] --START--
INFO: Run Behavior\WriteHtmlCacheBehavior [ RunTime:0.000111s ]
INFO: [ view_filter ] --END-- [ RunTime:0.000137s ]
INFO: [ app_end ] --START--
INFO: Run Behavior\ShowPageTraceBehavior [ RunTime:0.000530s ]
INFO: [ app_end ] --END-- [ RunTime:0.000584s ]

[ 2016-05-06T11:14:06+08:00 ] 127.0.0.1 /index.php/Admin/Role/index?v=4.0
INFO: [ app_init ] --START--
INFO: Run Behavior\BuildLiteBehavior [ RunTime:0.000010s ]
INFO: [ app_init ] --END-- [ RunTime:0.000223s ]
INFO: [ app_begin ] --START--
INFO: Run Behavior\ReadHtmlCacheBehavior [ RunTime:0.000327s ]
INFO: [ app_begin ] --END-- [ RunTime:0.000367s ]
SQL: SHOW COLUMNS FROM `yp_role` [ RunTime:0.0005s ]
SQL: SELECT * FROM `yp_role`  [ RunTime:0.0003s ]
INFO: [ view_parse ] --START--
INFO: [ template_filter ] --START--
INFO: Run Behavior\ContentReplaceBehavior [ RunTime:0.000081s ]
INFO: [ template_filter ] --END-- [ RunTime:0.000133s ]
INFO: Run Behavior\ParseTemplateBehavior [ RunTime:0.008350s ]
INFO: [ view_parse ] --END-- [ RunTime:0.008442s ]
INFO: [ view_filter ] --START--
INFO: Run Behavior\WriteHtmlCacheBehavior [ RunTime:0.000128s ]
INFO: [ view_filter ] --END-- [ RunTime:0.000153s ]
INFO: [ app_end ] --START--
INFO: Run Behavior\ShowPageTraceBehavior [ RunTime:0.000474s ]
INFO: [ app_end ] --END-- [ RunTime:0.000520s ]

[ 2016-05-06T12:19:51+08:00 ] 127.0.0.1 /index.php/admin/admin/admin
INFO: [ app_init ] --START--
INFO: Run Behavior\BuildLiteBehavior [ RunTime:0.000011s ]
INFO: [ app_init ] --END-- [ RunTime:0.000448s ]
INFO: [ app_begin ] --START--
INFO: Run Behavior\ReadHtmlCacheBehavior [ RunTime:0.000463s ]
INFO: [ app_begin ] --END-- [ RunTime:0.000517s ]
SQL: SHOW COLUMNS FROM `yp_authority` [ RunTime:0.0008s ]
SQL: SELECT `authority_id`,`authority_name`,`pid`,`url` FROM `yp_authority` WHERE `authority_id` = 1 LIMIT 1   [ RunTime:0.0008s ]
SQL: SELECT `authority_id`,`authority_name`,`pid`,`url` FROM `yp_authority` WHERE `authority_id` = 2 LIMIT 1   [ RunTime:0.0003s ]
SQL: SELECT `authority_id`,`authority_name`,`pid`,`url` FROM `yp_authority` WHERE `authority_id` = 3 LIMIT 1   [ RunTime:0.0002s ]
SQL: SELECT `authority_id`,`authority_name`,`pid`,`url` FROM `yp_authority` WHERE `authority_id` = 4 LIMIT 1   [ RunTime:0.0002s ]
SQL: SELECT `authority_id`,`authority_name`,`pid`,`url` FROM `yp_authority` WHERE `authority_id` = 5 LIMIT 1   [ RunTime:0.0002s ]
SQL: SELECT `authority_id`,`authority_name`,`pid`,`url` FROM `yp_authority` WHERE `authority_id` = 6 LIMIT 1   [ RunTime:0.0002s ]
SQL: SELECT `authority_id`,`authority_name`,`pid`,`url` FROM `yp_authority` WHERE `authority_id` = 7 LIMIT 1   [ RunTime:0.0002s ]
SQL: SELECT `authority_id`,`authority_name`,`pid`,`url` FROM `yp_authority` WHERE `authority_id` = 8 LIMIT 1   [ RunTime:0.0002s ]
SQL: SELECT `authority_id`,`authority_name`,`pid`,`url` FROM `yp_authority` WHERE `authority_id` = 9 LIMIT 1   [ RunTime:0.0002s ]
SQL: SELECT `authority_id`,`authority_name`,`pid`,`url` FROM `yp_authority` WHERE `authority_id` = 10 LIMIT 1   [ RunTime:0.0002s ]
SQL: SELECT `authority_id`,`authority_name`,`pid`,`url` FROM `yp_authority` WHERE `authority_id` = 11 LIMIT 1   [ RunTime:0.0004s ]
SQL: SELECT `authority_id`,`authority_name`,`pid`,`url` FROM `yp_authority` WHERE `authority_id` = 12 LIMIT 1   [ RunTime:0.0003s ]
SQL: SHOW COLUMNS FROM `yp_user` [ RunTime:0.0027s ]
SQL: SELECT `user_name`,`user_role` FROM `yp_user` WHERE `user_id` = 1 LIMIT 1   [ RunTime:0.0003s ]
SQL: SHOW COLUMNS FROM `yp_user_info` [ RunTime:0.0005s ]
SQL: SELECT `nickname` FROM `yp_user_info` LIMIT 1   [ RunTime:0.0002s ]
SQL: SHOW COLUMNS FROM `yp_role` [ RunTime:0.0004s ]
SQL: SELECT `role_name` FROM `yp_role` WHERE `role_id` = 1 LIMIT 1   [ RunTime:0.0002s ]
INFO: [ view_parse ] --START--
INFO: [ template_filter ] --START--
INFO: Run Behavior\ContentReplaceBehavior [ RunTime:0.000139s ]
INFO: [ template_filter ] --END-- [ RunTime:0.000211s ]
INFO: Run Behavior\ParseTemplateBehavior [ RunTime:0.022222s ]
INFO: [ view_parse ] --END-- [ RunTime:0.022296s ]
INFO: [ view_filter ] --START--
INFO: Run Behavior\WriteHtmlCacheBehavior [ RunTime:0.003418s ]
INFO: [ view_filter ] --END-- [ RunTime:0.003493s ]
INFO: [ app_end ] --START--
INFO: Run Behavior\ShowPageTraceBehavior [ RunTime:0.003636s ]
INFO: [ app_end ] --END-- [ RunTime:0.003727s ]

[ 2016-05-06T12:19:51+08:00 ] 127.0.0.1 /index.php/admin/admin/admin
INFO: [ app_init ] --START--
INFO: Run Behavior\BuildLiteBehavior [ RunTime:0.000010s ]
INFO: [ app_init ] --END-- [ RunTime:0.000281s ]
INFO: [ app_begin ] --START--
INFO: Run Behavior\ReadHtmlCacheBehavior [ RunTime:0.000309s ]
INFO: [ app_begin ] --END-- [ RunTime:0.000354s ]
SQL: SHOW COLUMNS FROM `yp_authority` [ RunTime:0.0008s ]
SQL: SELECT `authority_id`,`authority_name`,`pid`,`url` FROM `yp_authority` WHERE `authority_id` = 1 LIMIT 1   [ RunTime:0.0003s ]
SQL: SELECT `authority_id`,`authority_name`,`pid`,`url` FROM `yp_authority` WHERE `authority_id` = 2 LIMIT 1   [ RunTime:0.0003s ]
SQL: SELECT `authority_id`,`authority_name`,`pid`,`url` FROM `yp_authority` WHERE `authority_id` = 3 LIMIT 1   [ RunTime:0.0002s ]
SQL: SELECT `authority_id`,`authority_name`,`pid`,`url` FROM `yp_authority` WHERE `authority_id` = 4 LIMIT 1   [ RunTime:0.0002s ]
SQL: SELECT `authority_id`,`authority_name`,`pid`,`url` FROM `yp_authority` WHERE `authority_id` = 5 LIMIT 1   [ RunTime:0.0002s ]
SQL: SELECT `authority_id`,`authority_name`,`pid`,`url` FROM `yp_authority` WHERE `authority_id` = 6 LIMIT 1   [ RunTime:0.0002s ]
SQL: SELECT `authority_id`,`authority_name`,`pid`,`url` FROM `yp_authority` WHERE `authority_id` = 7 LIMIT 1   [ RunTime:0.0002s ]
SQL: SELECT `authority_id`,`authority_name`,`pid`,`url` FROM `yp_authority` WHERE `authority_id` = 8 LIMIT 1   [ RunTime:0.0002s ]
SQL: SELECT `authority_id`,`authority_name`,`pid`,`url` FROM `yp_authority` WHERE `authority_id` = 9 LIMIT 1   [ RunTime:0.0003s ]
SQL: SELECT `authority_id`,`authority_name`,`pid`,`url` FROM `yp_authority` WHERE `authority_id` = 10 LIMIT 1   [ RunTime:0.0002s ]
SQL: SELECT `authority_id`,`authority_name`,`pid`,`url` FROM `yp_authority` WHERE `authority_id` = 11 LIMIT 1   [ RunTime:0.0002s ]
SQL: SELECT `authority_id`,`authority_name`,`pid`,`url` FROM `yp_authority` WHERE `authority_id` = 12 LIMIT 1   [ RunTime:0.0002s ]
SQL: SHOW COLUMNS FROM `yp_user` [ RunTime:0.0005s ]
SQL: SELECT `user_name`,`user_role` FROM `yp_user` WHERE `user_id` = 1 LIMIT 1   [ RunTime:0.0002s ]
SQL: SHOW COLUMNS FROM `yp_user_info` [ RunTime:0.0004s ]
SQL: SELECT `nickname` FROM `yp_user_info` LIMIT 1   [ RunTime:0.0002s ]
SQL: SHOW COLUMNS FROM `yp_role` [ RunTime:0.0004s ]
SQL: SELECT `role_name` FROM `yp_role` WHERE `role_id` = 1 LIMIT 1   [ RunTime:0.0002s ]
INFO: [ view_parse ] --START--
INFO: [ template_filter ] --START--
INFO: Run Behavior\ContentReplaceBehavior [ RunTime:0.000076s ]
INFO: [ template_filter ] --END-- [ RunTime:0.000115s ]
INFO: Run Behavior\ParseTemplateBehavior [ RunTime:0.006677s ]
INFO: [ view_parse ] --END-- [ RunTime:0.006725s ]
INFO: [ view_filter ] --START--
INFO: Run Behavior\WriteHtmlCacheBehavior [ RunTime:0.000226s ]
INFO: [ view_filter ] --END-- [ RunTime:0.000274s ]
INFO: [ app_end ] --START--
INFO: Run Behavior\ShowPageTraceBehavior [ RunTime:0.000557s ]
INFO: [ app_end ] --END-- [ RunTime:0.000618s ]

[ 2016-05-06T12:19:51+08:00 ] 127.0.0.1 /index.php/Admin/Admin/index1
INFO: [ app_init ] --START--
INFO: Run Behavior\BuildLiteBehavior [ RunTime:0.000010s ]
INFO: [ app_init ] --END-- [ RunTime:0.000236s ]
INFO: [ app_begin ] --START--
INFO: Run Behavior\ReadHtmlCacheBehavior [ RunTime:0.000429s ]
INFO: [ app_begin ] --END-- [ RunTime:0.000485s ]
SQL: SHOW COLUMNS FROM `yp_article` [ RunTime:0.0005s ]
SQL: SELECT * FROM `yp_article` ORDER BY article_id desc LIMIT 10   [ RunTime:0.0045s ]
SQL: SHOW COLUMNS FROM `yp_message` [ RunTime:0.0006s ]
SQL: SELECT * FROM `yp_message` ORDER BY message_id desc LIMIT 8   [ RunTime:0.0003s ]
INFO: [ view_parse ] --START--
INFO: [ template_filter ] --START--
INFO: Run Behavior\ContentReplaceBehavior [ RunTime:0.000058s ]
INFO: [ template_filter ] --END-- [ RunTime:0.000156s ]
INFO: Run Behavior\ParseTemplateBehavior [ RunTime:0.017604s ]
INFO: [ view_parse ] --END-- [ RunTime:0.017673s ]
INFO: [ view_filter ] --START--
INFO: Run Behavior\WriteHtmlCacheBehavior [ RunTime:0.000208s ]
INFO: [ view_filter ] --END-- [ RunTime:0.000248s ]
INFO: [ app_end ] --START--
INFO: Run Behavior\ShowPageTraceBehavior [ RunTime:0.000603s ]
INFO: [ app_end ] --END-- [ RunTime:0.000681s ]

[ 2016-05-06T12:19:53+08:00 ] 127.0.0.1 /index.php/Admin/Article/index?v=4.0
INFO: [ app_init ] --START--
INFO: Run Behavior\BuildLiteBehavior [ RunTime:0.000010s ]
INFO: [ app_init ] --END-- [ RunTime:0.000226s ]
INFO: [ app_begin ] --START--
INFO: Run Behavior\ReadHtmlCacheBehavior [ RunTime:0.000411s ]
INFO: [ app_begin ] --END-- [ RunTime:0.000467s ]
NOTIC: [2048] Declaration of Admin\Model\ArticleModel::_before_delete() should be compatible with Think\Model::_before_delete($options) /Users/just/git/xy/Application/Admin/Model/ArticleModel.class.php 第 4 行.
SQL: SHOW COLUMNS FROM `yp_article` [ RunTime:0.0006s ]
SQL: SELECT * FROM `yp_article` WHERE ( status != 2 )  [ RunTime:0.0047s ]
INFO: [ view_parse ] --START--
INFO: [ template_filter ] --START--
INFO: Run Behavior\ContentReplaceBehavior [ RunTime:0.000073s ]
INFO: [ template_filter ] --END-- [ RunTime:0.000111s ]
INFO: Run Behavior\ParseTemplateBehavior [ RunTime:0.009418s ]
INFO: [ view_parse ] --END-- [ RunTime:0.009459s ]
INFO: [ view_filter ] --START--
INFO: Run Behavior\WriteHtmlCacheBehavior [ RunTime:0.000096s ]
INFO: [ view_filter ] --END-- [ RunTime:0.000119s ]
INFO: [ app_end ] --START--
INFO: Run Behavior\ShowPageTraceBehavior [ RunTime:0.000510s ]
INFO: [ app_end ] --END-- [ RunTime:0.000550s ]

[ 2016-05-06T12:19:55+08:00 ] 127.0.0.1 /index.php/Admin/admin/admin
INFO: [ app_init ] --START--
INFO: Run Behavior\BuildLiteBehavior [ RunTime:0.000009s ]
INFO: [ app_init ] --END-- [ RunTime:0.000233s ]
INFO: [ app_begin ] --START--
INFO: Run Behavior\ReadHtmlCacheBehavior [ RunTime:0.000291s ]
INFO: [ app_begin ] --END-- [ RunTime:0.000333s ]
SQL: SHOW COLUMNS FROM `yp_authority` [ RunTime:0.0006s ]
SQL: SELECT `authority_id`,`authority_name`,`pid`,`url` FROM `yp_authority` WHERE `authority_id` = 1 LIMIT 1   [ RunTime:0.0003s ]
SQL: SELECT `authority_id`,`authority_name`,`pid`,`url` FROM `yp_authority` WHERE `authority_id` = 2 LIMIT 1   [ RunTime:0.0002s ]
SQL: SELECT `authority_id`,`authority_name`,`pid`,`url` FROM `yp_authority` WHERE `authority_id` = 3 LIMIT 1   [ RunTime:0.0002s ]
SQL: SELECT `authority_id`,`authority_name`,`pid`,`url` FROM `yp_authority` WHERE `authority_id` = 4 LIMIT 1   [ RunTime:0.0002s ]
SQL: SELECT `authority_id`,`authority_name`,`pid`,`url` FROM `yp_authority` WHERE `authority_id` = 5 LIMIT 1   [ RunTime:0.0002s ]
SQL: SELECT `authority_id`,`authority_name`,`pid`,`url` FROM `yp_authority` WHERE `authority_id` = 6 LIMIT 1   [ RunTime:0.0002s ]
SQL: SELECT `authority_id`,`authority_name`,`pid`,`url` FROM `yp_authority` WHERE `authority_id` = 7 LIMIT 1   [ RunTime:0.0002s ]
SQL: SELECT `authority_id`,`authority_name`,`pid`,`url` FROM `yp_authority` WHERE `authority_id` = 8 LIMIT 1   [ RunTime:0.0002s ]
SQL: SELECT `authority_id`,`authority_name`,`pid`,`url` FROM `yp_authority` WHERE `authority_id` = 9 LIMIT 1   [ RunTime:0.0002s ]
SQL: SELECT `authority_id`,`authority_name`,`pid`,`url` FROM `yp_authority` WHERE `authority_id` = 10 LIMIT 1   [ RunTime:0.0002s ]
SQL: SELECT `authority_id`,`authority_name`,`pid`,`url` FROM `yp_authority` WHERE `authority_id` = 11 LIMIT 1   [ RunTime:0.0002s ]
SQL: SELECT `authority_id`,`authority_name`,`pid`,`url` FROM `yp_authority` WHERE `authority_id` = 12 LIMIT 1   [ RunTime:0.0002s ]
SQL: SHOW COLUMNS FROM `yp_user` [ RunTime:0.0006s ]
SQL: SELECT `user_name`,`user_role` FROM `yp_user` WHERE `user_id` = 1 LIMIT 1   [ RunTime:0.0002s ]
SQL: SHOW COLUMNS FROM `yp_user_info` [ RunTime:0.0004s ]
SQL: SELECT `nickname` FROM `yp_user_info` LIMIT 1   [ RunTime:0.0002s ]
SQL: SHOW COLUMNS FROM `yp_role` [ RunTime:0.0004s ]
SQL: SELECT `role_name` FROM `yp_role` WHERE `role_id` = 1 LIMIT 1   [ RunTime:0.0002s ]
INFO: [ view_parse ] --START--
INFO: [ template_filter ] --START--
INFO: Run Behavior\ContentReplaceBehavior [ RunTime:0.000072s ]
INFO: [ template_filter ] --END-- [ RunTime:0.000109s ]
INFO: Run Behavior\ParseTemplateBehavior [ RunTime:0.006087s ]
INFO: [ view_parse ] --END-- [ RunTime:0.006121s ]
INFO: [ view_filter ] --START--
INFO: Run Behavior\WriteHtmlCacheBehavior [ RunTime:0.000184s ]
INFO: [ view_filter ] --END-- [ RunTime:0.000247s ]
INFO: [ app_end ] --START--
INFO: Run Behavior\ShowPageTraceBehavior [ RunTime:0.000521s ]
INFO: [ app_end ] --END-- [ RunTime:0.000567s ]

[ 2016-05-06T12:19:55+08:00 ] 127.0.0.1 /index.php/Admin/Admin/index1
INFO: [ app_init ] --START--
INFO: Run Behavior\BuildLiteBehavior [ RunTime:0.000010s ]
INFO: [ app_init ] --END-- [ RunTime:0.000241s ]
INFO: [ app_begin ] --START--
INFO: Run Behavior\ReadHtmlCacheBehavior [ RunTime:0.000363s ]
INFO: [ app_begin ] --END-- [ RunTime:0.000408s ]
SQL: SHOW COLUMNS FROM `yp_article` [ RunTime:0.0006s ]
SQL: SELECT * FROM `yp_article` ORDER BY article_id desc LIMIT 10   [ RunTime:0.0037s ]
SQL: SHOW COLUMNS FROM `yp_message` [ RunTime:0.0004s ]
SQL: SELECT * FROM `yp_message` ORDER BY message_id desc LIMIT 8   [ RunTime:0.0002s ]
INFO: [ view_parse ] --START--
INFO: [ template_filter ] --START--
INFO: Run Behavior\ContentReplaceBehavior [ RunTime:0.000059s ]
INFO: [ template_filter ] --END-- [ RunTime:0.000110s ]
INFO: Run Behavior\ParseTemplateBehavior [ RunTime:0.006695s ]
INFO: [ view_parse ] --END-- [ RunTime:0.006764s ]
INFO: [ view_filter ] --START--
INFO: Run Behavior\WriteHtmlCacheBehavior [ RunTime:0.000282s ]
INFO: [ view_filter ] --END-- [ RunTime:0.000332s ]
INFO: [ app_end ] --START--
INFO: Run Behavior\ShowPageTraceBehavior [ RunTime:0.000948s ]
INFO: [ app_end ] --END-- [ RunTime:0.001033s ]

[ 2016-05-06T12:19:57+08:00 ] 127.0.0.1 /index.php/Admin/User/user_info?v=4.0
INFO: [ app_init ] --START--
INFO: Run Behavior\BuildLiteBehavior [ RunTime:0.000011s ]
INFO: [ app_init ] --END-- [ RunTime:0.000246s ]
INFO: [ app_begin ] --START--
INFO: Run Behavior\ReadHtmlCacheBehavior [ RunTime:0.000311s ]
INFO: [ app_begin ] --END-- [ RunTime:0.000360s ]
SQL: SHOW COLUMNS FROM `yp_user_info` [ RunTime:0.0011s ]
SQL: SELECT * FROM `yp_user_info` LIMIT 1   [ RunTime:0.0005s ]
INFO: [ view_parse ] --START--
INFO: [ template_filter ] --START--
INFO: Run Behavior\ContentReplaceBehavior [ RunTime:0.000063s ]
INFO: [ template_filter ] --END-- [ RunTime:0.000113s ]
INFO: Run Behavior\ParseTemplateBehavior [ RunTime:0.011295s ]
INFO: [ view_parse ] --END-- [ RunTime:0.011366s ]
INFO: [ view_filter ] --START--
INFO: Run Behavior\WriteHtmlCacheBehavior [ RunTime:0.000182s ]
INFO: [ view_filter ] --END-- [ RunTime:0.000226s ]
INFO: [ app_end ] --START--
INFO: Run Behavior\ShowPageTraceBehavior [ RunTime:0.000495s ]
INFO: [ app_end ] --END-- [ RunTime:0.000551s ]

[ 2016-05-06T12:19:58+08:00 ] 127.0.0.1 /index.php/Admin/User/modify_pwd?v=4.0
INFO: [ app_init ] --START--
INFO: Run Behavior\BuildLiteBehavior [ RunTime:0.000012s ]
INFO: [ app_init ] --END-- [ RunTime:0.000414s ]
INFO: [ app_begin ] --START--
INFO: Run Behavior\ReadHtmlCacheBehavior [ RunTime:0.000517s ]
INFO: [ app_begin ] --END-- [ RunTime:0.000584s ]
INFO: [ view_parse ] --START--
INFO: [ template_filter ] --START--
INFO: Run Behavior\ContentReplaceBehavior [ RunTime:0.000071s ]
INFO: [ template_filter ] --END-- [ RunTime:0.000132s ]
INFO: Run Behavior\ParseTemplateBehavior [ RunTime:0.013569s ]
INFO: [ view_parse ] --END-- [ RunTime:0.013630s ]
INFO: [ view_filter ] --START--
INFO: Run Behavior\WriteHtmlCacheBehavior [ RunTime:0.000164s ]
INFO: [ view_filter ] --END-- [ RunTime:0.000202s ]
INFO: [ app_end ] --START--
INFO: Run Behavior\ShowPageTraceBehavior [ RunTime:0.000488s ]
INFO: [ app_end ] --END-- [ RunTime:0.000531s ]

[ 2016-05-06T12:20:12+08:00 ] 127.0.0.1 /index.php/Admin/Article/index?v=4.0
INFO: [ app_init ] --START--
INFO: Run Behavior\BuildLiteBehavior [ RunTime:0.000013s ]
INFO: [ app_init ] --END-- [ RunTime:0.000324s ]
INFO: [ app_begin ] --START--
INFO: Run Behavior\ReadHtmlCacheBehavior [ RunTime:0.000442s ]
INFO: [ app_begin ] --END-- [ RunTime:0.000506s ]
NOTIC: [2048] Declaration of Admin\Model\ArticleModel::_before_delete() should be compatible with Think\Model::_before_delete($options) /Users/just/git/xy/Application/Admin/Model/ArticleModel.class.php 第 4 行.
SQL: SHOW COLUMNS FROM `yp_article` [ RunTime:0.0008s ]
SQL: SELECT * FROM `yp_article` WHERE ( status != 2 )  [ RunTime:0.0045s ]
INFO: [ view_parse ] --START--
INFO: [ template_filter ] --START--
INFO: Run Behavior\ContentReplaceBehavior [ RunTime:0.000074s ]
INFO: [ template_filter ] --END-- [ RunTime:0.000107s ]
INFO: Run Behavior\ParseTemplateBehavior [ RunTime:0.005155s ]
INFO: [ view_parse ] --END-- [ RunTime:0.005192s ]
INFO: [ view_filter ] --START--
INFO: Run Behavior\WriteHtmlCacheBehavior [ RunTime:0.000106s ]
INFO: [ view_filter ] --END-- [ RunTime:0.000136s ]
INFO: [ app_end ] --START--
INFO: Run Behavior\ShowPageTraceBehavior [ RunTime:0.000440s ]
INFO: [ app_end ] --END-- [ RunTime:0.000502s ]

[ 2016-05-06T12:20:34+08:00 ] 127.0.0.1 /index.php/Admin/Article/recycle?v=4.0
INFO: [ app_init ] --START--
INFO: Run Behavior\BuildLiteBehavior [ RunTime:0.000020s ]
INFO: [ app_init ] --END-- [ RunTime:0.000448s ]
INFO: [ app_begin ] --START--
INFO: Run Behavior\ReadHtmlCacheBehavior [ RunTime:0.000503s ]
INFO: [ app_begin ] --END-- [ RunTime:0.000567s ]
NOTIC: [2048] Declaration of Admin\Model\ArticleModel::_before_delete() should be compatible with Think\Model::_before_delete($options) /Users/just/git/xy/Application/Admin/Model/ArticleModel.class.php 第 4 行.
SQL: SHOW COLUMNS FROM `yp_article` [ RunTime:0.0005s ]
SQL: SELECT * FROM `yp_article` WHERE `status` = 2  [ RunTime:0.0006s ]
INFO: [ view_parse ] --START--
INFO: [ template_filter ] --START--
INFO: Run Behavior\ContentReplaceBehavior [ RunTime:0.000079s ]
INFO: [ template_filter ] --END-- [ RunTime:0.000119s ]
INFO: Run Behavior\ParseTemplateBehavior [ RunTime:0.015264s ]
INFO: [ view_parse ] --END-- [ RunTime:0.015303s ]
INFO: [ view_filter ] --START--
INFO: Run Behavior\WriteHtmlCacheBehavior [ RunTime:0.000101s ]
INFO: [ view_filter ] --END-- [ RunTime:0.000125s ]
INFO: [ app_end ] --START--
INFO: Run Behavior\ShowPageTraceBehavior [ RunTime:0.000422s ]
INFO: [ app_end ] --END-- [ RunTime:0.000461s ]

[ 2016-05-06T12:20:35+08:00 ] 127.0.0.1 /index.php/Admin/Source/index?v=4.0
INFO: [ app_init ] --START--
INFO: Run Behavior\BuildLiteBehavior [ RunTime:0.000009s ]
INFO: [ app_init ] --END-- [ RunTime:0.000200s ]
INFO: [ app_begin ] --START--
INFO: Run Behavior\ReadHtmlCacheBehavior [ RunTime:0.000519s ]
INFO: [ app_begin ] --END-- [ RunTime:0.000596s ]
SQL: SHOW COLUMNS FROM `yp_source` [ RunTime:0.0004s ]
SQL: SELECT * FROM `yp_source`  [ RunTime:0.0002s ]
INFO: [ view_parse ] --START--
INFO: [ template_filter ] --START--
INFO: Run Behavior\ContentReplaceBehavior [ RunTime:0.000073s ]
INFO: [ template_filter ] --END-- [ RunTime:0.000113s ]
INFO: Run Behavior\ParseTemplateBehavior [ RunTime:0.010371s ]
INFO: [ view_parse ] --END-- [ RunTime:0.010409s ]
INFO: [ view_filter ] --START--
INFO: Run Behavior\WriteHtmlCacheBehavior [ RunTime:0.000221s ]
INFO: [ view_filter ] --END-- [ RunTime:0.000267s ]
INFO: [ app_end ] --START--
INFO: Run Behavior\ShowPageTraceBehavior [ RunTime:0.000810s ]
INFO: [ app_end ] --END-- [ RunTime:0.000988s ]

[ 2016-05-06T12:20:37+08:00 ] 127.0.0.1 /index.php/Admin/Category/index?v=4.0
INFO: [ app_init ] --START--
INFO: Run Behavior\BuildLiteBehavior [ RunTime:0.000019s ]
INFO: [ app_init ] --END-- [ RunTime:0.000436s ]
INFO: [ app_begin ] --START--
INFO: Run Behavior\ReadHtmlCacheBehavior [ RunTime:0.000603s ]
INFO: [ app_begin ] --END-- [ RunTime:0.000670s ]
SQL: SHOW COLUMNS FROM `yp_category` [ RunTime:0.0004s ]
NOTIC: [8] Undefined variable: error /Users/just/git/xy/Application/Library/Web.class.php 第 43 行.
SQL: SHOW COLUMNS FROM `yp_category` [ RunTime:0.0006s ]
SQL: SELECT * FROM `yp_category` WHERE ( 1 )  [ RunTime:0.0004s ]
INFO: [ view_parse ] --START--
INFO: [ template_filter ] --START--
INFO: Run Behavior\ContentReplaceBehavior [ RunTime:0.000074s ]
INFO: [ template_filter ] --END-- [ RunTime:0.000113s ]
INFO: Run Behavior\ParseTemplateBehavior [ RunTime:0.013633s ]
INFO: [ view_parse ] --END-- [ RunTime:0.013710s ]
INFO: [ view_filter ] --START--
INFO: Run Behavior\WriteHtmlCacheBehavior [ RunTime:0.000138s ]
INFO: [ view_filter ] --END-- [ RunTime:0.000166s ]
INFO: [ app_end ] --START--
INFO: Run Behavior\ShowPageTraceBehavior [ RunTime:0.000406s ]
INFO: [ app_end ] --END-- [ RunTime:0.000458s ]

[ 2016-05-06T12:22:58+08:00 ] 127.0.0.1 /index.php/Admin/Authority/index?v=4.0
INFO: [ app_init ] --START--
INFO: Run Behavior\BuildLiteBehavior [ RunTime:0.000011s ]
INFO: [ app_init ] --END-- [ RunTime:0.000253s ]
INFO: [ app_begin ] --START--
INFO: Run Behavior\ReadHtmlCacheBehavior [ RunTime:0.000497s ]
INFO: [ app_begin ] --END-- [ RunTime:0.000577s ]
SQL: SHOW COLUMNS FROM `yp_authority` [ RunTime:0.0005s ]
NOTIC: [8] Undefined variable: error /Users/just/git/xy/Application/Library/Web.class.php 第 43 行.
SQL: SHOW COLUMNS FROM `yp_authority` [ RunTime:0.0004s ]
SQL: SELECT * FROM `yp_authority` WHERE ( 1 )  [ RunTime:0.0003s ]
INFO: [ view_parse ] --START--
INFO: [ template_filter ] --START--
INFO: Run Behavior\ContentReplaceBehavior [ RunTime:0.000071s ]
INFO: [ template_filter ] --END-- [ RunTime:0.000112s ]
INFO: Run Behavior\ParseTemplateBehavior [ RunTime:0.011699s ]
INFO: [ view_parse ] --END-- [ RunTime:0.011758s ]
INFO: [ view_filter ] --START--
INFO: Run Behavior\WriteHtmlCacheBehavior [ RunTime:0.000202s ]
INFO: [ view_filter ] --END-- [ RunTime:0.000257s ]
INFO: [ app_end ] --START--
INFO: Run Behavior\ShowPageTraceBehavior [ RunTime:0.001051s ]
INFO: [ app_end ] --END-- [ RunTime:0.001118s ]

[ 2016-05-06T12:22:58+08:00 ] 127.0.0.1 /index.php/Admin/Role/index?v=4.0
INFO: [ app_init ] --START--
INFO: Run Behavior\BuildLiteBehavior [ RunTime:0.000012s ]
INFO: [ app_init ] --END-- [ RunTime:0.000297s ]
INFO: [ app_begin ] --START--
INFO: Run Behavior\ReadHtmlCacheBehavior [ RunTime:0.000367s ]
INFO: [ app_begin ] --END-- [ RunTime:0.000423s ]
SQL: SHOW COLUMNS FROM `yp_role` [ RunTime:0.0005s ]
SQL: SELECT * FROM `yp_role`  [ RunTime:0.0003s ]
INFO: [ view_parse ] --START--
INFO: [ template_filter ] --START--
INFO: Run Behavior\ContentReplaceBehavior [ RunTime:0.000069s ]
INFO: [ template_filter ] --END-- [ RunTime:0.000105s ]
INFO: Run Behavior\ParseTemplateBehavior [ RunTime:0.008168s ]
INFO: [ view_parse ] --END-- [ RunTime:0.008203s ]
INFO: [ view_filter ] --START--
INFO: Run Behavior\WriteHtmlCacheBehavior [ RunTime:0.000096s ]
INFO: [ view_filter ] --END-- [ RunTime:0.000118s ]
INFO: [ app_end ] --START--
INFO: Run Behavior\ShowPageTraceBehavior [ RunTime:0.000532s ]
INFO: [ app_end ] --END-- [ RunTime:0.000575s ]

[ 2016-05-06T12:23:01+08:00 ] 127.0.0.1 /index.php/Admin/Role/assign_rule/id/1
INFO: [ app_init ] --START--
INFO: Run Behavior\BuildLiteBehavior [ RunTime:0.000009s ]
INFO: [ app_init ] --END-- [ RunTime:0.000204s ]
INFO: [ app_begin ] --START--
INFO: Run Behavior\ReadHtmlCacheBehavior [ RunTime:0.000244s ]
INFO: [ app_begin ] --END-- [ RunTime:0.000275s ]
SQL: SHOW COLUMNS FROM `yp_authority` [ RunTime:0.0009s ]
SQL: SELECT * FROM `yp_authority` WHERE `pid` = 0 AND `status` = 0  [ RunTime:0.0006s ]
SQL: SELECT * FROM `yp_authority` WHERE `pid` <> '0' AND `status` = '0'  [ RunTime:0.0005s ]
SQL: SHOW COLUMNS FROM `yp_role` [ RunTime:0.0006s ]
SQL: SELECT `rules` FROM `yp_role` WHERE `role_id` = 1 LIMIT 1   [ RunTime:0.0003s ]
INFO: [ view_parse ] --START--
INFO: [ template_filter ] --START--
INFO: Run Behavior\ContentReplaceBehavior [ RunTime:0.000059s ]
INFO: [ template_filter ] --END-- [ RunTime:0.000114s ]
NOTIC: [8] Undefined variable: rule /Users/just/git/xy/Application/Runtime/Cache/Admin/db852f7a6e2c229c010b36d6af61d41f.php 第 86 行.
NOTIC: [2] Invalid argument supplied for foreach() /Users/just/git/xy/Application/Runtime/Cache/Admin/db852f7a6e2c229c010b36d6af61d41f.php 第 86 行.
NOTIC: [8] Undefined variable: action /Users/just/git/xy/Application/Runtime/Cache/Admin/db852f7a6e2c229c010b36d6af61d41f.php 第 96 行.
NOTIC: [8] Undefined variable: action /Users/just/git/xy/Application/Runtime/Cache/Admin/db852f7a6e2c229c010b36d6af61d41f.php 第 96 行.
NOTIC: [8] Undefined variable: action /Users/just/git/xy/Application/Runtime/Cache/Admin/db852f7a6e2c229c010b36d6af61d41f.php 第 96 行.
NOTIC: [8] Undefined variable: action /Users/just/git/xy/Application/Runtime/Cache/Admin/db852f7a6e2c229c010b36d6af61d41f.php 第 96 行.
NOTIC: [8] Undefined variable: action /Users/just/git/xy/Application/Runtime/Cache/Admin/db852f7a6e2c229c010b36d6af61d41f.php 第 96 行.
NOTIC: [8] Undefined variable: action /Users/just/git/xy/Application/Runtime/Cache/Admin/db852f7a6e2c229c010b36d6af61d41f.php 第 96 行.
NOTIC: [8] Undefined variable: action /Users/just/git/xy/Application/Runtime/Cache/Admin/db852f7a6e2c229c010b36d6af61d41f.php 第 96 行.
NOTIC: [8] Undefined variable: action /Users/just/git/xy/Application/Runtime/Cache/Admin/db852f7a6e2c229c010b36d6af61d41f.php 第 96 行.
NOTIC: [8] Undefined variable: rule /Users/just/git/xy/Application/Runtime/Cache/Admin/db852f7a6e2c229c010b36d6af61d41f.php 第 86 行.
NOTIC: [2] Invalid argument supplied for foreach() /Users/just/git/xy/Application/Runtime/Cache/Admin/db852f7a6e2c229c010b36d6af61d41f.php 第 86 行.
NOTIC: [8] Undefined variable: action /Users/just/git/xy/Application/Runtime/Cache/Admin/db852f7a6e2c229c010b36d6af61d41f.php 第 96 行.
NOTIC: [8] Undefined variable: action /Users/just/git/xy/Application/Runtime/Cache/Admin/db852f7a6e2c229c010b36d6af61d41f.php 第 96 行.
NOTIC: [8] Undefined variable: action /Users/just/git/xy/Application/Runtime/Cache/Admin/db852f7a6e2c229c010b36d6af61d41f.php 第 96 行.
NOTIC: [8] Undefined variable: action /Users/just/git/xy/Application/Runtime/Cache/Admin/db852f7a6e2c229c010b36d6af61d41f.php 第 96 行.
NOTIC: [8] Undefined variable: action /Users/just/git/xy/Application/Runtime/Cache/Admin/db852f7a6e2c229c010b36d6af61d41f.php 第 96 行.
NOTIC: [8] Undefined variable: action /Users/just/git/xy/Application/Runtime/Cache/Admin/db852f7a6e2c229c010b36d6af61d41f.php 第 96 行.
NOTIC: [8] Undefined variable: action /Users/just/git/xy/Application/Runtime/Cache/Admin/db852f7a6e2c229c010b36d6af61d41f.php 第 96 行.
NOTIC: [8] Undefined variable: action /Users/just/git/xy/Application/Runtime/Cache/Admin/db852f7a6e2c229c010b36d6af61d41f.php 第 96 行.
NOTIC: [8] Undefined variable: rule /Users/just/git/xy/Application/Runtime/Cache/Admin/db852f7a6e2c229c010b36d6af61d41f.php 第 86 行.
NOTIC: [2] Invalid argument supplied for foreach() /Users/just/git/xy/Application/Runtime/Cache/Admin/db852f7a6e2c229c010b36d6af61d41f.php 第 86 行.
NOTIC: [8] Undefined variable: action /Users/just/git/xy/Application/Runtime/Cache/Admin/db852f7a6e2c229c010b36d6af61d41f.php 第 96 行.
NOTIC: [8] Undefined variable: action /Users/just/git/xy/Application/Runtime/Cache/Admin/db852f7a6e2c229c010b36d6af61d41f.php 第 96 行.
NOTIC: [8] Undefined variable: action /Users/just/git/xy/Application/Runtime/Cache/Admin/db852f7a6e2c229c010b36d6af61d41f.php 第 96 行.
NOTIC: [8] Undefined variable: action /Users/just/git/xy/Application/Runtime/Cache/Admin/db852f7a6e2c229c010b36d6af61d41f.php 第 96 行.
NOTIC: [8] Undefined variable: action /Users/just/git/xy/Application/Runtime/Cache/Admin/db852f7a6e2c229c010b36d6af61d41f.php 第 96 行.
NOTIC: [8] Undefined variable: action /Users/just/git/xy/Application/Runtime/Cache/Admin/db852f7a6e2c229c010b36d6af61d41f.php 第 96 行.
NOTIC: [8] Undefined variable: action /Users/just/git/xy/Application/Runtime/Cache/Admin/db852f7a6e2c229c010b36d6af61d41f.php 第 96 行.
NOTIC: [8] Undefined variable: action /Users/just/git/xy/Application/Runtime/Cache/Admin/db852f7a6e2c229c010b36d6af61d41f.php 第 96 行.
NOTIC: [8] Undefined variable: rule /Users/just/git/xy/Application/Runtime/Cache/Admin/db852f7a6e2c229c010b36d6af61d41f.php 第 86 行.
NOTIC: [2] Invalid argument supplied for foreach() /Users/just/git/xy/Application/Runtime/Cache/Admin/db852f7a6e2c229c010b36d6af61d41f.php 第 86 行.
NOTIC: [8] Undefined variable: action /Users/just/git/xy/Application/Runtime/Cache/Admin/db852f7a6e2c229c010b36d6af61d41f.php 第 96 行.
NOTIC: [8] Undefined variable: action /Users/just/git/xy/Application/Runtime/Cache/Admin/db852f7a6e2c229c010b36d6af61d41f.php 第 96 行.
NOTIC: [8] Undefined variable: action /Users/just/git/xy/Application/Runtime/Cache/Admin/db852f7a6e2c229c010b36d6af61d41f.php 第 96 行.
NOTIC: [8] Undefined variable: action /Users/just/git/xy/Application/Runtime/Cache/Admin/db852f7a6e2c229c010b36d6af61d41f.php 第 96 行.
NOTIC: [8] Undefined variable: action /Users/just/git/xy/Application/Runtime/Cache/Admin/db852f7a6e2c229c010b36d6af61d41f.php 第 96 行.
NOTIC: [8] Undefined variable: action /Users/just/git/xy/Application/Runtime/Cache/Admin/db852f7a6e2c229c010b36d6af61d41f.php 第 96 行.
NOTIC: [8] Undefined variable: action /Users/just/git/xy/Application/Runtime/Cache/Admin/db852f7a6e2c229c010b36d6af61d41f.php 第 96 行.
NOTIC: [8] Undefined variable: action /Users/just/git/xy/Application/Runtime/Cache/Admin/db852f7a6e2c229c010b36d6af61d41f.php 第 96 行.
INFO: Run Behavior\ParseTemplateBehavior [ RunTime:0.011198s ]
INFO: [ view_parse ] --END-- [ RunTime:0.011330s ]
INFO: [ view_filter ] --START--
INFO: Run Behavior\WriteHtmlCacheBehavior [ RunTime:0.000174s ]
INFO: [ view_filter ] --END-- [ RunTime:0.000221s ]
INFO: [ app_end ] --START--
INFO: Run Behavior\ShowPageTraceBehavior [ RunTime:0.000579s ]
INFO: [ app_end ] --END-- [ RunTime:0.000645s ]

[ 2016-05-06T12:23:04+08:00 ] 127.0.0.1 /index.php/Admin/Role/assign_rule/id/1
INFO: [ app_init ] --START--
INFO: Run Behavior\BuildLiteBehavior [ RunTime:0.000012s ]
INFO: [ app_init ] --END-- [ RunTime:0.000291s ]
INFO: [ app_begin ] --START--
INFO: Run Behavior\ReadHtmlCacheBehavior [ RunTime:0.000355s ]
INFO: [ app_begin ] --END-- [ RunTime:0.000394s ]
SQL: SHOW COLUMNS FROM `yp_authority` [ RunTime:0.0006s ]
NOTIC: [2048] Declaration of Admin\Model\RoleModel::_before_delete() should be compatible with Think\Model::_before_delete($options) /Users/just/git/xy/Application/Admin/Model/RoleModel.class.php 第 47 行.
SQL: SHOW COLUMNS FROM `yp_role` [ RunTime:0.0009s ]
NOTIC: [8] Undefined index: validate /Users/just/git/xy/ThinkPHP/Library/Think/Model.class.php 第 1185 行.
NOTIC: [8] Undefined index: auto /Users/just/git/xy/ThinkPHP/Library/Think/Model.class.php 第 1128 行.
SQL: UPDATE `yp_role` SET `rules`='1,2,3,4,5,6,8,9,10,11,12' WHERE `role_id` = 1 [ RunTime:0.0044s ]
INFO: [ view_parse ] --START--
INFO: [ template_filter ] --START--
INFO: Run Behavior\ContentReplaceBehavior [ RunTime:0.000057s ]
INFO: [ template_filter ] --END-- [ RunTime:0.000121s ]
INFO: Run Behavior\ParseTemplateBehavior [ RunTime:0.008321s ]
INFO: [ view_parse ] --END-- [ RunTime:0.008386s ]
INFO: [ view_filter ] --START--
INFO: Run Behavior\WriteHtmlCacheBehavior [ RunTime:0.000176s ]
INFO: [ view_filter ] --END-- [ RunTime:0.000220s ]

[ 2016-05-06T12:23:05+08:00 ] 127.0.0.1 /index.php/Admin/Role/index.html
INFO: [ app_init ] --START--
INFO: Run Behavior\BuildLiteBehavior [ RunTime:0.000009s ]
INFO: [ app_init ] --END-- [ RunTime:0.000259s ]
INFO: [ app_begin ] --START--
INFO: Run Behavior\ReadHtmlCacheBehavior [ RunTime:0.000508s ]
INFO: [ app_begin ] --END-- [ RunTime:0.000557s ]
SQL: SHOW COLUMNS FROM `yp_role` [ RunTime:0.0005s ]
SQL: SELECT * FROM `yp_role`  [ RunTime:0.0003s ]
INFO: [ view_parse ] --START--
INFO: [ template_filter ] --START--
INFO: Run Behavior\ContentReplaceBehavior [ RunTime:0.000069s ]
INFO: [ template_filter ] --END-- [ RunTime:0.000103s ]
INFO: Run Behavior\ParseTemplateBehavior [ RunTime:0.005128s ]
INFO: [ view_parse ] --END-- [ RunTime:0.005164s ]
INFO: [ view_filter ] --START--
INFO: Run Behavior\WriteHtmlCacheBehavior [ RunTime:0.000096s ]
INFO: [ view_filter ] --END-- [ RunTime:0.000119s ]
INFO: [ app_end ] --START--
INFO: Run Behavior\ShowPageTraceBehavior [ RunTime:0.000473s ]
INFO: [ app_end ] --END-- [ RunTime:0.000544s ]

[ 2016-05-06T12:23:10+08:00 ] 127.0.0.1 /index.php/Admin/Login/outLogin
INFO: [ app_init ] --START--
INFO: Run Behavior\BuildLiteBehavior [ RunTime:0.000007s ]
INFO: [ app_init ] --END-- [ RunTime:0.000193s ]
INFO: [ app_begin ] --START--
INFO: Run Behavior\ReadHtmlCacheBehavior [ RunTime:0.000242s ]
INFO: [ app_begin ] --END-- [ RunTime:0.000283s ]
SQL: SHOW COLUMNS FROM `yp_user` [ RunTime:0.0005s ]
SQL: SELECT `user_id`,`exp_time` FROM `yp_user` WHERE `user_id` = 1 LIMIT 1   [ RunTime:0.0002s ]

[ 2016-05-06T12:23:10+08:00 ] 127.0.0.1 /index.php/Admin/Login/login.html
INFO: [ app_init ] --START--
INFO: Run Behavior\BuildLiteBehavior [ RunTime:0.000013s ]
INFO: [ app_init ] --END-- [ RunTime:0.000328s ]
INFO: [ app_begin ] --START--
INFO: Run Behavior\ReadHtmlCacheBehavior [ RunTime:0.000422s ]
INFO: [ app_begin ] --END-- [ RunTime:0.000472s ]
NOTIC: [8] Undefined index: identity /Users/just/git/xy/Application/Admin/Controller/LoginController.class.php 第 13 行.
INFO: [ view_parse ] --START--
INFO: [ template_filter ] --START--
INFO: Run Behavior\ContentReplaceBehavior [ RunTime:0.000050s ]
INFO: [ template_filter ] --END-- [ RunTime:0.000098s ]
INFO: Run Behavior\ParseTemplateBehavior [ RunTime:0.008726s ]
INFO: [ view_parse ] --END-- [ RunTime:0.008773s ]
INFO: [ view_filter ] --START--
INFO: Run Behavior\WriteHtmlCacheBehavior [ RunTime:0.000123s ]
INFO: [ view_filter ] --END-- [ RunTime:0.000152s ]
INFO: [ app_end ] --START--
INFO: Run Behavior\ShowPageTraceBehavior [ RunTime:0.000345s ]
INFO: [ app_end ] --END-- [ RunTime:0.000377s ]

[ 2016-05-06T12:23:17+08:00 ] 127.0.0.1 /index.php/Admin/Login/checkLogin
INFO: [ app_init ] --START--
INFO: Run Behavior\BuildLiteBehavior [ RunTime:0.000008s ]
INFO: [ app_init ] --END-- [ RunTime:0.000195s ]
INFO: [ app_begin ] --START--
INFO: Run Behavior\ReadHtmlCacheBehavior [ RunTime:0.000240s ]
INFO: [ app_begin ] --END-- [ RunTime:0.000272s ]
NOTIC: [8] Use of undefined constant Is_POST - assumed 'Is_POST' /Users/just/git/xy/Application/Admin/Controller/LoginController.class.php 第 34 行.
SQL: SHOW COLUMNS FROM `yp_user` [ RunTime:0.0005s ]
SQL: SELECT * FROM `yp_user` WHERE `user_name` = 'admin' AND `status` = 0 LIMIT 1   [ RunTime:0.0003s ]
SQL: UPDATE `yp_user` SET `user_name`='admin',`login_time`='1462508597',`login_ip`='2130706433' WHERE `user_name` = 'admin' [ RunTime:0.0035s ]
SQL: SHOW COLUMNS FROM `yp_role` [ RunTime:0.0007s ]
SQL: SELECT `rules` FROM `yp_role` WHERE `role_id` = 1 LIMIT 1   [ RunTime:0.0003s ]
INFO: [ view_parse ] --START--
INFO: [ template_filter ] --START--
INFO: Run Behavior\ContentReplaceBehavior [ RunTime:0.000040s ]
INFO: [ template_filter ] --END-- [ RunTime:0.000085s ]
INFO: Run Behavior\ParseTemplateBehavior [ RunTime:0.007165s ]
INFO: [ view_parse ] --END-- [ RunTime:0.007213s ]
INFO: [ view_filter ] --START--
INFO: Run Behavior\WriteHtmlCacheBehavior [ RunTime:0.000124s ]
INFO: [ view_filter ] --END-- [ RunTime:0.000154s ]
INFO: [ app_end ] --START--
INFO: Run Behavior\ShowPageTraceBehavior [ RunTime:0.000358s ]
INFO: [ app_end ] --END-- [ RunTime:0.000391s ]

[ 2016-05-06T12:23:18+08:00 ] 127.0.0.1 /index.php/Admin/Admin/admin.html
INFO: [ app_init ] --START--
INFO: Run Behavior\BuildLiteBehavior [ RunTime:0.000018s ]
INFO: [ app_init ] --END-- [ RunTime:0.000419s ]
INFO: [ app_begin ] --START--
INFO: Run Behavior\ReadHtmlCacheBehavior [ RunTime:0.000505s ]
INFO: [ app_begin ] --END-- [ RunTime:0.000569s ]
SQL: SHOW COLUMNS FROM `yp_authority` [ RunTime:0.0009s ]
SQL: SELECT `authority_id`,`authority_name`,`pid`,`url` FROM `yp_authority` WHERE `authority_id` = 1 LIMIT 1   [ RunTime:0.0004s ]
SQL: SELECT `authority_id`,`authority_name`,`pid`,`url` FROM `yp_authority` WHERE `authority_id` = 2 LIMIT 1   [ RunTime:0.0003s ]
SQL: SELECT `authority_id`,`authority_name`,`pid`,`url` FROM `yp_authority` WHERE `authority_id` = 3 LIMIT 1   [ RunTime:0.0003s ]
SQL: SELECT `authority_id`,`authority_name`,`pid`,`url` FROM `yp_authority` WHERE `authority_id` = 4 LIMIT 1   [ RunTime:0.0003s ]
SQL: SELECT `authority_id`,`authority_name`,`pid`,`url` FROM `yp_authority` WHERE `authority_id` = 5 LIMIT 1   [ RunTime:0.0003s ]
SQL: SELECT `authority_id`,`authority_name`,`pid`,`url` FROM `yp_authority` WHERE `authority_id` = 6 LIMIT 1   [ RunTime:0.0003s ]
SQL: SELECT `authority_id`,`authority_name`,`pid`,`url` FROM `yp_authority` WHERE `authority_id` = 8 LIMIT 1   [ RunTime:0.0003s ]
SQL: SELECT `authority_id`,`authority_name`,`pid`,`url` FROM `yp_authority` WHERE `authority_id` = 9 LIMIT 1   [ RunTime:0.0003s ]
SQL: SELECT `authority_id`,`authority_name`,`pid`,`url` FROM `yp_authority` WHERE `authority_id` = 10 LIMIT 1   [ RunTime:0.0003s ]
SQL: SELECT `authority_id`,`authority_name`,`pid`,`url` FROM `yp_authority` WHERE `authority_id` = 11 LIMIT 1   [ RunTime:0.0003s ]
SQL: SELECT `authority_id`,`authority_name`,`pid`,`url` FROM `yp_authority` WHERE `authority_id` = 12 LIMIT 1   [ RunTime:0.0004s ]
SQL: SHOW COLUMNS FROM `yp_user` [ RunTime:0.0014s ]
SQL: SELECT `user_name`,`user_role` FROM `yp_user` WHERE `user_id` = 1 LIMIT 1   [ RunTime:0.0004s ]
SQL: SHOW COLUMNS FROM `yp_user_info` [ RunTime:0.0008s ]
SQL: SELECT `nickname` FROM `yp_user_info` LIMIT 1   [ RunTime:0.0003s ]
SQL: SHOW COLUMNS FROM `yp_role` [ RunTime:0.0007s ]
SQL: SELECT `role_name` FROM `yp_role` WHERE `role_id` = 1 LIMIT 1   [ RunTime:0.0003s ]
INFO: [ view_parse ] --START--
INFO: [ template_filter ] --START--
INFO: Run Behavior\ContentReplaceBehavior [ RunTime:0.000144s ]
INFO: [ template_filter ] --END-- [ RunTime:0.000221s ]
INFO: Run Behavior\ParseTemplateBehavior [ RunTime:0.012819s ]
INFO: [ view_parse ] --END-- [ RunTime:0.012900s ]
INFO: [ view_filter ] --START--
INFO: Run Behavior\WriteHtmlCacheBehavior [ RunTime:0.000225s ]
INFO: [ view_filter ] --END-- [ RunTime:0.000279s ]
INFO: [ app_end ] --START--
INFO: Run Behavior\ShowPageTraceBehavior [ RunTime:0.000753s ]
INFO: [ app_end ] --END-- [ RunTime:0.000835s ]

[ 2016-05-06T12:23:18+08:00 ] 127.0.0.1 /index.php/Admin/Admin/index1
INFO: [ app_init ] --START--
INFO: Run Behavior\BuildLiteBehavior [ RunTime:0.000014s ]
INFO: [ app_init ] --END-- [ RunTime:0.000284s ]
INFO: [ app_begin ] --START--
INFO: Run Behavior\ReadHtmlCacheBehavior [ RunTime:0.000350s ]
INFO: [ app_begin ] --END-- [ RunTime:0.000389s ]
SQL: SHOW COLUMNS FROM `yp_article` [ RunTime:0.0005s ]
SQL: SELECT * FROM `yp_article` ORDER BY article_id desc LIMIT 10   [ RunTime:0.0038s ]
SQL: SHOW COLUMNS FROM `yp_message` [ RunTime:0.0005s ]
SQL: SELECT * FROM `yp_message` ORDER BY message_id desc LIMIT 8   [ RunTime:0.0002s ]
INFO: [ view_parse ] --START--
INFO: [ template_filter ] --START--
INFO: Run Behavior\ContentReplaceBehavior [ RunTime:0.000060s ]
INFO: [ template_filter ] --END-- [ RunTime:0.000115s ]
INFO: Run Behavior\ParseTemplateBehavior [ RunTime:0.006857s ]
INFO: [ view_parse ] --END-- [ RunTime:0.006927s ]
INFO: [ view_filter ] --START--
INFO: Run Behavior\WriteHtmlCacheBehavior [ RunTime:0.000222s ]
INFO: [ view_filter ] --END-- [ RunTime:0.000272s ]
INFO: [ app_end ] --START--
INFO: Run Behavior\ShowPageTraceBehavior [ RunTime:0.000610s ]
INFO: [ app_end ] --END-- [ RunTime:0.000680s ]

[ 2016-05-06T12:26:22+08:00 ] 127.0.0.1 /admin/admin/admin/
INFO: [ app_init ] --START--
INFO: Run Behavior\BuildLiteBehavior [ RunTime:0.000008s ]
INFO: [ app_init ] --END-- [ RunTime:0.000206s ]
INFO: [ app_begin ] --START--
INFO: Run Behavior\ReadHtmlCacheBehavior [ RunTime:0.000247s ]
INFO: [ app_begin ] --END-- [ RunTime:0.000278s ]
SQL: SHOW COLUMNS FROM `yp_authority` [ RunTime:0.0005s ]
SQL: SELECT `authority_id`,`authority_name`,`pid`,`url` FROM `yp_authority` WHERE `authority_id` = 1 LIMIT 1   [ RunTime:0.0002s ]
SQL: SELECT `authority_id`,`authority_name`,`pid`,`url` FROM `yp_authority` WHERE `authority_id` = 2 LIMIT 1   [ RunTime:0.0002s ]
SQL: SELECT `authority_id`,`authority_name`,`pid`,`url` FROM `yp_authority` WHERE `authority_id` = 3 LIMIT 1   [ RunTime:0.0002s ]
SQL: SELECT `authority_id`,`authority_name`,`pid`,`url` FROM `yp_authority` WHERE `authority_id` = 4 LIMIT 1   [ RunTime:0.0002s ]
SQL: SELECT `authority_id`,`authority_name`,`pid`,`url` FROM `yp_authority` WHERE `authority_id` = 5 LIMIT 1   [ RunTime:0.0002s ]
SQL: SELECT `authority_id`,`authority_name`,`pid`,`url` FROM `yp_authority` WHERE `authority_id` = 6 LIMIT 1   [ RunTime:0.0002s ]
SQL: SELECT `authority_id`,`authority_name`,`pid`,`url` FROM `yp_authority` WHERE `authority_id` = 8 LIMIT 1   [ RunTime:0.0002s ]
SQL: SELECT `authority_id`,`authority_name`,`pid`,`url` FROM `yp_authority` WHERE `authority_id` = 9 LIMIT 1   [ RunTime:0.0002s ]
SQL: SELECT `authority_id`,`authority_name`,`pid`,`url` FROM `yp_authority` WHERE `authority_id` = 10 LIMIT 1   [ RunTime:0.0002s ]
SQL: SELECT `authority_id`,`authority_name`,`pid`,`url` FROM `yp_authority` WHERE `authority_id` = 11 LIMIT 1   [ RunTime:0.0002s ]
SQL: SELECT `authority_id`,`authority_name`,`pid`,`url` FROM `yp_authority` WHERE `authority_id` = 12 LIMIT 1   [ RunTime:0.0002s ]
SQL: SHOW COLUMNS FROM `yp_user` [ RunTime:0.0005s ]
SQL: SELECT `user_name`,`user_role` FROM `yp_user` WHERE `user_id` = 1 LIMIT 1   [ RunTime:0.0002s ]
SQL: SHOW COLUMNS FROM `yp_user_info` [ RunTime:0.0004s ]
SQL: SELECT `nickname` FROM `yp_user_info` LIMIT 1   [ RunTime:0.0002s ]
SQL: SHOW COLUMNS FROM `yp_role` [ RunTime:0.0004s ]
SQL: SELECT `role_name` FROM `yp_role` WHERE `role_id` = 1 LIMIT 1   [ RunTime:0.0002s ]
INFO: [ view_parse ] --START--
INFO: [ template_filter ] --START--
INFO: Run Behavior\ContentReplaceBehavior [ RunTime:0.000073s ]
INFO: [ template_filter ] --END-- [ RunTime:0.000108s ]
INFO: Run Behavior\ParseTemplateBehavior [ RunTime:0.006105s ]
INFO: [ view_parse ] --END-- [ RunTime:0.006140s ]
INFO: [ view_filter ] --START--
INFO: Run Behavior\WriteHtmlCacheBehavior [ RunTime:0.000105s ]
INFO: [ view_filter ] --END-- [ RunTime:0.000127s ]
INFO: [ app_end ] --START--
INFO: Run Behavior\ShowPageTraceBehavior [ RunTime:0.000451s ]
INFO: [ app_end ] --END-- [ RunTime:0.000509s ]

[ 2016-05-06T12:26:22+08:00 ] 127.0.0.1 /index.php/Admin/Admin/index1
INFO: [ app_init ] --START--
INFO: Run Behavior\BuildLiteBehavior [ RunTime:0.000010s ]
INFO: [ app_init ] --END-- [ RunTime:0.000213s ]
INFO: [ app_begin ] --START--
INFO: Run Behavior\ReadHtmlCacheBehavior [ RunTime:0.000264s ]
INFO: [ app_begin ] --END-- [ RunTime:0.000298s ]
SQL: SHOW COLUMNS FROM `yp_article` [ RunTime:0.0005s ]
SQL: SELECT * FROM `yp_article` ORDER BY article_id desc LIMIT 10   [ RunTime:0.0026s ]
SQL: SHOW COLUMNS FROM `yp_message` [ RunTime:0.0005s ]
SQL: SELECT * FROM `yp_message` ORDER BY message_id desc LIMIT 8   [ RunTime:0.0002s ]
INFO: [ view_parse ] --START--
INFO: [ template_filter ] --START--
INFO: Run Behavior\ContentReplaceBehavior [ RunTime:0.000050s ]
INFO: [ template_filter ] --END-- [ RunTime:0.000088s ]
INFO: Run Behavior\ParseTemplateBehavior [ RunTime:0.006091s ]
INFO: [ view_parse ] --END-- [ RunTime:0.006138s ]
INFO: [ view_filter ] --START--
INFO: Run Behavior\WriteHtmlCacheBehavior [ RunTime:0.000108s ]
INFO: [ view_filter ] --END-- [ RunTime:0.000133s ]
INFO: [ app_end ] --START--
INFO: Run Behavior\ShowPageTraceBehavior [ RunTime:0.000341s ]
INFO: [ app_end ] --END-- [ RunTime:0.000388s ]

[ 2016-05-06T12:26:24+08:00 ] 127.0.0.1 /index.php/admin/admin/admin
INFO: [ app_init ] --START--
INFO: Run Behavior\BuildLiteBehavior [ RunTime:0.000010s ]
INFO: [ app_init ] --END-- [ RunTime:0.000286s ]
INFO: [ app_begin ] --START--
INFO: Run Behavior\ReadHtmlCacheBehavior [ RunTime:0.000266s ]
INFO: [ app_begin ] --END-- [ RunTime:0.000296s ]
SQL: SHOW COLUMNS FROM `yp_authority` [ RunTime:0.0005s ]
SQL: SELECT `authority_id`,`authority_name`,`pid`,`url` FROM `yp_authority` WHERE `authority_id` = 1 LIMIT 1   [ RunTime:0.0002s ]
SQL: SELECT `authority_id`,`authority_name`,`pid`,`url` FROM `yp_authority` WHERE `authority_id` = 2 LIMIT 1   [ RunTime:0.0003s ]
SQL: SELECT `authority_id`,`authority_name`,`pid`,`url` FROM `yp_authority` WHERE `authority_id` = 3 LIMIT 1   [ RunTime:0.0002s ]
SQL: SELECT `authority_id`,`authority_name`,`pid`,`url` FROM `yp_authority` WHERE `authority_id` = 4 LIMIT 1   [ RunTime:0.0002s ]
SQL: SELECT `authority_id`,`authority_name`,`pid`,`url` FROM `yp_authority` WHERE `authority_id` = 5 LIMIT 1   [ RunTime:0.0002s ]
SQL: SELECT `authority_id`,`authority_name`,`pid`,`url` FROM `yp_authority` WHERE `authority_id` = 6 LIMIT 1   [ RunTime:0.0002s ]
SQL: SELECT `authority_id`,`authority_name`,`pid`,`url` FROM `yp_authority` WHERE `authority_id` = 8 LIMIT 1   [ RunTime:0.0002s ]
SQL: SELECT `authority_id`,`authority_name`,`pid`,`url` FROM `yp_authority` WHERE `authority_id` = 9 LIMIT 1   [ RunTime:0.0002s ]
SQL: SELECT `authority_id`,`authority_name`,`pid`,`url` FROM `yp_authority` WHERE `authority_id` = 10 LIMIT 1   [ RunTime:0.0002s ]
SQL: SELECT `authority_id`,`authority_name`,`pid`,`url` FROM `yp_authority` WHERE `authority_id` = 11 LIMIT 1   [ RunTime:0.0002s ]
SQL: SELECT `authority_id`,`authority_name`,`pid`,`url` FROM `yp_authority` WHERE `authority_id` = 12 LIMIT 1   [ RunTime:0.0002s ]
SQL: SHOW COLUMNS FROM `yp_user` [ RunTime:0.0005s ]
SQL: SELECT `user_name`,`user_role` FROM `yp_user` WHERE `user_id` = 1 LIMIT 1   [ RunTime:0.0002s ]
SQL: SHOW COLUMNS FROM `yp_user_info` [ RunTime:0.0004s ]
SQL: SELECT `nickname` FROM `yp_user_info` LIMIT 1   [ RunTime:0.0002s ]
SQL: SHOW COLUMNS FROM `yp_role` [ RunTime:0.0004s ]
SQL: SELECT `role_name` FROM `yp_role` WHERE `role_id` = 1 LIMIT 1   [ RunTime:0.0002s ]
INFO: [ view_parse ] --START--
INFO: [ template_filter ] --START--
INFO: Run Behavior\ContentReplaceBehavior [ RunTime:0.000070s ]
INFO: [ template_filter ] --END-- [ RunTime:0.000105s ]
INFO: Run Behavior\ParseTemplateBehavior [ RunTime:0.005858s ]
INFO: [ view_parse ] --END-- [ RunTime:0.005890s ]
INFO: [ view_filter ] --START--
INFO: Run Behavior\WriteHtmlCacheBehavior [ RunTime:0.000095s ]
INFO: [ view_filter ] --END-- [ RunTime:0.000118s ]
INFO: [ app_end ] --START--
INFO: Run Behavior\ShowPageTraceBehavior [ RunTime:0.000474s ]
INFO: [ app_end ] --END-- [ RunTime:0.000515s ]

[ 2016-05-06T12:26:24+08:00 ] 127.0.0.1 /index.php/Admin/Admin/index1
INFO: [ app_init ] --START--
INFO: Run Behavior\BuildLiteBehavior [ RunTime:0.000011s ]
INFO: [ app_init ] --END-- [ RunTime:0.000234s ]
INFO: [ app_begin ] --START--
INFO: Run Behavior\ReadHtmlCacheBehavior [ RunTime:0.000306s ]
INFO: [ app_begin ] --END-- [ RunTime:0.000348s ]
SQL: SHOW COLUMNS FROM `yp_article` [ RunTime:0.0006s ]
SQL: SELECT * FROM `yp_article` ORDER BY article_id desc LIMIT 10   [ RunTime:0.0032s ]
SQL: SHOW COLUMNS FROM `yp_message` [ RunTime:0.0004s ]
SQL: SELECT * FROM `yp_message` ORDER BY message_id desc LIMIT 8   [ RunTime:0.0003s ]
INFO: [ view_parse ] --START--
INFO: [ template_filter ] --START--
INFO: Run Behavior\ContentReplaceBehavior [ RunTime:0.000055s ]
INFO: [ template_filter ] --END-- [ RunTime:0.000100s ]
INFO: Run Behavior\ParseTemplateBehavior [ RunTime:0.006187s ]
INFO: [ view_parse ] --END-- [ RunTime:0.006244s ]
INFO: [ view_filter ] --START--
INFO: Run Behavior\WriteHtmlCacheBehavior [ RunTime:0.000125s ]
INFO: [ view_filter ] --END-- [ RunTime:0.000151s ]
INFO: [ app_end ] --START--
INFO: Run Behavior\ShowPageTraceBehavior [ RunTime:0.000427s ]
INFO: [ app_end ] --END-- [ RunTime:0.000487s ]

[ 2016-05-06T13:35:03+08:00 ] 127.0.0.1 /index.php/Admin/Category/index?v=4.0
INFO: [ app_init ] --START--
INFO: Run Behavior\BuildLiteBehavior [ RunTime:0.000010s ]
INFO: [ app_init ] --END-- [ RunTime:0.000229s ]
INFO: [ app_begin ] --START--
INFO: Run Behavior\ReadHtmlCacheBehavior [ RunTime:0.000337s ]
INFO: [ app_begin ] --END-- [ RunTime:0.000386s ]
SQL: SHOW COLUMNS FROM `yp_category` [ RunTime:0.0006s ]
NOTIC: [8] Undefined variable: error /Users/just/git/xy/Application/Library/Web.class.php 第 43 行.
SQL: SHOW COLUMNS FROM `yp_category` [ RunTime:0.0006s ]
SQL: SELECT * FROM `yp_category` WHERE ( 1 )  [ RunTime:0.0004s ]
INFO: [ view_parse ] --START--
INFO: [ template_filter ] --START--
INFO: Run Behavior\ContentReplaceBehavior [ RunTime:0.000104s ]
INFO: [ template_filter ] --END-- [ RunTime:0.000172s ]
INFO: Run Behavior\ParseTemplateBehavior [ RunTime:0.015187s ]
INFO: [ view_parse ] --END-- [ RunTime:0.015252s ]
INFO: [ view_filter ] --START--
INFO: Run Behavior\WriteHtmlCacheBehavior [ RunTime:0.000190s ]
INFO: [ view_filter ] --END-- [ RunTime:0.000231s ]
INFO: [ app_end ] --START--
INFO: Run Behavior\ShowPageTraceBehavior [ RunTime:0.000618s ]
INFO: [ app_end ] --END-- [ RunTime:0.000672s ]

[ 2016-05-06T13:35:04+08:00 ] 127.0.0.1 /index.php/Admin/Category/add
INFO: [ app_init ] --START--
INFO: Run Behavior\BuildLiteBehavior [ RunTime:0.000009s ]
INFO: [ app_init ] --END-- [ RunTime:0.000207s ]
INFO: [ app_begin ] --START--
INFO: Run Behavior\ReadHtmlCacheBehavior [ RunTime:0.000254s ]
INFO: [ app_begin ] --END-- [ RunTime:0.000284s ]
SQL: SHOW COLUMNS FROM `yp_category` [ RunTime:0.0005s ]
NOTIC: [8] Undefined variable: error /Users/just/git/xy/Application/Library/Web.class.php 第 43 行.
SQL: SHOW COLUMNS FROM `yp_category` [ RunTime:0.0007s ]
SQL: SELECT * FROM `yp_category` WHERE ( 1 )  [ RunTime:0.0005s ]
INFO: [ view_parse ] --START--
INFO: [ template_filter ] --START--
INFO: Run Behavior\ContentReplaceBehavior [ RunTime:0.000060s ]
INFO: [ template_filter ] --END-- [ RunTime:0.000106s ]
INFO: Run Behavior\ParseTemplateBehavior [ RunTime:0.007846s ]
INFO: [ view_parse ] --END-- [ RunTime:0.007886s ]
INFO: [ view_filter ] --START--
INFO: Run Behavior\WriteHtmlCacheBehavior [ RunTime:0.000097s ]
INFO: [ view_filter ] --END-- [ RunTime:0.000119s ]
INFO: [ app_end ] --START--
INFO: Run Behavior\ShowPageTraceBehavior [ RunTime:0.000266s ]
INFO: [ app_end ] --END-- [ RunTime:0.000291s ]

[ 2016-05-06T13:35:19+08:00 ] 127.0.0.1 /index.php/Admin/Category/add
INFO: [ app_init ] --START--
INFO: Run Behavior\BuildLiteBehavior [ RunTime:0.000011s ]
INFO: [ app_init ] --END-- [ RunTime:0.000238s ]
INFO: [ app_begin ] --START--
INFO: Run Behavior\ReadHtmlCacheBehavior [ RunTime:0.000257s ]
INFO: [ app_begin ] --END-- [ RunTime:0.000291s ]
SQL: SHOW COLUMNS FROM `yp_category` [ RunTime:0.0004s ]
NOTIC: [8] Undefined index: validate /Users/just/git/xy/ThinkPHP/Library/Think/Model.class.php 第 1185 行.
INFO: [ view_parse ] --START--
INFO: [ template_filter ] --START--
INFO: Run Behavior\ContentReplaceBehavior [ RunTime:0.000032s ]
INFO: [ template_filter ] --END-- [ RunTime:0.000070s ]
INFO: Run Behavior\ParseTemplateBehavior [ RunTime:0.009574s ]
INFO: [ view_parse ] --END-- [ RunTime:0.009629s ]
INFO: [ view_filter ] --START--
INFO: Run Behavior\WriteHtmlCacheBehavior [ RunTime:0.000166s ]
INFO: [ view_filter ] --END-- [ RunTime:0.000206s ]

[ 2016-05-06T13:35:22+08:00 ] 127.0.0.1 /index.php/Admin/Category/add
INFO: [ app_init ] --START--
INFO: Run Behavior\BuildLiteBehavior [ RunTime:0.000008s ]
INFO: [ app_init ] --END-- [ RunTime:0.000203s ]
INFO: [ app_begin ] --START--
INFO: Run Behavior\ReadHtmlCacheBehavior [ RunTime:0.000245s ]
INFO: [ app_begin ] --END-- [ RunTime:0.000276s ]
SQL: SHOW COLUMNS FROM `yp_category` [ RunTime:0.0005s ]
NOTIC: [8] Undefined variable: error /Users/just/git/xy/Application/Library/Web.class.php 第 43 行.
SQL: SHOW COLUMNS FROM `yp_category` [ RunTime:0.0008s ]
SQL: SELECT * FROM `yp_category` WHERE ( 1 )  [ RunTime:0.0003s ]
INFO: [ view_parse ] --START--
INFO: [ template_filter ] --START--
INFO: Run Behavior\ContentReplaceBehavior [ RunTime:0.000045s ]
INFO: [ template_filter ] --END-- [ RunTime:0.000080s ]
INFO: Run Behavior\ParseTemplateBehavior [ RunTime:0.003964s ]
INFO: [ view_parse ] --END-- [ RunTime:0.004000s ]
INFO: [ view_filter ] --START--
INFO: Run Behavior\WriteHtmlCacheBehavior [ RunTime:0.000091s ]
INFO: [ view_filter ] --END-- [ RunTime:0.000114s ]
INFO: [ app_end ] --START--
INFO: Run Behavior\ShowPageTraceBehavior [ RunTime:0.000263s ]
INFO: [ app_end ] --END-- [ RunTime:0.000288s ]

[ 2016-05-06T13:35:29+08:00 ] 127.0.0.1 /index.php/Admin/Category/add
INFO: [ app_init ] --START--
INFO: Run Behavior\BuildLiteBehavior [ RunTime:0.000009s ]
INFO: [ app_init ] --END-- [ RunTime:0.000198s ]
INFO: [ app_begin ] --START--
INFO: Run Behavior\ReadHtmlCacheBehavior [ RunTime:0.000243s ]
INFO: [ app_begin ] --END-- [ RunTime:0.000275s ]
SQL: SHOW COLUMNS FROM `yp_category` [ RunTime:0.0005s ]
NOTIC: [8] Undefined index: validate /Users/just/git/xy/ThinkPHP/Library/Think/Model.class.php 第 1185 行.
NOTIC: [8] Undefined index: auto /Users/just/git/xy/ThinkPHP/Library/Think/Model.class.php 第 1128 行.
SQL: SELECT * FROM `yp_category` WHERE `cat_name` = 'aa' LIMIT 1   [ RunTime:0.0004s ]
SQL: INSERT INTO `yp_category` (`url`,`cat_name`,`cat_pid`,`cat_desc`,`sort_order`,`is_show`) VALUES ('/Admin/Login/Login','aa','0','aaa','50','0') [ RunTime:0.0057s ]
INFO: [ view_parse ] --START--
INFO: [ template_filter ] --START--
INFO: Run Behavior\ContentReplaceBehavior [ RunTime:0.000033s ]
INFO: [ template_filter ] --END-- [ RunTime:0.000071s ]
INFO: Run Behavior\ParseTemplateBehavior [ RunTime:0.006521s ]
INFO: [ view_parse ] --END-- [ RunTime:0.006560s ]
INFO: [ view_filter ] --START--
INFO: Run Behavior\WriteHtmlCacheBehavior [ RunTime:0.000102s ]
INFO: [ view_filter ] --END-- [ RunTime:0.000124s ]

[ 2016-05-06T13:35:30+08:00 ] 127.0.0.1 /index.php/Admin/Category/index.html
INFO: [ app_init ] --START--
INFO: Run Behavior\BuildLiteBehavior [ RunTime:0.000013s ]
INFO: [ app_init ] --END-- [ RunTime:0.000320s ]
INFO: [ app_begin ] --START--
INFO: Run Behavior\ReadHtmlCacheBehavior [ RunTime:0.000333s ]
INFO: [ app_begin ] --END-- [ RunTime:0.000374s ]
SQL: SHOW COLUMNS FROM `yp_category` [ RunTime:0.0004s ]
NOTIC: [8] Undefined variable: error /Users/just/git/xy/Application/Library/Web.class.php 第 43 行.
SQL: SHOW COLUMNS FROM `yp_category` [ RunTime:0.0004s ]
SQL: SELECT * FROM `yp_category` WHERE ( 1 )  [ RunTime:0.0003s ]
INFO: [ view_parse ] --START--
INFO: [ template_filter ] --START--
INFO: Run Behavior\ContentReplaceBehavior [ RunTime:0.000072s ]
INFO: [ template_filter ] --END-- [ RunTime:0.000108s ]
INFO: Run Behavior\ParseTemplateBehavior [ RunTime:0.007998s ]
INFO: [ view_parse ] --END-- [ RunTime:0.008076s ]
INFO: [ view_filter ] --START--
INFO: Run Behavior\WriteHtmlCacheBehavior [ RunTime:0.000164s ]
INFO: [ view_filter ] --END-- [ RunTime:0.000201s ]
INFO: [ app_end ] --START--
INFO: Run Behavior\ShowPageTraceBehavior [ RunTime:0.000585s ]
INFO: [ app_end ] --END-- [ RunTime:0.000640s ]

[ 2016-05-06T13:36:27+08:00 ] 127.0.0.1 /index.php/Admin/Category/index.html
INFO: [ app_init ] --START--
INFO: Run Behavior\BuildLiteBehavior [ RunTime:0.000008s ]
INFO: [ app_init ] --END-- [ RunTime:0.000196s ]
INFO: [ app_begin ] --START--
INFO: Run Behavior\ReadHtmlCacheBehavior [ RunTime:0.000241s ]
INFO: [ app_begin ] --END-- [ RunTime:0.000270s ]
SQL: SHOW COLUMNS FROM `yp_category` [ RunTime:0.0004s ]
NOTIC: [8] Undefined variable: error /Users/just/git/xy/Application/Library/Web.class.php 第 43 行.
SQL: SHOW COLUMNS FROM `yp_category` [ RunTime:0.0004s ]
SQL: SELECT * FROM `yp_category` WHERE ( 1 )  [ RunTime:0.0003s ]

[ 2016-05-06T13:36:28+08:00 ] 127.0.0.1 /index.php/Admin/Category/edit/id/12
INFO: [ app_init ] --START--
INFO: Run Behavior\BuildLiteBehavior [ RunTime:0.000009s ]
INFO: [ app_init ] --END-- [ RunTime:0.000200s ]
INFO: [ app_begin ] --START--
INFO: Run Behavior\ReadHtmlCacheBehavior [ RunTime:0.000381s ]
INFO: [ app_begin ] --END-- [ RunTime:0.000423s ]
SQL: SHOW COLUMNS FROM `yp_category` [ RunTime:0.0004s ]
NOTIC: [8] Undefined variable: error /Users/just/git/xy/Application/Library/Web.class.php 第 43 行.
SQL: SHOW COLUMNS FROM `yp_category` [ RunTime:0.0004s ]
SQL: SELECT * FROM `yp_category` WHERE ( 1 )  [ RunTime:0.0003s ]
SQL: SELECT * FROM `yp_category` WHERE `cat_id` = 12 LIMIT 1   [ RunTime:0.0003s ]
INFO: [ view_parse ] --START--
INFO: [ template_filter ] --START--
INFO: Run Behavior\ContentReplaceBehavior [ RunTime:0.000049s ]
INFO: [ template_filter ] --END-- [ RunTime:0.000085s ]
INFO: Run Behavior\ParseTemplateBehavior [ RunTime:0.006687s ]
INFO: [ view_parse ] --END-- [ RunTime:0.006721s ]
INFO: [ view_filter ] --START--
INFO: Run Behavior\WriteHtmlCacheBehavior [ RunTime:0.000091s ]
INFO: [ view_filter ] --END-- [ RunTime:0.000112s ]
INFO: [ app_end ] --START--
INFO: Run Behavior\ShowPageTraceBehavior [ RunTime:0.000392s ]
INFO: [ app_end ] --END-- [ RunTime:0.000430s ]

[ 2016-05-06T13:36:39+08:00 ] 127.0.0.1 /index.php/Admin/Category/edit/id/12
INFO: [ app_init ] --START--
INFO: Run Behavior\BuildLiteBehavior [ RunTime:0.000009s ]
INFO: [ app_init ] --END-- [ RunTime:0.000226s ]
INFO: [ app_begin ] --START--
INFO: Run Behavior\ReadHtmlCacheBehavior [ RunTime:0.000289s ]
INFO: [ app_begin ] --END-- [ RunTime:0.000410s ]
SQL: SHOW COLUMNS FROM `yp_category` [ RunTime:0.0007s ]
NOTIC: [8] Undefined index: validate /Users/just/git/xy/ThinkPHP/Library/Think/Model.class.php 第 1185 行.
NOTIC: [8] Undefined index: auto /Users/just/git/xy/ThinkPHP/Library/Think/Model.class.php 第 1128 行.
NOTIC: [8] Undefined variable: error /Users/just/git/xy/Application/Library/Web.class.php 第 43 行.
SQL: SHOW COLUMNS FROM `yp_category` [ RunTime:0.0009s ]
SQL: SELECT `cat_id`,`cat_name`,`cat_pid` FROM `yp_category` WHERE `is_show` = 0  [ RunTime:0.0002s ]
SQL: UPDATE `yp_category` SET `url`='/Admin/Login/Login',`cat_name`='aa1',`cat_pid`='0',`cat_desc`='aaa1',`sort_order`='50',`is_show`='0' WHERE `cat_id` = 12 [ RunTime:0.0063s ]
INFO: [ view_parse ] --START--
INFO: [ template_filter ] --START--
INFO: Run Behavior\ContentReplaceBehavior [ RunTime:0.000051s ]
INFO: [ template_filter ] --END-- [ RunTime:0.000108s ]
INFO: Run Behavior\ParseTemplateBehavior [ RunTime:0.012152s ]
INFO: [ view_parse ] --END-- [ RunTime:0.012217s ]
INFO: [ view_filter ] --START--
INFO: Run Behavior\WriteHtmlCacheBehavior [ RunTime:0.000156s ]
INFO: [ view_filter ] --END-- [ RunTime:0.000195s ]

[ 2016-05-06T13:36:40+08:00 ] 127.0.0.1 /index.php/Admin/Category/index.html
INFO: [ app_init ] --START--
INFO: Run Behavior\BuildLiteBehavior [ RunTime:0.000015s ]
INFO: [ app_init ] --END-- [ RunTime:0.000366s ]
INFO: [ app_begin ] --START--
INFO: Run Behavior\ReadHtmlCacheBehavior [ RunTime:0.000373s ]
INFO: [ app_begin ] --END-- [ RunTime:0.000426s ]
SQL: SHOW COLUMNS FROM `yp_category` [ RunTime:0.0005s ]
NOTIC: [8] Undefined variable: error /Users/just/git/xy/Application/Library/Web.class.php 第 43 行.
SQL: SHOW COLUMNS FROM `yp_category` [ RunTime:0.0005s ]
SQL: SELECT * FROM `yp_category` WHERE ( 1 )  [ RunTime:0.0004s ]
INFO: [ view_parse ] --START--
INFO: [ template_filter ] --START--
INFO: Run Behavior\ContentReplaceBehavior [ RunTime:0.000108s ]
INFO: [ template_filter ] --END-- [ RunTime:0.000167s ]
INFO: Run Behavior\ParseTemplateBehavior [ RunTime:0.007702s ]
INFO: [ view_parse ] --END-- [ RunTime:0.007764s ]
INFO: [ view_filter ] --START--
INFO: Run Behavior\WriteHtmlCacheBehavior [ RunTime:0.000135s ]
INFO: [ view_filter ] --END-- [ RunTime:0.000170s ]
INFO: [ app_end ] --START--
INFO: Run Behavior\ShowPageTraceBehavior [ RunTime:0.000542s ]
INFO: [ app_end ] --END-- [ RunTime:0.000612s ]

[ 2016-05-06T13:36:43+08:00 ] 127.0.0.1 /index.php/Admin/Category/index.html
INFO: [ app_init ] --START--
INFO: Run Behavior\BuildLiteBehavior [ RunTime:0.000013s ]
INFO: [ app_init ] --END-- [ RunTime:0.000327s ]
INFO: [ app_begin ] --START--
INFO: Run Behavior\ReadHtmlCacheBehavior [ RunTime:0.000399s ]
INFO: [ app_begin ] --END-- [ RunTime:0.000447s ]
SQL: SHOW COLUMNS FROM `yp_category` [ RunTime:0.0005s ]
NOTIC: [8] Undefined variable: error /Users/just/git/xy/Application/Library/Web.class.php 第 43 行.
SQL: SHOW COLUMNS FROM `yp_category` [ RunTime:0.0004s ]
SQL: SELECT * FROM `yp_category` WHERE ( 1 )  [ RunTime:0.0003s ]

[ 2016-05-06T13:36:53+08:00 ] 127.0.0.1 /index.php/Admin/Category/index.html
INFO: [ app_init ] --START--
INFO: Run Behavior\BuildLiteBehavior [ RunTime:0.000009s ]
INFO: [ app_init ] --END-- [ RunTime:0.000203s ]
INFO: [ app_begin ] --START--
INFO: Run Behavior\ReadHtmlCacheBehavior [ RunTime:0.000244s ]
INFO: [ app_begin ] --END-- [ RunTime:0.000273s ]
SQL: SHOW COLUMNS FROM `yp_category` [ RunTime:0.0004s ]
NOTIC: [8] Undefined variable: error /Users/just/git/xy/Application/Library/Web.class.php 第 43 行.
SQL: SHOW COLUMNS FROM `yp_category` [ RunTime:0.0004s ]
SQL: SELECT * FROM `yp_category` WHERE ( 1 )  [ RunTime:0.0003s ]

[ 2016-05-06T13:37:11+08:00 ] 127.0.0.1 /index.php/Admin/Source/index?v=4.0
INFO: [ app_init ] --START--
INFO: Run Behavior\BuildLiteBehavior [ RunTime:0.000011s ]
INFO: [ app_init ] --END-- [ RunTime:0.000248s ]
INFO: [ app_begin ] --START--
INFO: Run Behavior\ReadHtmlCacheBehavior [ RunTime:0.000315s ]
INFO: [ app_begin ] --END-- [ RunTime:0.000363s ]
SQL: SHOW COLUMNS FROM `yp_source` [ RunTime:0.0005s ]
SQL: SELECT * FROM `yp_source`  [ RunTime:0.0002s ]
INFO: [ view_parse ] --START--
INFO: [ template_filter ] --START--
INFO: Run Behavior\ContentReplaceBehavior [ RunTime:0.000086s ]
INFO: [ template_filter ] --END-- [ RunTime:0.000127s ]
INFO: Run Behavior\ParseTemplateBehavior [ RunTime:0.018393s ]
INFO: [ view_parse ] --END-- [ RunTime:0.018518s ]
INFO: [ view_filter ] --START--
INFO: Run Behavior\WriteHtmlCacheBehavior [ RunTime:0.001239s ]
INFO: [ view_filter ] --END-- [ RunTime:0.001297s ]
INFO: [ app_end ] --START--
INFO: Run Behavior\ShowPageTraceBehavior [ RunTime:0.001392s ]
INFO: [ app_end ] --END-- [ RunTime:0.001476s ]

